14:41:50.498 [restartedMain] INFO  src.main.utweb.UTApplication - Starting UTApplication on 160479-Wn10-JP with PID 12864 (F:\unrestrained-travel\target\classes started by wangxian in F:\unrestrained-travel) 
14:41:50.546 [restartedMain] INFO  src.main.utweb.UTApplication - No active profile set, falling back to default profiles: default 
14:41:50.982 [restartedMain] INFO  o.s.b.c.e.AnnotationConfigEmbeddedWebApplicationContext - Refreshing org.springframework.boot.context.embedded.AnnotationConfigEmbeddedWebApplicationContext@40a22ab6: startup date [Fri Jun 22 14:41:50 CST 2018]; root of context hierarchy 
14:41:52.758 [restartedMain] INFO  o.s.b.c.e.t.TomcatEmbeddedServletContainer - Tomcat initialized with port(s): 8080 (http) 
14:41:52.772 [restartedMain] INFO  o.a.catalina.core.StandardService - Starting service Tomcat 
14:41:52.773 [restartedMain] INFO  o.a.catalina.core.StandardEngine - Starting Servlet Engine: Apache Tomcat/8.5.14 
14:41:52.896 [localhost-startStop-1] INFO  o.a.c.c.C.[Tomcat].[localhost].[/] - Initializing Spring embedded WebApplicationContext 
14:41:52.896 [localhost-startStop-1] INFO  o.s.web.context.ContextLoader - Root WebApplicationContext: initialization completed in 1914 ms 
14:41:53.112 [localhost-startStop-1] INFO  o.s.b.w.s.FilterRegistrationBean - Mapping filter: 'characterEncodingFilter' to: [/*] 
14:41:53.113 [localhost-startStop-1] INFO  o.s.b.w.s.FilterRegistrationBean - Mapping filter: 'hiddenHttpMethodFilter' to: [/*] 
14:41:53.113 [localhost-startStop-1] INFO  o.s.b.w.s.FilterRegistrationBean - Mapping filter: 'httpPutFormContentFilter' to: [/*] 
14:41:53.113 [localhost-startStop-1] INFO  o.s.b.w.s.FilterRegistrationBean - Mapping filter: 'requestContextFilter' to: [/*] 
14:41:53.114 [localhost-startStop-1] INFO  o.s.b.w.s.FilterRegistrationBean - Mapping filter: 'sessionFilter' to urls: [*.do] 
14:41:53.114 [localhost-startStop-1] INFO  o.s.b.w.s.ServletRegistrationBean - Mapping servlet: 'dispatcherServlet' to [/] 
14:41:54.011 [restartedMain] INFO  o.s.w.s.m.m.a.RequestMappingHandlerAdapter - Looking for @ControllerAdvice: org.springframework.boot.context.embedded.AnnotationConfigEmbeddedWebApplicationContext@40a22ab6: startup date [Fri Jun 22 14:41:50 CST 2018]; root of context hierarchy 
14:41:54.103 [restartedMain] INFO  o.s.w.s.m.m.a.RequestMappingHandlerMapping - Mapped "{[/activate]}" onto public java.lang.String src.main.utweb.controller.ActivateController.activate() 
14:41:54.105 [restartedMain] INFO  o.s.w.s.m.m.a.RequestMappingHandlerMapping - Mapped "{[/doActivate]}" onto public src.main.utweb.server.dto.ResultDto src.main.utweb.controller.ActivateController.doActivate(java.lang.String,java.lang.String) 
14:41:54.106 [restartedMain] INFO  o.s.w.s.m.m.a.RequestMappingHandlerMapping - Mapped "{[/changeNoticeUseFlag]}" onto public src.main.utweb.server.dto.ResultDto src.main.utweb.controller.CommonController.changeNoticeUseFlag(java.lang.String) 
14:41:54.107 [restartedMain] INFO  o.s.w.s.m.m.a.RequestMappingHandlerMapping - Mapped "{[/deleteAllNotice]}" onto public src.main.utweb.server.dto.ResultDto src.main.utweb.controller.CommonController.deleteAllNotice(java.lang.String) 
14:41:54.107 [restartedMain] INFO  o.s.w.s.m.m.a.RequestMappingHandlerMapping - Mapped "{[/getNotification]}" onto public src.main.utweb.server.dto.ResultDto src.main.utweb.controller.CommonController.getNotification(java.lang.String) 
14:41:54.107 [restartedMain] INFO  o.s.w.s.m.m.a.RequestMappingHandlerMapping - Mapped "{[/delSession]}" onto public java.lang.String src.main.utweb.controller.CommonController.delSession(javax.servlet.http.HttpServletRequest,javax.servlet.http.HttpServletResponse) 
14:41:54.107 [restartedMain] INFO  o.s.w.s.m.m.a.RequestMappingHandlerMapping - Mapped "{[/getAllUserInfo]}" onto public src.main.utweb.server.dto.ResultDto src.main.utweb.controller.CommonController.getAllUserInfo() 
14:41:54.108 [restartedMain] INFO  o.s.w.s.m.m.a.RequestMappingHandlerMapping - Mapped "{[/getSession]}" onto public src.main.utweb.server.dto.CurrentSessionDto src.main.utweb.controller.CommonController.getSession(javax.servlet.http.HttpServletRequest,javax.servlet.http.HttpServletResponse) 
14:41:54.110 [restartedMain] INFO  o.s.w.s.m.m.a.RequestMappingHandlerMapping - Mapped "{[/index]}" onto public java.lang.String src.main.utweb.controller.IndexController.login() 
14:41:54.110 [restartedMain] INFO  o.s.w.s.m.m.a.RequestMappingHandlerMapping - Mapped "{[/index/content_list]}" onto public src.main.utweb.server.dto.ResultDto src.main.utweb.controller.IndexController.content_list(java.lang.String,java.lang.String) 
14:41:54.113 [restartedMain] INFO  o.s.w.s.m.m.a.RequestMappingHandlerMapping - Mapped "{[/login]}" onto public java.lang.String src.main.utweb.controller.LoginController.login() 
14:41:54.114 [restartedMain] INFO  o.s.w.s.m.m.a.RequestMappingHandlerMapping - Mapped "{[/login/doSignIn]}" onto public src.main.utweb.server.dto.ResultDto src.main.utweb.controller.LoginController.doSignIn(javax.servlet.http.HttpServletRequest,javax.servlet.http.HttpServletResponse,java.lang.String,java.lang.String,java.lang.String) throws java.io.IOException 
14:41:54.114 [restartedMain] INFO  o.s.w.s.m.m.a.RequestMappingHandlerMapping - Mapped "{[/login/buildImage]}" onto public void src.main.utweb.controller.LoginController.buildImage(javax.servlet.http.HttpServletRequest,javax.servlet.http.HttpServletResponse,javax.servlet.http.HttpSession) throws java.io.IOException 
14:41:54.115 [restartedMain] INFO  o.s.w.s.m.m.a.RequestMappingHandlerMapping - Mapped "{[/newSubject.do]}" onto public java.lang.String src.main.utweb.controller.NewSubjectController.creatNewSubject() 
14:41:54.115 [restartedMain] INFO  o.s.w.s.m.m.a.RequestMappingHandlerMapping - Mapped "{[/creatNewSubject]}" onto public src.main.utweb.server.dto.ResultDto src.main.utweb.controller.NewSubjectController.creatNewSubject(java.lang.String,java.lang.String,java.lang.String,java.lang.String) 
14:41:54.118 [restartedMain] INFO  o.s.w.s.m.m.a.RequestMappingHandlerMapping - Mapped "{[/getPersonalSubject]}" onto public src.main.utweb.server.dto.ResultDto src.main.utweb.controller.personalCenterController.getPersonalSubject(java.lang.String) 
14:41:54.118 [restartedMain] INFO  o.s.w.s.m.m.a.RequestMappingHandlerMapping - Mapped "{[/getUserInfoByLoginName]}" onto public src.main.utweb.server.dto.ResultDto src.main.utweb.controller.personalCenterController.getUserInfoByLoginName(java.lang.String) 
14:41:54.119 [restartedMain] INFO  o.s.w.s.m.m.a.RequestMappingHandlerMapping - Mapped "{[/changeUserImg]}" onto public src.main.utweb.server.dto.ResultDto src.main.utweb.controller.personalCenterController.changeUserImg(javax.servlet.http.HttpServletRequest,java.lang.String,java.lang.String) 
14:41:54.119 [restartedMain] INFO  o.s.w.s.m.m.a.RequestMappingHandlerMapping - Mapped "{[/getPersonalReply]}" onto public src.main.utweb.server.dto.ResultDto src.main.utweb.controller.personalCenterController.getPersonalReply(java.lang.String) 
14:41:54.120 [restartedMain] INFO  o.s.w.s.m.m.a.RequestMappingHandlerMapping - Mapped "{[/personalCenter.do]}" onto public java.lang.String src.main.utweb.controller.personalCenterController.personalCenter() 
14:41:54.121 [restartedMain] INFO  o.s.w.s.m.m.a.RequestMappingHandlerMapping - Mapped "{[/register]}" onto public java.lang.String src.main.utweb.controller.RegisterController.register() 
14:41:54.121 [restartedMain] INFO  o.s.w.s.m.m.a.RequestMappingHandlerMapping - Mapped "{[/register/doSignUp]}" onto public src.main.utweb.server.dto.ResultDto src.main.utweb.controller.RegisterController.doSignUp(java.lang.String,java.lang.String,java.lang.String,java.lang.String) 
14:41:54.122 [restartedMain] INFO  o.s.w.s.m.m.a.RequestMappingHandlerMapping - Mapped "{[/getReplyInfo]}" onto public src.main.utweb.server.dto.ResultDto src.main.utweb.controller.SubjectContentController.getReplyInfo(java.lang.String) 
14:41:54.122 [restartedMain] INFO  o.s.w.s.m.m.a.RequestMappingHandlerMapping - Mapped "{[/addReplyContent]}" onto public src.main.utweb.server.dto.ResultDto src.main.utweb.controller.SubjectContentController.addReplyContent(java.lang.String,java.lang.String,java.lang.String,java.lang.String,java.lang.String,java.lang.String,java.lang.String) 
14:41:54.123 [restartedMain] INFO  o.s.w.s.m.m.a.RequestMappingHandlerMapping - Mapped "{[/getSubjectInfo]}" onto public src.main.utweb.server.dto.ResultDto src.main.utweb.controller.SubjectContentController.getSubjectInfo(java.lang.String) 
14:41:54.123 [restartedMain] INFO  o.s.w.s.m.m.a.RequestMappingHandlerMapping - Mapped "{[/subjectContent.do]}" onto public java.lang.String src.main.utweb.controller.SubjectContentController.creatNewSubject() 
14:41:54.126 [restartedMain] INFO  o.s.w.s.m.m.a.RequestMappingHandlerMapping - Mapped "{[/error]}" onto public org.springframework.http.ResponseEntity<java.util.Map<java.lang.String, java.lang.Object>> org.springframework.boot.autoconfigure.web.BasicErrorController.error(javax.servlet.http.HttpServletRequest) 
14:41:54.126 [restartedMain] INFO  o.s.w.s.m.m.a.RequestMappingHandlerMapping - Mapped "{[/error],produces=[text/html]}" onto public org.springframework.web.servlet.ModelAndView org.springframework.boot.autoconfigure.web.BasicErrorController.errorHtml(javax.servlet.http.HttpServletRequest,javax.servlet.http.HttpServletResponse) 
14:41:54.178 [restartedMain] INFO  o.s.w.s.h.SimpleUrlHandlerMapping - Mapped URL path [/webjars/**] onto handler of type [class org.springframework.web.servlet.resource.ResourceHttpRequestHandler] 
14:41:54.179 [restartedMain] INFO  o.s.w.s.h.SimpleUrlHandlerMapping - Mapped URL path [/**] onto handler of type [class org.springframework.web.servlet.resource.ResourceHttpRequestHandler] 
14:41:54.242 [restartedMain] INFO  o.s.w.s.h.SimpleUrlHandlerMapping - Mapped URL path [/**/favicon.ico] onto handler of type [class org.springframework.web.servlet.resource.ResourceHttpRequestHandler] 
14:41:55.436 [restartedMain] INFO  o.s.b.d.a.OptionalLiveReloadServer - LiveReload server is running on port 35729 
14:41:55.504 [restartedMain] INFO  o.s.j.e.a.AnnotationMBeanExporter - Registering beans for JMX exposure on startup 
14:41:55.524 [restartedMain] INFO  o.s.s.a.ScheduledAnnotationBeanPostProcessor - No TaskScheduler/ScheduledExecutorService bean found for scheduled processing 
14:41:55.607 [restartedMain] INFO  o.s.b.c.e.t.TomcatEmbeddedServletContainer - Tomcat started on port(s): 8080 (http) 
14:41:55.613 [restartedMain] INFO  src.main.utweb.UTApplication - Started UTApplication in 5.57 seconds (JVM running for 6.963) 
14:43:59.190 [http-nio-8080-exec-1] INFO  o.a.c.c.C.[Tomcat].[localhost].[/] - Initializing Spring FrameworkServlet 'dispatcherServlet' 
14:43:59.190 [http-nio-8080-exec-1] INFO  o.s.web.servlet.DispatcherServlet - FrameworkServlet 'dispatcherServlet': initialization started 
14:43:59.218 [http-nio-8080-exec-1] INFO  o.s.web.servlet.DispatcherServlet - FrameworkServlet 'dispatcherServlet': initialization completed in 28 ms 
14:44:39.091 [http-nio-8080-exec-10] INFO  s.m.u.c.SubjectContentController - 主题内容页面加载 
14:44:39.407 [http-nio-8080-exec-8] INFO  s.m.u.c.SubjectContentController - ==========getSubjectInfo_start====== 
14:44:39.421 [http-nio-8080-exec-8] INFO  s.m.u.c.SubjectContentController - ==========getSubjectInfo_end====== 
14:44:39.478 [http-nio-8080-exec-3] INFO  s.m.u.c.SubjectContentController - ==========getReplyInfo_start====== 
14:44:39.489 [http-nio-8080-exec-3] INFO  s.m.u.c.SubjectContentController - ==========getReplyInfo_end====== 
14:44:57.327 [http-nio-8080-exec-9] INFO  s.m.u.c.personalCenterController - ==========getPersonalSubject_start====== 
14:44:57.331 [http-nio-8080-exec-9] INFO  s.m.u.c.personalCenterController - ==========getPersonalSubject_end====== 
14:44:57.339 [http-nio-8080-exec-1] INFO  s.m.u.c.personalCenterController - ==========getPersonalSubject_start====== 
14:44:57.353 [http-nio-8080-exec-1] INFO  s.m.u.c.personalCenterController - ==========getPersonalSubject_end====== 
14:45:59.184 [http-nio-8080-exec-3] INFO  s.m.u.c.SubjectContentController - 主题内容页面加载 
14:45:59.463 [http-nio-8080-exec-8] INFO  s.m.u.c.SubjectContentController - ==========getSubjectInfo_start====== 
14:45:59.465 [http-nio-8080-exec-8] INFO  s.m.u.c.SubjectContentController - ==========getSubjectInfo_end====== 
14:46:03.947 [http-nio-8080-exec-8] INFO  s.m.u.c.SubjectContentController - 主题内容页面加载 
14:46:04.199 [http-nio-8080-exec-3] INFO  s.m.u.c.SubjectContentController - ==========getSubjectInfo_start====== 
14:46:04.201 [http-nio-8080-exec-3] INFO  s.m.u.c.SubjectContentController - ==========getSubjectInfo_end====== 
14:46:04.235 [http-nio-8080-exec-1] INFO  s.m.u.c.SubjectContentController - ==========getReplyInfo_start====== 
14:46:04.237 [http-nio-8080-exec-1] INFO  s.m.u.c.SubjectContentController - ==========getReplyInfo_end====== 
14:47:05.874 [RMI TCP Connection(2)-192.168.74.208] INFO  o.s.b.a.SpringApplicationAdminMXBeanRegistrar$SpringApplicationAdmin - Application shutdown requested. 
14:47:05.874 [RMI TCP Connection(2)-192.168.74.208] INFO  o.s.b.c.e.AnnotationConfigEmbeddedWebApplicationContext - Closing org.springframework.boot.context.embedded.AnnotationConfigEmbeddedWebApplicationContext@40a22ab6: startup date [Fri Jun 22 14:41:50 CST 2018]; root of context hierarchy 
14:47:05.877 [RMI TCP Connection(2)-192.168.74.208] INFO  o.s.j.e.a.AnnotationMBeanExporter - Unregistering JMX-exposed beans on shutdown 
