15:33:34.339 [restartedMain] INFO  src.main.utweb.UTApplication - Starting UTApplication on 160479-Wn10-JP with PID 9816 (F:\unrestrained-travel\target\classes started by wangxian in F:\unrestrained-travel) 
15:33:34.343 [restartedMain] INFO  src.main.utweb.UTApplication - No active profile set, falling back to default profiles: default 
15:33:34.658 [restartedMain] INFO  o.s.b.c.e.AnnotationConfigEmbeddedWebApplicationContext - Refreshing org.springframework.boot.context.embedded.AnnotationConfigEmbeddedWebApplicationContext@40a22ab6: startup date [Wed Jun 27 15:33:34 CST 2018]; root of context hierarchy 
15:33:36.222 [restartedMain] INFO  o.s.b.c.e.t.TomcatEmbeddedServletContainer - Tomcat initialized with port(s): 8080 (http) 
15:33:36.235 [restartedMain] INFO  o.a.catalina.core.StandardService - Starting service Tomcat 
15:33:36.236 [restartedMain] INFO  o.a.catalina.core.StandardEngine - Starting Servlet Engine: Apache Tomcat/8.5.14 
15:33:36.348 [localhost-startStop-1] INFO  o.a.c.c.C.[Tomcat].[localhost].[/] - Initializing Spring embedded WebApplicationContext 
15:33:36.348 [localhost-startStop-1] INFO  o.s.web.context.ContextLoader - Root WebApplicationContext: initialization completed in 1690 ms 
15:33:36.557 [localhost-startStop-1] INFO  o.s.b.w.s.FilterRegistrationBean - Mapping filter: 'characterEncodingFilter' to: [/*] 
15:33:36.558 [localhost-startStop-1] INFO  o.s.b.w.s.FilterRegistrationBean - Mapping filter: 'hiddenHttpMethodFilter' to: [/*] 
15:33:36.558 [localhost-startStop-1] INFO  o.s.b.w.s.FilterRegistrationBean - Mapping filter: 'httpPutFormContentFilter' to: [/*] 
15:33:36.559 [localhost-startStop-1] INFO  o.s.b.w.s.FilterRegistrationBean - Mapping filter: 'requestContextFilter' to: [/*] 
15:33:36.559 [localhost-startStop-1] INFO  o.s.b.w.s.FilterRegistrationBean - Mapping filter: 'sessionFilter' to urls: [*.do] 
15:33:36.559 [localhost-startStop-1] INFO  o.s.b.w.s.ServletRegistrationBean - Mapping servlet: 'dispatcherServlet' to [/] 
15:33:37.324 [restartedMain] INFO  o.s.w.s.m.m.a.RequestMappingHandlerAdapter - Looking for @ControllerAdvice: org.springframework.boot.context.embedded.AnnotationConfigEmbeddedWebApplicationContext@40a22ab6: startup date [Wed Jun 27 15:33:34 CST 2018]; root of context hierarchy 
15:33:37.398 [restartedMain] INFO  o.s.w.s.m.m.a.RequestMappingHandlerMapping - Mapped "{[/doActivate]}" onto public src.main.utweb.server.dto.ResultDto src.main.utweb.controller.ActivateController.doActivate(java.lang.String,java.lang.String) 
15:33:37.400 [restartedMain] INFO  o.s.w.s.m.m.a.RequestMappingHandlerMapping - Mapped "{[/activate]}" onto public java.lang.String src.main.utweb.controller.ActivateController.activate() 
15:33:37.401 [restartedMain] INFO  o.s.w.s.m.m.a.RequestMappingHandlerMapping - Mapped "{[/getSession]}" onto public src.main.utweb.server.dto.CurrentSessionDto src.main.utweb.controller.CommonController.getSession(javax.servlet.http.HttpServletRequest,javax.servlet.http.HttpServletResponse) 
15:33:37.401 [restartedMain] INFO  o.s.w.s.m.m.a.RequestMappingHandlerMapping - Mapped "{[/changeNoticeUseFlag]}" onto public src.main.utweb.server.dto.ResultDto src.main.utweb.controller.CommonController.changeNoticeUseFlag(java.lang.String) 
15:33:37.402 [restartedMain] INFO  o.s.w.s.m.m.a.RequestMappingHandlerMapping - Mapped "{[/getNotification]}" onto public src.main.utweb.server.dto.ResultDto src.main.utweb.controller.CommonController.getNotification(java.lang.String) 
15:33:37.402 [restartedMain] INFO  o.s.w.s.m.m.a.RequestMappingHandlerMapping - Mapped "{[/deleteAllNotice]}" onto public src.main.utweb.server.dto.ResultDto src.main.utweb.controller.CommonController.deleteAllNotice(java.lang.String) 
15:33:37.402 [restartedMain] INFO  o.s.w.s.m.m.a.RequestMappingHandlerMapping - Mapped "{[/delSession]}" onto public java.lang.String src.main.utweb.controller.CommonController.delSession(javax.servlet.http.HttpServletRequest,javax.servlet.http.HttpServletResponse) 
15:33:37.402 [restartedMain] INFO  o.s.w.s.m.m.a.RequestMappingHandlerMapping - Mapped "{[/getAllUserInfo]}" onto public src.main.utweb.server.dto.ResultDto src.main.utweb.controller.CommonController.getAllUserInfo() 
15:33:37.404 [restartedMain] INFO  o.s.w.s.m.m.a.RequestMappingHandlerMapping - Mapped "{[/index]}" onto public java.lang.String src.main.utweb.controller.IndexController.login() 
15:33:37.404 [restartedMain] INFO  o.s.w.s.m.m.a.RequestMappingHandlerMapping - Mapped "{[/index/content_list]}" onto public src.main.utweb.server.dto.ResultDto src.main.utweb.controller.IndexController.content_list(java.lang.String,java.lang.String) 
15:33:37.405 [restartedMain] INFO  o.s.w.s.m.m.a.RequestMappingHandlerMapping - Mapped "{[/login]}" onto public java.lang.String src.main.utweb.controller.LoginController.login() 
15:33:37.406 [restartedMain] INFO  o.s.w.s.m.m.a.RequestMappingHandlerMapping - Mapped "{[/login/doSignIn]}" onto public src.main.utweb.server.dto.ResultDto src.main.utweb.controller.LoginController.doSignIn(javax.servlet.http.HttpServletRequest,javax.servlet.http.HttpServletResponse,java.lang.String,java.lang.String,java.lang.String) throws java.io.IOException 
15:33:37.406 [restartedMain] INFO  o.s.w.s.m.m.a.RequestMappingHandlerMapping - Mapped "{[/login/buildImage]}" onto public void src.main.utweb.controller.LoginController.buildImage(javax.servlet.http.HttpServletRequest,javax.servlet.http.HttpServletResponse,javax.servlet.http.HttpSession) throws java.io.IOException 
15:33:37.407 [restartedMain] INFO  o.s.w.s.m.m.a.RequestMappingHandlerMapping - Mapped "{[/newSubject.do]}" onto public java.lang.String src.main.utweb.controller.NewSubjectController.creatNewSubject() 
15:33:37.407 [restartedMain] INFO  o.s.w.s.m.m.a.RequestMappingHandlerMapping - Mapped "{[/creatNewSubject]}" onto public src.main.utweb.server.dto.ResultDto src.main.utweb.controller.NewSubjectController.creatNewSubject(java.lang.String,java.lang.String,java.lang.String,java.lang.String) 
15:33:37.409 [restartedMain] INFO  o.s.w.s.m.m.a.RequestMappingHandlerMapping - Mapped "{[/getUserInfoByLoginName]}" onto public src.main.utweb.server.dto.ResultDto src.main.utweb.controller.personalCenterController.getUserInfoByLoginName(java.lang.String) 
15:33:37.410 [restartedMain] INFO  o.s.w.s.m.m.a.RequestMappingHandlerMapping - Mapped "{[/getPersonalSubject]}" onto public src.main.utweb.server.dto.ResultDto src.main.utweb.controller.personalCenterController.getPersonalSubject(java.lang.String) 
15:33:37.410 [restartedMain] INFO  o.s.w.s.m.m.a.RequestMappingHandlerMapping - Mapped "{[/getPersonalReply]}" onto public src.main.utweb.server.dto.ResultDto src.main.utweb.controller.personalCenterController.getPersonalReply(java.lang.String) 
15:33:37.410 [restartedMain] INFO  o.s.w.s.m.m.a.RequestMappingHandlerMapping - Mapped "{[/changeUserImg]}" onto public src.main.utweb.server.dto.ResultDto src.main.utweb.controller.personalCenterController.changeUserImg(javax.servlet.http.HttpServletRequest,java.lang.String,java.lang.String) 
15:33:37.411 [restartedMain] INFO  o.s.w.s.m.m.a.RequestMappingHandlerMapping - Mapped "{[/personalCenter.do]}" onto public java.lang.String src.main.utweb.controller.personalCenterController.personalCenter() 
15:33:37.412 [restartedMain] INFO  o.s.w.s.m.m.a.RequestMappingHandlerMapping - Mapped "{[/register]}" onto public java.lang.String src.main.utweb.controller.RegisterController.register() 
15:33:37.412 [restartedMain] INFO  o.s.w.s.m.m.a.RequestMappingHandlerMapping - Mapped "{[/register/doSignUp]}" onto public src.main.utweb.server.dto.ResultDto src.main.utweb.controller.RegisterController.doSignUp(java.lang.String,java.lang.String,java.lang.String,java.lang.String) 
15:33:37.413 [restartedMain] INFO  o.s.w.s.m.m.a.RequestMappingHandlerMapping - Mapped "{[/getSubjectInfo]}" onto public src.main.utweb.server.dto.ResultDto src.main.utweb.controller.SubjectContentController.getSubjectInfo(java.lang.String) 
15:33:37.414 [restartedMain] INFO  o.s.w.s.m.m.a.RequestMappingHandlerMapping - Mapped "{[/subjectContent.do]}" onto public java.lang.String src.main.utweb.controller.SubjectContentController.creatNewSubject() 
15:33:37.414 [restartedMain] INFO  o.s.w.s.m.m.a.RequestMappingHandlerMapping - Mapped "{[/getReplyInfo]}" onto public src.main.utweb.server.dto.ResultDto src.main.utweb.controller.SubjectContentController.getReplyInfo(java.lang.String) 
15:33:37.414 [restartedMain] INFO  o.s.w.s.m.m.a.RequestMappingHandlerMapping - Mapped "{[/addReplyContent]}" onto public src.main.utweb.server.dto.ResultDto src.main.utweb.controller.SubjectContentController.addReplyContent(java.lang.String,java.lang.String,java.lang.String,java.lang.String,java.lang.String,java.lang.String,java.lang.String) 
15:33:37.417 [restartedMain] INFO  o.s.w.s.m.m.a.RequestMappingHandlerMapping - Mapped "{[/error]}" onto public org.springframework.http.ResponseEntity<java.util.Map<java.lang.String, java.lang.Object>> org.springframework.boot.autoconfigure.web.BasicErrorController.error(javax.servlet.http.HttpServletRequest) 
15:33:37.417 [restartedMain] INFO  o.s.w.s.m.m.a.RequestMappingHandlerMapping - Mapped "{[/error],produces=[text/html]}" onto public org.springframework.web.servlet.ModelAndView org.springframework.boot.autoconfigure.web.BasicErrorController.errorHtml(javax.servlet.http.HttpServletRequest,javax.servlet.http.HttpServletResponse) 
15:33:37.451 [restartedMain] INFO  o.s.w.s.h.SimpleUrlHandlerMapping - Mapped URL path [/webjars/**] onto handler of type [class org.springframework.web.servlet.resource.ResourceHttpRequestHandler] 
15:33:37.452 [restartedMain] INFO  o.s.w.s.h.SimpleUrlHandlerMapping - Mapped URL path [/**] onto handler of type [class org.springframework.web.servlet.resource.ResourceHttpRequestHandler] 
15:33:37.495 [restartedMain] INFO  o.s.w.s.h.SimpleUrlHandlerMapping - Mapped URL path [/**/favicon.ico] onto handler of type [class org.springframework.web.servlet.resource.ResourceHttpRequestHandler] 
15:33:38.363 [restartedMain] INFO  o.s.b.d.a.OptionalLiveReloadServer - LiveReload server is running on port 35729 
15:33:38.445 [restartedMain] INFO  o.s.j.e.a.AnnotationMBeanExporter - Registering beans for JMX exposure on startup 
15:33:38.464 [restartedMain] INFO  o.s.s.a.ScheduledAnnotationBeanPostProcessor - No TaskScheduler/ScheduledExecutorService bean found for scheduled processing 
15:33:38.533 [restartedMain] INFO  o.s.b.c.e.t.TomcatEmbeddedServletContainer - Tomcat started on port(s): 8080 (http) 
15:33:38.539 [restartedMain] INFO  src.main.utweb.UTApplication - Started UTApplication in 4.672 seconds (JVM running for 5.489) 
15:33:52.645 [http-nio-8080-exec-1] INFO  o.a.c.c.C.[Tomcat].[localhost].[/] - Initializing Spring FrameworkServlet 'dispatcherServlet' 
15:33:52.645 [http-nio-8080-exec-1] INFO  o.s.web.servlet.DispatcherServlet - FrameworkServlet 'dispatcherServlet': initialization started 
15:33:52.670 [http-nio-8080-exec-1] INFO  o.s.web.servlet.DispatcherServlet - FrameworkServlet 'dispatcherServlet': initialization completed in 25 ms 
15:35:13.456 [http-nio-8080-exec-6] INFO  s.m.u.c.SubjectContentController - 主题内容页面加载 
15:35:13.709 [http-nio-8080-exec-1] INFO  s.m.u.c.SubjectContentController - ==========getSubjectInfo_start====== 
15:35:13.711 [http-nio-8080-exec-1] INFO  s.m.u.c.SubjectContentController - ==========getSubjectInfo_end====== 
15:35:20.855 [http-nio-8080-exec-1] INFO  s.m.u.c.SubjectContentController - 主题内容页面加载 
15:35:21.068 [http-nio-8080-exec-3] INFO  s.m.u.c.SubjectContentController - ==========getSubjectInfo_start====== 
15:35:21.071 [http-nio-8080-exec-3] INFO  s.m.u.c.SubjectContentController - ==========getSubjectInfo_end====== 
15:35:21.100 [http-nio-8080-exec-4] INFO  s.m.u.c.SubjectContentController - ==========getReplyInfo_start====== 
15:35:21.105 [http-nio-8080-exec-4] INFO  s.m.u.c.SubjectContentController - ==========getReplyInfo_end====== 
15:35:33.581 [http-nio-8080-exec-2] INFO  s.m.u.c.SubjectContentController - 主题内容页面加载 
15:35:33.841 [http-nio-8080-exec-8] INFO  s.m.u.c.SubjectContentController - ==========getSubjectInfo_start====== 
15:35:33.844 [http-nio-8080-exec-8] INFO  s.m.u.c.SubjectContentController - ==========getSubjectInfo_end====== 
15:35:33.869 [http-nio-8080-exec-6] INFO  s.m.u.c.SubjectContentController - ==========getReplyInfo_start====== 
15:35:33.872 [http-nio-8080-exec-6] INFO  s.m.u.c.SubjectContentController - ==========getReplyInfo_end====== 
15:37:31.890 [http-nio-8080-exec-6] INFO  s.m.u.c.SubjectContentController - 主题内容页面加载 
15:37:32.408 [http-nio-8080-exec-7] INFO  s.m.u.c.SubjectContentController - ==========getSubjectInfo_start====== 
15:37:32.410 [http-nio-8080-exec-7] INFO  s.m.u.c.SubjectContentController - ==========getSubjectInfo_end====== 
15:37:35.505 [http-nio-8080-exec-3] INFO  s.m.u.c.SubjectContentController - ==========getReplyInfo_start====== 
15:37:35.510 [http-nio-8080-exec-3] INFO  s.m.u.c.SubjectContentController - ==========getReplyInfo_end====== 
15:37:46.061 [http-nio-8080-exec-2] INFO  s.m.u.c.SubjectContentController - 主题内容页面加载 
15:37:46.300 [http-nio-8080-exec-6] INFO  s.m.u.c.SubjectContentController - ==========getSubjectInfo_start====== 
15:37:46.302 [http-nio-8080-exec-6] INFO  s.m.u.c.SubjectContentController - ==========getSubjectInfo_end====== 
15:37:46.339 [http-nio-8080-exec-4] INFO  s.m.u.c.SubjectContentController - ==========getReplyInfo_start====== 
15:37:46.344 [http-nio-8080-exec-4] INFO  s.m.u.c.SubjectContentController - ==========getReplyInfo_end====== 
15:37:50.795 [http-nio-8080-exec-4] INFO  s.m.u.c.SubjectContentController - 主题内容页面加载 
15:37:51.008 [http-nio-8080-exec-6] INFO  s.m.u.c.SubjectContentController - ==========getSubjectInfo_start====== 
15:37:51.010 [http-nio-8080-exec-6] INFO  s.m.u.c.SubjectContentController - ==========getSubjectInfo_end====== 
15:37:51.017 [http-nio-8080-exec-3] INFO  s.m.u.c.SubjectContentController - ==========getReplyInfo_start====== 
15:37:51.020 [http-nio-8080-exec-3] INFO  s.m.u.c.SubjectContentController - ==========getReplyInfo_end====== 
15:43:15.602 [http-nio-8080-exec-5] INFO  s.m.u.controller.RegisterController - 加载注册页面！ 
15:44:27.468 [http-nio-8080-exec-1] INFO  s.m.u.controller.RegisterController - ==========doSignUp_start====== 
15:44:27.497 [http-nio-8080-exec-1] INFO  s.m.u.controller.RegisterController - ==========doSignUp_end====== 
15:44:43.152 [pool-1-thread-1] INFO  src.main.utweb.service.MailService - html邮件已经发送。 
15:45:42.190 [http-nio-8080-exec-9] INFO  s.m.u.controller.ActivateController - 加载激活页面！ 
15:45:42.630 [http-nio-8080-exec-4] INFO  s.m.u.controller.ActivateController - ==========isActivate_start====== 
15:45:42.685 [http-nio-8080-exec-4] INFO  s.m.u.controller.ActivateController - ==========isActivate_end====== 
15:46:07.071 [http-nio-8080-exec-6] INFO  s.m.u.c.SubjectContentController - 主题内容页面加载 
15:46:07.484 [http-nio-8080-exec-1] INFO  s.m.u.c.SubjectContentController - ==========getSubjectInfo_start====== 
15:46:07.485 [http-nio-8080-exec-1] INFO  s.m.u.c.SubjectContentController - ==========getSubjectInfo_end====== 
15:46:07.524 [http-nio-8080-exec-8] INFO  s.m.u.c.SubjectContentController - ==========getReplyInfo_start====== 
15:46:07.526 [http-nio-8080-exec-8] INFO  s.m.u.c.SubjectContentController - ==========getReplyInfo_end====== 
15:46:27.644 [http-nio-8080-exec-4] INFO  s.m.u.c.SubjectContentController - ==========addReplyContent_start====== 
15:46:27.764 [http-nio-8080-exec-4] INFO  s.m.u.c.SubjectContentController - ==========addReplyContent_end====== 
15:46:27.773 [http-nio-8080-exec-7] INFO  s.m.u.c.SubjectContentController - ==========getSubjectInfo_start====== 
15:46:27.776 [http-nio-8080-exec-7] INFO  s.m.u.c.SubjectContentController - ==========getSubjectInfo_end====== 
15:46:27.795 [http-nio-8080-exec-2] INFO  s.m.u.c.SubjectContentController - ==========getReplyInfo_start====== 
15:46:27.799 [http-nio-8080-exec-2] INFO  s.m.u.c.SubjectContentController - ==========getReplyInfo_end====== 
15:46:33.593 [http-nio-8080-exec-5] INFO  s.m.u.c.personalCenterController - ==========getUserInfoByLoginName_start====== 
15:46:33.594 [http-nio-8080-exec-5] INFO  s.m.u.c.personalCenterController - ==========getUserInfoByLoginName_end====== 
15:46:33.609 [http-nio-8080-exec-10] INFO  s.m.u.c.personalCenterController - ==========getPersonalSubject_start====== 
15:46:33.611 [http-nio-8080-exec-10] INFO  s.m.u.c.personalCenterController - ==========getPersonalSubject_end====== 
15:46:33.624 [http-nio-8080-exec-2] INFO  s.m.u.c.personalCenterController - ==========getPersonalSubject_start====== 
15:46:33.632 [http-nio-8080-exec-2] INFO  s.m.u.c.personalCenterController - ==========getPersonalSubject_end====== 
15:46:44.071 [http-nio-8080-exec-7] INFO  s.m.u.c.SubjectContentController - 主题内容页面加载 
15:46:44.483 [http-nio-8080-exec-6] INFO  s.m.u.c.SubjectContentController - ==========getSubjectInfo_start====== 
15:46:44.485 [http-nio-8080-exec-6] INFO  s.m.u.c.SubjectContentController - ==========getSubjectInfo_end====== 
15:46:44.516 [http-nio-8080-exec-3] INFO  s.m.u.c.SubjectContentController - ==========getReplyInfo_start====== 
15:46:44.520 [http-nio-8080-exec-3] INFO  s.m.u.c.SubjectContentController - ==========getReplyInfo_end====== 
15:47:10.224 [http-nio-8080-exec-10] INFO  s.m.u.c.SubjectContentController - 主题内容页面加载 
15:47:10.514 [http-nio-8080-exec-2] INFO  s.m.u.c.SubjectContentController - ==========getSubjectInfo_start====== 
15:47:10.515 [http-nio-8080-exec-2] INFO  s.m.u.c.SubjectContentController - ==========getSubjectInfo_end====== 
15:47:51.226 [http-nio-8080-exec-7] INFO  s.m.u.c.SubjectContentController - 主题内容页面加载 
15:47:51.669 [http-nio-8080-exec-7] INFO  s.m.u.c.SubjectContentController - ==========getSubjectInfo_start====== 
15:47:51.672 [http-nio-8080-exec-7] INFO  s.m.u.c.SubjectContentController - ==========getSubjectInfo_end====== 
15:47:51.711 [http-nio-8080-exec-6] INFO  s.m.u.c.SubjectContentController - ==========getReplyInfo_start====== 
15:47:51.726 [http-nio-8080-exec-6] INFO  s.m.u.c.SubjectContentController - ==========getReplyInfo_end====== 
15:48:07.553 [http-nio-8080-exec-1] INFO  s.m.u.c.personalCenterController - ==========getPersonalSubject_start====== 
15:48:07.555 [http-nio-8080-exec-1] INFO  s.m.u.c.personalCenterController - ==========getPersonalSubject_end====== 
15:48:07.569 [http-nio-8080-exec-9] INFO  s.m.u.c.personalCenterController - ==========getPersonalSubject_start====== 
15:48:07.573 [http-nio-8080-exec-9] INFO  s.m.u.c.personalCenterController - ==========getPersonalSubject_end====== 
15:48:13.398 [http-nio-8080-exec-4] INFO  s.m.u.c.personalCenterController - ==========changeUserImg_start====== 
15:48:13.399 [http-nio-8080-exec-4] INFO  s.m.u.c.personalCenterController - ==========changeUserImg_end====== 
15:48:22.528 [http-nio-8080-exec-3] INFO  s.m.u.c.personalCenterController - ==========changeUserImg_start====== 
15:48:22.529 [http-nio-8080-exec-3] INFO  s.m.u.c.personalCenterController - ==========changeUserImg_end====== 
15:48:25.569 [http-nio-8080-exec-5] INFO  s.m.u.c.personalCenterController - ==========getPersonalSubject_start====== 
15:48:25.570 [http-nio-8080-exec-5] INFO  s.m.u.c.personalCenterController - ==========getPersonalSubject_end====== 
15:48:25.577 [http-nio-8080-exec-6] INFO  s.m.u.c.personalCenterController - ==========getPersonalSubject_start====== 
15:48:25.579 [http-nio-8080-exec-6] INFO  s.m.u.c.personalCenterController - ==========getPersonalSubject_end====== 
15:48:34.853 [http-nio-8080-exec-7] INFO  s.m.u.c.personalCenterController - ==========changeUserImg_start====== 
15:48:34.854 [http-nio-8080-exec-7] INFO  s.m.u.c.personalCenterController - ==========changeUserImg_end====== 
15:48:41.169 [http-nio-8080-exec-2] INFO  s.m.u.c.personalCenterController - ==========getPersonalSubject_start====== 
15:48:41.170 [http-nio-8080-exec-2] INFO  s.m.u.c.personalCenterController - ==========getPersonalSubject_end====== 
15:48:41.177 [http-nio-8080-exec-1] INFO  s.m.u.c.personalCenterController - ==========getPersonalSubject_start====== 
15:48:41.178 [http-nio-8080-exec-1] INFO  s.m.u.c.personalCenterController - ==========getPersonalSubject_end====== 
15:48:47.227 [http-nio-8080-exec-10] INFO  s.m.u.c.personalCenterController - ==========changeUserImg_start====== 
15:48:47.228 [http-nio-8080-exec-10] INFO  s.m.u.c.personalCenterController - ==========changeUserImg_end====== 
15:48:50.116 [http-nio-8080-exec-7] INFO  s.m.u.c.personalCenterController - ==========getPersonalSubject_start====== 
15:48:50.117 [http-nio-8080-exec-7] INFO  s.m.u.c.personalCenterController - ==========getPersonalSubject_end====== 
15:48:50.123 [http-nio-8080-exec-9] INFO  s.m.u.c.personalCenterController - ==========getPersonalSubject_start====== 
15:48:50.125 [http-nio-8080-exec-9] INFO  s.m.u.c.personalCenterController - ==========getPersonalSubject_end====== 
15:50:48.409 [RMI TCP Connection(2)-192.168.74.208] INFO  o.s.b.a.SpringApplicationAdminMXBeanRegistrar$SpringApplicationAdmin - Application shutdown requested. 
15:50:48.409 [RMI TCP Connection(2)-192.168.74.208] INFO  o.s.b.c.e.AnnotationConfigEmbeddedWebApplicationContext - Closing org.springframework.boot.context.embedded.AnnotationConfigEmbeddedWebApplicationContext@40a22ab6: startup date [Wed Jun 27 15:33:34 CST 2018]; root of context hierarchy 
15:50:48.413 [RMI TCP Connection(2)-192.168.74.208] INFO  o.s.j.e.a.AnnotationMBeanExporter - Unregistering JMX-exposed beans on shutdown 
15:51:07.404 [restartedMain] INFO  src.main.utweb.UTApplication - Starting UTApplication on 160479-Wn10-JP with PID 8232 (F:\unrestrained-travel\target\classes started by wangxian in F:\unrestrained-travel) 
15:51:07.408 [restartedMain] INFO  src.main.utweb.UTApplication - No active profile set, falling back to default profiles: default 
15:51:07.664 [restartedMain] INFO  o.s.b.c.e.AnnotationConfigEmbeddedWebApplicationContext - Refreshing org.springframework.boot.context.embedded.AnnotationConfigEmbeddedWebApplicationContext@5743d357: startup date [Wed Jun 27 15:51:07 CST 2018]; root of context hierarchy 
15:51:09.405 [restartedMain] INFO  o.s.b.c.e.t.TomcatEmbeddedServletContainer - Tomcat initialized with port(s): 8080 (http) 
15:51:09.418 [restartedMain] INFO  o.a.catalina.core.StandardService - Starting service Tomcat 
15:51:09.419 [restartedMain] INFO  o.a.catalina.core.StandardEngine - Starting Servlet Engine: Apache Tomcat/8.5.14 
15:51:09.541 [localhost-startStop-1] INFO  o.a.c.c.C.[Tomcat].[localhost].[/] - Initializing Spring embedded WebApplicationContext 
15:51:09.541 [localhost-startStop-1] INFO  o.s.web.context.ContextLoader - Root WebApplicationContext: initialization completed in 1877 ms 
15:51:09.758 [localhost-startStop-1] INFO  o.s.b.w.s.FilterRegistrationBean - Mapping filter: 'characterEncodingFilter' to: [/*] 
15:51:09.759 [localhost-startStop-1] INFO  o.s.b.w.s.FilterRegistrationBean - Mapping filter: 'hiddenHttpMethodFilter' to: [/*] 
15:51:09.759 [localhost-startStop-1] INFO  o.s.b.w.s.FilterRegistrationBean - Mapping filter: 'httpPutFormContentFilter' to: [/*] 
15:51:09.759 [localhost-startStop-1] INFO  o.s.b.w.s.FilterRegistrationBean - Mapping filter: 'requestContextFilter' to: [/*] 
15:51:09.760 [localhost-startStop-1] INFO  o.s.b.w.s.FilterRegistrationBean - Mapping filter: 'sessionFilter' to urls: [*.do] 
15:51:09.760 [localhost-startStop-1] INFO  o.s.b.w.s.ServletRegistrationBean - Mapping servlet: 'dispatcherServlet' to [/] 
15:51:10.464 [restartedMain] INFO  o.s.w.s.m.m.a.RequestMappingHandlerAdapter - Looking for @ControllerAdvice: org.springframework.boot.context.embedded.AnnotationConfigEmbeddedWebApplicationContext@5743d357: startup date [Wed Jun 27 15:51:07 CST 2018]; root of context hierarchy 
15:51:10.543 [restartedMain] INFO  o.s.w.s.m.m.a.RequestMappingHandlerMapping - Mapped "{[/doActivate]}" onto public src.main.utweb.server.dto.ResultDto src.main.utweb.controller.ActivateController.doActivate(java.lang.String,java.lang.String) 
15:51:10.544 [restartedMain] INFO  o.s.w.s.m.m.a.RequestMappingHandlerMapping - Mapped "{[/activate]}" onto public java.lang.String src.main.utweb.controller.ActivateController.activate() 
15:51:10.545 [restartedMain] INFO  o.s.w.s.m.m.a.RequestMappingHandlerMapping - Mapped "{[/getAllUserInfo]}" onto public src.main.utweb.server.dto.ResultDto src.main.utweb.controller.CommonController.getAllUserInfo() 
15:51:10.546 [restartedMain] INFO  o.s.w.s.m.m.a.RequestMappingHandlerMapping - Mapped "{[/deleteAllNotice]}" onto public src.main.utweb.server.dto.ResultDto src.main.utweb.controller.CommonController.deleteAllNotice(java.lang.String) 
15:51:10.546 [restartedMain] INFO  o.s.w.s.m.m.a.RequestMappingHandlerMapping - Mapped "{[/delSession]}" onto public java.lang.String src.main.utweb.controller.CommonController.delSession(javax.servlet.http.HttpServletRequest,javax.servlet.http.HttpServletResponse) 
15:51:10.547 [restartedMain] INFO  o.s.w.s.m.m.a.RequestMappingHandlerMapping - Mapped "{[/getNotification]}" onto public src.main.utweb.server.dto.ResultDto src.main.utweb.controller.CommonController.getNotification(java.lang.String) 
15:51:10.547 [restartedMain] INFO  o.s.w.s.m.m.a.RequestMappingHandlerMapping - Mapped "{[/changeNoticeUseFlag]}" onto public src.main.utweb.server.dto.ResultDto src.main.utweb.controller.CommonController.changeNoticeUseFlag(java.lang.String) 
15:51:10.547 [restartedMain] INFO  o.s.w.s.m.m.a.RequestMappingHandlerMapping - Mapped "{[/getSession]}" onto public src.main.utweb.server.dto.CurrentSessionDto src.main.utweb.controller.CommonController.getSession(javax.servlet.http.HttpServletRequest,javax.servlet.http.HttpServletResponse) 
15:51:10.548 [restartedMain] INFO  o.s.w.s.m.m.a.RequestMappingHandlerMapping - Mapped "{[/index]}" onto public java.lang.String src.main.utweb.controller.IndexController.login() 
15:51:10.548 [restartedMain] INFO  o.s.w.s.m.m.a.RequestMappingHandlerMapping - Mapped "{[/index/content_list]}" onto public src.main.utweb.server.dto.ResultDto src.main.utweb.controller.IndexController.content_list(java.lang.String,java.lang.String) 
15:51:10.550 [restartedMain] INFO  o.s.w.s.m.m.a.RequestMappingHandlerMapping - Mapped "{[/login/doSignIn]}" onto public src.main.utweb.server.dto.ResultDto src.main.utweb.controller.LoginController.doSignIn(javax.servlet.http.HttpServletRequest,javax.servlet.http.HttpServletResponse,java.lang.String,java.lang.String,java.lang.String) throws java.io.IOException 
15:51:10.550 [restartedMain] INFO  o.s.w.s.m.m.a.RequestMappingHandlerMapping - Mapped "{[/login]}" onto public java.lang.String src.main.utweb.controller.LoginController.login() 
15:51:10.551 [restartedMain] INFO  o.s.w.s.m.m.a.RequestMappingHandlerMapping - Mapped "{[/login/buildImage]}" onto public void src.main.utweb.controller.LoginController.buildImage(javax.servlet.http.HttpServletRequest,javax.servlet.http.HttpServletResponse,javax.servlet.http.HttpSession) throws java.io.IOException 
15:51:10.551 [restartedMain] INFO  o.s.w.s.m.m.a.RequestMappingHandlerMapping - Mapped "{[/newSubject.do]}" onto public java.lang.String src.main.utweb.controller.NewSubjectController.creatNewSubject() 
15:51:10.551 [restartedMain] INFO  o.s.w.s.m.m.a.RequestMappingHandlerMapping - Mapped "{[/creatNewSubject]}" onto public src.main.utweb.server.dto.ResultDto src.main.utweb.controller.NewSubjectController.creatNewSubject(java.lang.String,java.lang.String,java.lang.String,java.lang.String) 
15:51:10.554 [restartedMain] INFO  o.s.w.s.m.m.a.RequestMappingHandlerMapping - Mapped "{[/personalCenter.do]}" onto public java.lang.String src.main.utweb.controller.personalCenterController.personalCenter() 
15:51:10.554 [restartedMain] INFO  o.s.w.s.m.m.a.RequestMappingHandlerMapping - Mapped "{[/getPersonalReply]}" onto public src.main.utweb.server.dto.ResultDto src.main.utweb.controller.personalCenterController.getPersonalReply(java.lang.String) 
15:51:10.555 [restartedMain] INFO  o.s.w.s.m.m.a.RequestMappingHandlerMapping - Mapped "{[/changeUserImg]}" onto public src.main.utweb.server.dto.ResultDto src.main.utweb.controller.personalCenterController.changeUserImg(javax.servlet.http.HttpServletRequest,java.lang.String,java.lang.String) 
15:51:10.555 [restartedMain] INFO  o.s.w.s.m.m.a.RequestMappingHandlerMapping - Mapped "{[/getUserInfoByLoginName]}" onto public src.main.utweb.server.dto.ResultDto src.main.utweb.controller.personalCenterController.getUserInfoByLoginName(java.lang.String) 
15:51:10.555 [restartedMain] INFO  o.s.w.s.m.m.a.RequestMappingHandlerMapping - Mapped "{[/getPersonalSubject]}" onto public src.main.utweb.server.dto.ResultDto src.main.utweb.controller.personalCenterController.getPersonalSubject(java.lang.String) 
15:51:10.556 [restartedMain] INFO  o.s.w.s.m.m.a.RequestMappingHandlerMapping - Mapped "{[/register]}" onto public java.lang.String src.main.utweb.controller.RegisterController.register() 
15:51:10.556 [restartedMain] INFO  o.s.w.s.m.m.a.RequestMappingHandlerMapping - Mapped "{[/register/doSignUp]}" onto public src.main.utweb.server.dto.ResultDto src.main.utweb.controller.RegisterController.doSignUp(java.lang.String,java.lang.String,java.lang.String,java.lang.String) 
15:51:10.557 [restartedMain] INFO  o.s.w.s.m.m.a.RequestMappingHandlerMapping - Mapped "{[/subjectContent.do]}" onto public java.lang.String src.main.utweb.controller.SubjectContentController.creatNewSubject() 
15:51:10.557 [restartedMain] INFO  o.s.w.s.m.m.a.RequestMappingHandlerMapping - Mapped "{[/getReplyInfo]}" onto public src.main.utweb.server.dto.ResultDto src.main.utweb.controller.SubjectContentController.getReplyInfo(java.lang.String) 
15:51:10.558 [restartedMain] INFO  o.s.w.s.m.m.a.RequestMappingHandlerMapping - Mapped "{[/addReplyContent]}" onto public src.main.utweb.server.dto.ResultDto src.main.utweb.controller.SubjectContentController.addReplyContent(java.lang.String,java.lang.String,java.lang.String,java.lang.String,java.lang.String,java.lang.String,java.lang.String) 
15:51:10.558 [restartedMain] INFO  o.s.w.s.m.m.a.RequestMappingHandlerMapping - Mapped "{[/getSubjectInfo]}" onto public src.main.utweb.server.dto.ResultDto src.main.utweb.controller.SubjectContentController.getSubjectInfo(java.lang.String) 
15:51:10.560 [restartedMain] INFO  o.s.w.s.m.m.a.RequestMappingHandlerMapping - Mapped "{[/error]}" onto public org.springframework.http.ResponseEntity<java.util.Map<java.lang.String, java.lang.Object>> org.springframework.boot.autoconfigure.web.BasicErrorController.error(javax.servlet.http.HttpServletRequest) 
15:51:10.561 [restartedMain] INFO  o.s.w.s.m.m.a.RequestMappingHandlerMapping - Mapped "{[/error],produces=[text/html]}" onto public org.springframework.web.servlet.ModelAndView org.springframework.boot.autoconfigure.web.BasicErrorController.errorHtml(javax.servlet.http.HttpServletRequest,javax.servlet.http.HttpServletResponse) 
15:51:10.597 [restartedMain] INFO  o.s.w.s.h.SimpleUrlHandlerMapping - Mapped URL path [/webjars/**] onto handler of type [class org.springframework.web.servlet.resource.ResourceHttpRequestHandler] 
15:51:10.597 [restartedMain] INFO  o.s.w.s.h.SimpleUrlHandlerMapping - Mapped URL path [/**] onto handler of type [class org.springframework.web.servlet.resource.ResourceHttpRequestHandler] 
15:51:10.652 [restartedMain] INFO  o.s.w.s.h.SimpleUrlHandlerMapping - Mapped URL path [/**/favicon.ico] onto handler of type [class org.springframework.web.servlet.resource.ResourceHttpRequestHandler] 
15:51:11.507 [restartedMain] INFO  o.s.b.d.a.OptionalLiveReloadServer - LiveReload server is running on port 35729 
15:51:11.574 [restartedMain] INFO  o.s.j.e.a.AnnotationMBeanExporter - Registering beans for JMX exposure on startup 
15:51:11.590 [restartedMain] INFO  o.s.s.a.ScheduledAnnotationBeanPostProcessor - No TaskScheduler/ScheduledExecutorService bean found for scheduled processing 
15:51:11.650 [restartedMain] INFO  o.s.b.c.e.t.TomcatEmbeddedServletContainer - Tomcat started on port(s): 8080 (http) 
15:51:11.656 [restartedMain] INFO  src.main.utweb.UTApplication - Started UTApplication in 4.612 seconds (JVM running for 5.236) 
15:51:37.382 [restartedMain] INFO  src.main.utweb.UTApplication - Starting UTApplication on 160479-Wn10-JP with PID 11672 (F:\unrestrained-travel\target\classes started by wangxian in F:\unrestrained-travel) 
15:51:37.386 [restartedMain] INFO  src.main.utweb.UTApplication - No active profile set, falling back to default profiles: default 
15:51:37.731 [restartedMain] INFO  o.s.b.c.e.AnnotationConfigEmbeddedWebApplicationContext - Refreshing org.springframework.boot.context.embedded.AnnotationConfigEmbeddedWebApplicationContext@40a22ab6: startup date [Wed Jun 27 15:51:37 CST 2018]; root of context hierarchy 
15:51:39.323 [restartedMain] INFO  o.s.b.c.e.t.TomcatEmbeddedServletContainer - Tomcat initialized with port(s): 8080 (http) 
15:51:39.334 [restartedMain] INFO  o.a.catalina.core.StandardService - Starting service Tomcat 
15:51:39.335 [restartedMain] INFO  o.a.catalina.core.StandardEngine - Starting Servlet Engine: Apache Tomcat/8.5.14 
15:51:39.450 [localhost-startStop-1] INFO  o.a.c.c.C.[Tomcat].[localhost].[/] - Initializing Spring embedded WebApplicationContext 
15:51:39.450 [localhost-startStop-1] INFO  o.s.web.context.ContextLoader - Root WebApplicationContext: initialization completed in 1719 ms 
15:51:39.663 [localhost-startStop-1] INFO  o.s.b.w.s.FilterRegistrationBean - Mapping filter: 'characterEncodingFilter' to: [/*] 
15:51:39.663 [localhost-startStop-1] INFO  o.s.b.w.s.FilterRegistrationBean - Mapping filter: 'hiddenHttpMethodFilter' to: [/*] 
15:51:39.663 [localhost-startStop-1] INFO  o.s.b.w.s.FilterRegistrationBean - Mapping filter: 'httpPutFormContentFilter' to: [/*] 
15:51:39.664 [localhost-startStop-1] INFO  o.s.b.w.s.FilterRegistrationBean - Mapping filter: 'requestContextFilter' to: [/*] 
15:51:39.664 [localhost-startStop-1] INFO  o.s.b.w.s.FilterRegistrationBean - Mapping filter: 'sessionFilter' to urls: [*.do] 
15:51:39.664 [localhost-startStop-1] INFO  o.s.b.w.s.ServletRegistrationBean - Mapping servlet: 'dispatcherServlet' to [/] 
15:51:40.395 [restartedMain] INFO  o.s.w.s.m.m.a.RequestMappingHandlerAdapter - Looking for @ControllerAdvice: org.springframework.boot.context.embedded.AnnotationConfigEmbeddedWebApplicationContext@40a22ab6: startup date [Wed Jun 27 15:51:37 CST 2018]; root of context hierarchy 
15:51:40.468 [restartedMain] INFO  o.s.w.s.m.m.a.RequestMappingHandlerMapping - Mapped "{[/activate]}" onto public java.lang.String src.main.utweb.controller.ActivateController.activate() 
15:51:40.469 [restartedMain] INFO  o.s.w.s.m.m.a.RequestMappingHandlerMapping - Mapped "{[/doActivate]}" onto public src.main.utweb.server.dto.ResultDto src.main.utweb.controller.ActivateController.doActivate(java.lang.String,java.lang.String) 
15:51:40.470 [restartedMain] INFO  o.s.w.s.m.m.a.RequestMappingHandlerMapping - Mapped "{[/getNotification]}" onto public src.main.utweb.server.dto.ResultDto src.main.utweb.controller.CommonController.getNotification(java.lang.String) 
15:51:40.470 [restartedMain] INFO  o.s.w.s.m.m.a.RequestMappingHandlerMapping - Mapped "{[/delSession]}" onto public java.lang.String src.main.utweb.controller.CommonController.delSession(javax.servlet.http.HttpServletRequest,javax.servlet.http.HttpServletResponse) 
15:51:40.471 [restartedMain] INFO  o.s.w.s.m.m.a.RequestMappingHandlerMapping - Mapped "{[/getAllUserInfo]}" onto public src.main.utweb.server.dto.ResultDto src.main.utweb.controller.CommonController.getAllUserInfo() 
15:51:40.471 [restartedMain] INFO  o.s.w.s.m.m.a.RequestMappingHandlerMapping - Mapped "{[/deleteAllNotice]}" onto public src.main.utweb.server.dto.ResultDto src.main.utweb.controller.CommonController.deleteAllNotice(java.lang.String) 
15:51:40.471 [restartedMain] INFO  o.s.w.s.m.m.a.RequestMappingHandlerMapping - Mapped "{[/getSession]}" onto public src.main.utweb.server.dto.CurrentSessionDto src.main.utweb.controller.CommonController.getSession(javax.servlet.http.HttpServletRequest,javax.servlet.http.HttpServletResponse) 
15:51:40.471 [restartedMain] INFO  o.s.w.s.m.m.a.RequestMappingHandlerMapping - Mapped "{[/changeNoticeUseFlag]}" onto public src.main.utweb.server.dto.ResultDto src.main.utweb.controller.CommonController.changeNoticeUseFlag(java.lang.String) 
15:51:40.472 [restartedMain] INFO  o.s.w.s.m.m.a.RequestMappingHandlerMapping - Mapped "{[/index/content_list]}" onto public src.main.utweb.server.dto.ResultDto src.main.utweb.controller.IndexController.content_list(java.lang.String,java.lang.String) 
15:51:40.473 [restartedMain] INFO  o.s.w.s.m.m.a.RequestMappingHandlerMapping - Mapped "{[/index]}" onto public java.lang.String src.main.utweb.controller.IndexController.login() 
15:51:40.474 [restartedMain] INFO  o.s.w.s.m.m.a.RequestMappingHandlerMapping - Mapped "{[/login]}" onto public java.lang.String src.main.utweb.controller.LoginController.login() 
15:51:40.474 [restartedMain] INFO  o.s.w.s.m.m.a.RequestMappingHandlerMapping - Mapped "{[/login/buildImage]}" onto public void src.main.utweb.controller.LoginController.buildImage(javax.servlet.http.HttpServletRequest,javax.servlet.http.HttpServletResponse,javax.servlet.http.HttpSession) throws java.io.IOException 
15:51:40.474 [restartedMain] INFO  o.s.w.s.m.m.a.RequestMappingHandlerMapping - Mapped "{[/login/doSignIn]}" onto public src.main.utweb.server.dto.ResultDto src.main.utweb.controller.LoginController.doSignIn(javax.servlet.http.HttpServletRequest,javax.servlet.http.HttpServletResponse,java.lang.String,java.lang.String,java.lang.String) throws java.io.IOException 
15:51:40.475 [restartedMain] INFO  o.s.w.s.m.m.a.RequestMappingHandlerMapping - Mapped "{[/newSubject.do]}" onto public java.lang.String src.main.utweb.controller.NewSubjectController.creatNewSubject() 
15:51:40.475 [restartedMain] INFO  o.s.w.s.m.m.a.RequestMappingHandlerMapping - Mapped "{[/creatNewSubject]}" onto public src.main.utweb.server.dto.ResultDto src.main.utweb.controller.NewSubjectController.creatNewSubject(java.lang.String,java.lang.String,java.lang.String,java.lang.String) 
15:51:40.477 [restartedMain] INFO  o.s.w.s.m.m.a.RequestMappingHandlerMapping - Mapped "{[/personalCenter.do]}" onto public java.lang.String src.main.utweb.controller.personalCenterController.personalCenter() 
15:51:40.477 [restartedMain] INFO  o.s.w.s.m.m.a.RequestMappingHandlerMapping - Mapped "{[/getPersonalReply]}" onto public src.main.utweb.server.dto.ResultDto src.main.utweb.controller.personalCenterController.getPersonalReply(java.lang.String) 
15:51:40.478 [restartedMain] INFO  o.s.w.s.m.m.a.RequestMappingHandlerMapping - Mapped "{[/changeUserImg]}" onto public src.main.utweb.server.dto.ResultDto src.main.utweb.controller.personalCenterController.changeUserImg(javax.servlet.http.HttpServletRequest,java.lang.String,java.lang.String) 
15:51:40.478 [restartedMain] INFO  o.s.w.s.m.m.a.RequestMappingHandlerMapping - Mapped "{[/getUserInfoByLoginName]}" onto public src.main.utweb.server.dto.ResultDto src.main.utweb.controller.personalCenterController.getUserInfoByLoginName(java.lang.String) 
15:51:40.478 [restartedMain] INFO  o.s.w.s.m.m.a.RequestMappingHandlerMapping - Mapped "{[/getPersonalSubject]}" onto public src.main.utweb.server.dto.ResultDto src.main.utweb.controller.personalCenterController.getPersonalSubject(java.lang.String) 
15:51:40.479 [restartedMain] INFO  o.s.w.s.m.m.a.RequestMappingHandlerMapping - Mapped "{[/register]}" onto public java.lang.String src.main.utweb.controller.RegisterController.register() 
15:51:40.480 [restartedMain] INFO  o.s.w.s.m.m.a.RequestMappingHandlerMapping - Mapped "{[/register/doSignUp]}" onto public src.main.utweb.server.dto.ResultDto src.main.utweb.controller.RegisterController.doSignUp(java.lang.String,java.lang.String,java.lang.String,java.lang.String) 
15:51:40.481 [restartedMain] INFO  o.s.w.s.m.m.a.RequestMappingHandlerMapping - Mapped "{[/addReplyContent]}" onto public src.main.utweb.server.dto.ResultDto src.main.utweb.controller.SubjectContentController.addReplyContent(java.lang.String,java.lang.String,java.lang.String,java.lang.String,java.lang.String,java.lang.String,java.lang.String) 
15:51:40.481 [restartedMain] INFO  o.s.w.s.m.m.a.RequestMappingHandlerMapping - Mapped "{[/getReplyInfo]}" onto public src.main.utweb.server.dto.ResultDto src.main.utweb.controller.SubjectContentController.getReplyInfo(java.lang.String) 
15:51:40.481 [restartedMain] INFO  o.s.w.s.m.m.a.RequestMappingHandlerMapping - Mapped "{[/getSubjectInfo]}" onto public src.main.utweb.server.dto.ResultDto src.main.utweb.controller.SubjectContentController.getSubjectInfo(java.lang.String) 
15:51:40.481 [restartedMain] INFO  o.s.w.s.m.m.a.RequestMappingHandlerMapping - Mapped "{[/subjectContent.do]}" onto public java.lang.String src.main.utweb.controller.SubjectContentController.creatNewSubject() 
15:51:40.484 [restartedMain] INFO  o.s.w.s.m.m.a.RequestMappingHandlerMapping - Mapped "{[/error]}" onto public org.springframework.http.ResponseEntity<java.util.Map<java.lang.String, java.lang.Object>> org.springframework.boot.autoconfigure.web.BasicErrorController.error(javax.servlet.http.HttpServletRequest) 
15:51:40.484 [restartedMain] INFO  o.s.w.s.m.m.a.RequestMappingHandlerMapping - Mapped "{[/error],produces=[text/html]}" onto public org.springframework.web.servlet.ModelAndView org.springframework.boot.autoconfigure.web.BasicErrorController.errorHtml(javax.servlet.http.HttpServletRequest,javax.servlet.http.HttpServletResponse) 
15:51:40.521 [restartedMain] INFO  o.s.w.s.h.SimpleUrlHandlerMapping - Mapped URL path [/webjars/**] onto handler of type [class org.springframework.web.servlet.resource.ResourceHttpRequestHandler] 
15:51:40.521 [restartedMain] INFO  o.s.w.s.h.SimpleUrlHandlerMapping - Mapped URL path [/**] onto handler of type [class org.springframework.web.servlet.resource.ResourceHttpRequestHandler] 
15:51:40.567 [restartedMain] INFO  o.s.w.s.h.SimpleUrlHandlerMapping - Mapped URL path [/**/favicon.ico] onto handler of type [class org.springframework.web.servlet.resource.ResourceHttpRequestHandler] 
15:51:41.385 [restartedMain] WARN  o.s.b.d.a.OptionalLiveReloadServer - Unable to start LiveReload server 
15:51:41.460 [restartedMain] INFO  o.s.j.e.a.AnnotationMBeanExporter - Registering beans for JMX exposure on startup 
15:51:41.477 [restartedMain] INFO  o.s.s.a.ScheduledAnnotationBeanPostProcessor - No TaskScheduler/ScheduledExecutorService bean found for scheduled processing 
15:51:41.515 [restartedMain] ERROR o.a.coyote.http11.Http11NioProtocol - Failed to start end point associated with ProtocolHandler ["http-nio-8080"] 
java.net.BindException: Address already in use: bind
	at sun.nio.ch.Net.bind0(Native Method)
	at sun.nio.ch.Net.bind(Unknown Source)
	at sun.nio.ch.Net.bind(Unknown Source)
	at sun.nio.ch.ServerSocketChannelImpl.bind(Unknown Source)
	at sun.nio.ch.ServerSocketAdaptor.bind(Unknown Source)
	at org.apache.tomcat.util.net.NioEndpoint.bind(NioEndpoint.java:210)
	at org.apache.tomcat.util.net.AbstractEndpoint.start(AbstractEndpoint.java:978)
	at org.apache.coyote.AbstractProtocol.start(AbstractProtocol.java:628)
	at org.apache.catalina.connector.Connector.startInternal(Connector.java:993)
	at org.apache.catalina.util.LifecycleBase.start(LifecycleBase.java:150)
	at org.apache.catalina.core.StandardService.addConnector(StandardService.java:225)
	at org.springframework.boot.context.embedded.tomcat.TomcatEmbeddedServletContainer.addPreviouslyRemovedConnectors(TomcatEmbeddedServletContainer.java:247)
	at org.springframework.boot.context.embedded.tomcat.TomcatEmbeddedServletContainer.start(TomcatEmbeddedServletContainer.java:190)
	at org.springframework.boot.context.embedded.EmbeddedWebApplicationContext.startEmbeddedServletContainer(EmbeddedWebApplicationContext.java:297)
	at org.springframework.boot.context.embedded.EmbeddedWebApplicationContext.finishRefresh(EmbeddedWebApplicationContext.java:145)
	at org.springframework.context.support.AbstractApplicationContext.refresh(AbstractApplicationContext.java:545)
	at org.springframework.boot.context.embedded.EmbeddedWebApplicationContext.refresh(EmbeddedWebApplicationContext.java:122)
	at org.springframework.boot.SpringApplication.refresh(SpringApplication.java:737)
	at org.springframework.boot.SpringApplication.refreshContext(SpringApplication.java:370)
	at org.springframework.boot.SpringApplication.run(SpringApplication.java:314)
	at org.springframework.boot.SpringApplication.run(SpringApplication.java:1162)
	at org.springframework.boot.SpringApplication.run(SpringApplication.java:1151)
	at src.main.utweb.UTApplication.main(UTApplication.java:12)
	at sun.reflect.NativeMethodAccessorImpl.invoke0(Native Method)
	at sun.reflect.NativeMethodAccessorImpl.invoke(Unknown Source)
	at sun.reflect.DelegatingMethodAccessorImpl.invoke(Unknown Source)
	at java.lang.reflect.Method.invoke(Unknown Source)
	at org.springframework.boot.devtools.restart.RestartLauncher.run(RestartLauncher.java:49)
15:51:41.516 [restartedMain] ERROR o.a.catalina.core.StandardService - Failed to start connector [Connector[HTTP/1.1-8080]] 
org.apache.catalina.LifecycleException: Failed to start component [Connector[HTTP/1.1-8080]]
	at org.apache.catalina.util.LifecycleBase.start(LifecycleBase.java:167)
	at org.apache.catalina.core.StandardService.addConnector(StandardService.java:225)
	at org.springframework.boot.context.embedded.tomcat.TomcatEmbeddedServletContainer.addPreviouslyRemovedConnectors(TomcatEmbeddedServletContainer.java:247)
	at org.springframework.boot.context.embedded.tomcat.TomcatEmbeddedServletContainer.start(TomcatEmbeddedServletContainer.java:190)
	at org.springframework.boot.context.embedded.EmbeddedWebApplicationContext.startEmbeddedServletContainer(EmbeddedWebApplicationContext.java:297)
	at org.springframework.boot.context.embedded.EmbeddedWebApplicationContext.finishRefresh(EmbeddedWebApplicationContext.java:145)
	at org.springframework.context.support.AbstractApplicationContext.refresh(AbstractApplicationContext.java:545)
	at org.springframework.boot.context.embedded.EmbeddedWebApplicationContext.refresh(EmbeddedWebApplicationContext.java:122)
	at org.springframework.boot.SpringApplication.refresh(SpringApplication.java:737)
	at org.springframework.boot.SpringApplication.refreshContext(SpringApplication.java:370)
	at org.springframework.boot.SpringApplication.run(SpringApplication.java:314)
	at org.springframework.boot.SpringApplication.run(SpringApplication.java:1162)
	at org.springframework.boot.SpringApplication.run(SpringApplication.java:1151)
	at src.main.utweb.UTApplication.main(UTApplication.java:12)
	at sun.reflect.NativeMethodAccessorImpl.invoke0(Native Method)
	at sun.reflect.NativeMethodAccessorImpl.invoke(Unknown Source)
	at sun.reflect.DelegatingMethodAccessorImpl.invoke(Unknown Source)
	at java.lang.reflect.Method.invoke(Unknown Source)
	at org.springframework.boot.devtools.restart.RestartLauncher.run(RestartLauncher.java:49)
Caused by: org.apache.catalina.LifecycleException: service.getName(): "Tomcat";  Protocol handler start failed
	at org.apache.catalina.connector.Connector.startInternal(Connector.java:1000)
	at org.apache.catalina.util.LifecycleBase.start(LifecycleBase.java:150)
	... 18 common frames omitted
Caused by: java.net.BindException: Address already in use: bind
	at sun.nio.ch.Net.bind0(Native Method)
	at sun.nio.ch.Net.bind(Unknown Source)
	at sun.nio.ch.Net.bind(Unknown Source)
	at sun.nio.ch.ServerSocketChannelImpl.bind(Unknown Source)
	at sun.nio.ch.ServerSocketAdaptor.bind(Unknown Source)
	at org.apache.tomcat.util.net.NioEndpoint.bind(NioEndpoint.java:210)
	at org.apache.tomcat.util.net.AbstractEndpoint.start(AbstractEndpoint.java:978)
	at org.apache.coyote.AbstractProtocol.start(AbstractProtocol.java:628)
	at org.apache.catalina.connector.Connector.startInternal(Connector.java:993)
	... 19 common frames omitted
15:51:41.525 [restartedMain] INFO  o.a.catalina.core.StandardService - Stopping service Tomcat 
15:51:41.546 [restartedMain] INFO  o.s.b.a.l.AutoConfigurationReportLoggingInitializer - 

Error starting ApplicationContext. To display the auto-configuration report re-run your application with 'debug' enabled. 
15:51:41.552 [restartedMain] ERROR o.s.b.d.LoggingFailureAnalysisReporter - 

***************************
APPLICATION FAILED TO START
***************************

Description:

The Tomcat connector configured to listen on port 8080 failed to start. The port may already be in use or the connector may be misconfigured.

Action:

Verify the connector's configuration, identify and stop any process that's listening on port 8080, or configure this application to listen on another port.
 
15:51:41.553 [restartedMain] INFO  o.s.b.c.e.AnnotationConfigEmbeddedWebApplicationContext - Closing org.springframework.boot.context.embedded.AnnotationConfigEmbeddedWebApplicationContext@40a22ab6: startup date [Wed Jun 27 15:51:37 CST 2018]; root of context hierarchy 
15:51:41.557 [restartedMain] INFO  o.s.j.e.a.AnnotationMBeanExporter - Unregistering JMX-exposed beans on shutdown 
15:52:01.392 [http-nio-8080-exec-1] INFO  o.a.c.c.C.[Tomcat].[localhost].[/] - Initializing Spring FrameworkServlet 'dispatcherServlet' 
15:52:01.392 [http-nio-8080-exec-1] INFO  o.s.web.servlet.DispatcherServlet - FrameworkServlet 'dispatcherServlet': initialization started 
15:52:01.416 [http-nio-8080-exec-1] INFO  o.s.web.servlet.DispatcherServlet - FrameworkServlet 'dispatcherServlet': initialization completed in 24 ms 
15:52:37.118 [http-nio-8080-exec-6] INFO  s.m.u.c.SubjectContentController - 主题内容页面加载 
15:52:37.375 [http-nio-8080-exec-10] INFO  s.m.u.c.SubjectContentController - ==========getSubjectInfo_start====== 
15:52:37.378 [http-nio-8080-exec-10] INFO  s.m.u.c.SubjectContentController - ==========getSubjectInfo_end====== 
15:52:37.412 [http-nio-8080-exec-3] INFO  s.m.u.c.SubjectContentController - ==========getReplyInfo_start====== 
15:52:37.417 [http-nio-8080-exec-3] INFO  s.m.u.c.SubjectContentController - ==========getReplyInfo_end====== 
15:52:44.093 [http-nio-8080-exec-4] INFO  s.m.u.c.SubjectContentController - 主题内容页面加载 
15:52:44.380 [http-nio-8080-exec-2] INFO  s.m.u.c.SubjectContentController - ==========getSubjectInfo_start====== 
15:52:44.383 [http-nio-8080-exec-2] INFO  s.m.u.c.SubjectContentController - ==========getSubjectInfo_end====== 
15:52:44.414 [http-nio-8080-exec-1] INFO  s.m.u.c.SubjectContentController - ==========getReplyInfo_start====== 
15:52:44.416 [http-nio-8080-exec-1] INFO  s.m.u.c.SubjectContentController - ==========getReplyInfo_end====== 
