09:37:57.341 [restartedMain] INFO  src.main.utweb.UTApplication - Starting UTApplication on 160479-Wn10-JP with PID 19188 (F:\unrestrained-travel\target\classes started by wangxian in F:\unrestrained-travel) 
09:37:57.357 [restartedMain] INFO  src.main.utweb.UTApplication - No active profile set, falling back to default profiles: default 
09:37:58.468 [restartedMain] INFO  o.s.b.c.e.AnnotationConfigEmbeddedWebApplicationContext - Refreshing org.springframework.boot.context.embedded.AnnotationConfigEmbeddedWebApplicationContext@4077f56e: startup date [Thu Jan 11 09:37:58 CST 2018]; root of context hierarchy 
09:38:01.245 [restartedMain] INFO  o.s.b.c.e.t.TomcatEmbeddedServletContainer - Tomcat initialized with port(s): 8080 (http) 
09:38:01.283 [restartedMain] INFO  o.a.catalina.core.StandardService - Starting service Tomcat 
09:38:01.284 [restartedMain] INFO  o.a.catalina.core.StandardEngine - Starting Servlet Engine: Apache Tomcat/8.5.14 
09:38:01.581 [localhost-startStop-1] INFO  o.a.c.c.C.[Tomcat].[localhost].[/] - Initializing Spring embedded WebApplicationContext 
09:38:01.581 [localhost-startStop-1] INFO  o.s.web.context.ContextLoader - Root WebApplicationContext: initialization completed in 3114 ms 
09:38:01.898 [localhost-startStop-1] INFO  o.s.b.w.s.FilterRegistrationBean - Mapping filter: 'characterEncodingFilter' to: [/*] 
09:38:01.898 [localhost-startStop-1] INFO  o.s.b.w.s.FilterRegistrationBean - Mapping filter: 'hiddenHttpMethodFilter' to: [/*] 
09:38:01.898 [localhost-startStop-1] INFO  o.s.b.w.s.FilterRegistrationBean - Mapping filter: 'httpPutFormContentFilter' to: [/*] 
09:38:01.899 [localhost-startStop-1] INFO  o.s.b.w.s.FilterRegistrationBean - Mapping filter: 'requestContextFilter' to: [/*] 
09:38:01.899 [localhost-startStop-1] INFO  o.s.b.w.s.FilterRegistrationBean - Mapping filter: 'sessionFilter' to urls: [*.do] 
09:38:01.899 [localhost-startStop-1] INFO  o.s.b.w.s.ServletRegistrationBean - Mapping servlet: 'dispatcherServlet' to [/] 
09:38:02.939 [restartedMain] INFO  o.s.w.s.m.m.a.RequestMappingHandlerAdapter - Looking for @ControllerAdvice: org.springframework.boot.context.embedded.AnnotationConfigEmbeddedWebApplicationContext@4077f56e: startup date [Thu Jan 11 09:37:58 CST 2018]; root of context hierarchy 
09:38:03.073 [restartedMain] INFO  o.s.w.s.m.m.a.RequestMappingHandlerMapping - Mapped "{[/activate]}" onto public java.lang.String src.main.utweb.controller.ActivateController.activate() 
09:38:03.076 [restartedMain] INFO  o.s.w.s.m.m.a.RequestMappingHandlerMapping - Mapped "{[/doActivate]}" onto public src.main.utweb.server.dto.ResultDto src.main.utweb.controller.ActivateController.doActivate(java.lang.String,java.lang.String) 
09:38:03.078 [restartedMain] INFO  o.s.w.s.m.m.a.RequestMappingHandlerMapping - Mapped "{[/deleteAllNotice]}" onto public src.main.utweb.server.dto.ResultDto src.main.utweb.controller.CommonController.deleteAllNotice(java.lang.String) 
09:38:03.078 [restartedMain] INFO  o.s.w.s.m.m.a.RequestMappingHandlerMapping - Mapped "{[/getAllUserInfo]}" onto public src.main.utweb.server.dto.ResultDto src.main.utweb.controller.CommonController.getAllUserInfo() 
09:38:03.079 [restartedMain] INFO  o.s.w.s.m.m.a.RequestMappingHandlerMapping - Mapped "{[/delSession]}" onto public java.lang.String src.main.utweb.controller.CommonController.delSession(javax.servlet.http.HttpServletRequest,javax.servlet.http.HttpServletResponse) 
09:38:03.079 [restartedMain] INFO  o.s.w.s.m.m.a.RequestMappingHandlerMapping - Mapped "{[/getNotification]}" onto public src.main.utweb.server.dto.ResultDto src.main.utweb.controller.CommonController.getNotification(java.lang.String) 
09:38:03.079 [restartedMain] INFO  o.s.w.s.m.m.a.RequestMappingHandlerMapping - Mapped "{[/changeNoticeUseFlag]}" onto public src.main.utweb.server.dto.ResultDto src.main.utweb.controller.CommonController.changeNoticeUseFlag(java.lang.String) 
09:38:03.079 [restartedMain] INFO  o.s.w.s.m.m.a.RequestMappingHandlerMapping - Mapped "{[/getSession]}" onto public src.main.utweb.server.dto.CurrentSessionDto src.main.utweb.controller.CommonController.getSession(javax.servlet.http.HttpServletRequest,javax.servlet.http.HttpServletResponse) 
09:38:03.081 [restartedMain] INFO  o.s.w.s.m.m.a.RequestMappingHandlerMapping - Mapped "{[/index]}" onto public java.lang.String src.main.utweb.controller.IndexController.login() 
09:38:03.081 [restartedMain] INFO  o.s.w.s.m.m.a.RequestMappingHandlerMapping - Mapped "{[/index/content_list]}" onto public src.main.utweb.server.dto.ResultDto src.main.utweb.controller.IndexController.content_list(java.lang.String,java.lang.String) 
09:38:03.083 [restartedMain] INFO  o.s.w.s.m.m.a.RequestMappingHandlerMapping - Mapped "{[/login]}" onto public java.lang.String src.main.utweb.controller.LoginController.login() 
09:38:03.083 [restartedMain] INFO  o.s.w.s.m.m.a.RequestMappingHandlerMapping - Mapped "{[/login/buildImage]}" onto public void src.main.utweb.controller.LoginController.buildImage(javax.servlet.http.HttpServletRequest,javax.servlet.http.HttpServletResponse,javax.servlet.http.HttpSession) throws java.io.IOException 
09:38:03.083 [restartedMain] INFO  o.s.w.s.m.m.a.RequestMappingHandlerMapping - Mapped "{[/login/doSignIn]}" onto public src.main.utweb.server.dto.ResultDto src.main.utweb.controller.LoginController.doSignIn(javax.servlet.http.HttpServletRequest,javax.servlet.http.HttpServletResponse,java.lang.String,java.lang.String,java.lang.String) throws java.io.IOException 
09:38:03.084 [restartedMain] INFO  o.s.w.s.m.m.a.RequestMappingHandlerMapping - Mapped "{[/newSubject.do]}" onto public java.lang.String src.main.utweb.controller.NewSubjectController.creatNewSubject() 
09:38:03.085 [restartedMain] INFO  o.s.w.s.m.m.a.RequestMappingHandlerMapping - Mapped "{[/creatNewSubject]}" onto public src.main.utweb.server.dto.ResultDto src.main.utweb.controller.NewSubjectController.creatNewSubject(java.lang.String,java.lang.String,java.lang.String,java.lang.String) 
09:38:03.087 [restartedMain] INFO  o.s.w.s.m.m.a.RequestMappingHandlerMapping - Mapped "{[/personalCenter.do]}" onto public java.lang.String src.main.utweb.controller.personalCenterController.personalCenter() 
09:38:03.087 [restartedMain] INFO  o.s.w.s.m.m.a.RequestMappingHandlerMapping - Mapped "{[/changeUserImg]}" onto public src.main.utweb.server.dto.ResultDto src.main.utweb.controller.personalCenterController.changeUserImg(javax.servlet.http.HttpServletRequest,java.lang.String,java.lang.String) 
09:38:03.088 [restartedMain] INFO  o.s.w.s.m.m.a.RequestMappingHandlerMapping - Mapped "{[/getPersonalReply]}" onto public src.main.utweb.server.dto.ResultDto src.main.utweb.controller.personalCenterController.getPersonalReply(java.lang.String) 
09:38:03.088 [restartedMain] INFO  o.s.w.s.m.m.a.RequestMappingHandlerMapping - Mapped "{[/getUserInfoByLoginName]}" onto public src.main.utweb.server.dto.ResultDto src.main.utweb.controller.personalCenterController.getUserInfoByLoginName(java.lang.String) 
09:38:03.088 [restartedMain] INFO  o.s.w.s.m.m.a.RequestMappingHandlerMapping - Mapped "{[/getPersonalSubject]}" onto public src.main.utweb.server.dto.ResultDto src.main.utweb.controller.personalCenterController.getPersonalSubject(java.lang.String) 
09:38:03.090 [restartedMain] INFO  o.s.w.s.m.m.a.RequestMappingHandlerMapping - Mapped "{[/register]}" onto public java.lang.String src.main.utweb.controller.RegisterController.register() 
09:38:03.091 [restartedMain] INFO  o.s.w.s.m.m.a.RequestMappingHandlerMapping - Mapped "{[/register/doSignUp]}" onto public src.main.utweb.server.dto.ResultDto src.main.utweb.controller.RegisterController.doSignUp(java.lang.String,java.lang.String,java.lang.String,java.lang.String) 
09:38:03.092 [restartedMain] INFO  o.s.w.s.m.m.a.RequestMappingHandlerMapping - Mapped "{[/subjectContent.do]}" onto public java.lang.String src.main.utweb.controller.SubjectContentController.creatNewSubject() 
09:38:03.093 [restartedMain] INFO  o.s.w.s.m.m.a.RequestMappingHandlerMapping - Mapped "{[/addReplyContent]}" onto public src.main.utweb.server.dto.ResultDto src.main.utweb.controller.SubjectContentController.addReplyContent(java.lang.String,java.lang.String,java.lang.String,java.lang.String,java.lang.String,java.lang.String,java.lang.String) 
09:38:03.093 [restartedMain] INFO  o.s.w.s.m.m.a.RequestMappingHandlerMapping - Mapped "{[/getReplyInfo]}" onto public src.main.utweb.server.dto.ResultDto src.main.utweb.controller.SubjectContentController.getReplyInfo(java.lang.String) 
09:38:03.093 [restartedMain] INFO  o.s.w.s.m.m.a.RequestMappingHandlerMapping - Mapped "{[/getSubjectInfo]}" onto public src.main.utweb.server.dto.ResultDto src.main.utweb.controller.SubjectContentController.getSubjectInfo(java.lang.String) 
09:38:03.097 [restartedMain] INFO  o.s.w.s.m.m.a.RequestMappingHandlerMapping - Mapped "{[/error]}" onto public org.springframework.http.ResponseEntity<java.util.Map<java.lang.String, java.lang.Object>> org.springframework.boot.autoconfigure.web.BasicErrorController.error(javax.servlet.http.HttpServletRequest) 
09:38:03.097 [restartedMain] INFO  o.s.w.s.m.m.a.RequestMappingHandlerMapping - Mapped "{[/error],produces=[text/html]}" onto public org.springframework.web.servlet.ModelAndView org.springframework.boot.autoconfigure.web.BasicErrorController.errorHtml(javax.servlet.http.HttpServletRequest,javax.servlet.http.HttpServletResponse) 
09:38:03.140 [restartedMain] INFO  o.s.w.s.h.SimpleUrlHandlerMapping - Mapped URL path [/webjars/**] onto handler of type [class org.springframework.web.servlet.resource.ResourceHttpRequestHandler] 
09:38:03.140 [restartedMain] INFO  o.s.w.s.h.SimpleUrlHandlerMapping - Mapped URL path [/**] onto handler of type [class org.springframework.web.servlet.resource.ResourceHttpRequestHandler] 
09:38:03.218 [restartedMain] INFO  o.s.w.s.h.SimpleUrlHandlerMapping - Mapped URL path [/**/favicon.ico] onto handler of type [class org.springframework.web.servlet.resource.ResourceHttpRequestHandler] 
09:38:04.464 [restartedMain] WARN  o.s.b.d.a.OptionalLiveReloadServer - Unable to start LiveReload server 
09:38:04.540 [restartedMain] INFO  o.s.j.e.a.AnnotationMBeanExporter - Registering beans for JMX exposure on startup 
09:38:04.558 [restartedMain] INFO  o.s.s.a.ScheduledAnnotationBeanPostProcessor - No TaskScheduler/ScheduledExecutorService bean found for scheduled processing 
09:38:04.691 [restartedMain] ERROR o.a.coyote.http11.Http11NioProtocol - Failed to start end point associated with ProtocolHandler ["http-nio-8080"] 
java.net.BindException: Address already in use: bind
	at sun.nio.ch.Net.bind0(Native Method)
	at sun.nio.ch.Net.bind(Unknown Source)
	at sun.nio.ch.Net.bind(Unknown Source)
	at sun.nio.ch.ServerSocketChannelImpl.bind(Unknown Source)
	at sun.nio.ch.ServerSocketAdaptor.bind(Unknown Source)
	at org.apache.tomcat.util.net.NioEndpoint.bind(NioEndpoint.java:210)
	at org.apache.tomcat.util.net.AbstractEndpoint.start(AbstractEndpoint.java:978)
	at org.apache.coyote.AbstractProtocol.start(AbstractProtocol.java:628)
	at org.apache.catalina.connector.Connector.startInternal(Connector.java:993)
	at org.apache.catalina.util.LifecycleBase.start(LifecycleBase.java:150)
	at org.apache.catalina.core.StandardService.addConnector(StandardService.java:225)
	at org.springframework.boot.context.embedded.tomcat.TomcatEmbeddedServletContainer.addPreviouslyRemovedConnectors(TomcatEmbeddedServletContainer.java:247)
	at org.springframework.boot.context.embedded.tomcat.TomcatEmbeddedServletContainer.start(TomcatEmbeddedServletContainer.java:190)
	at org.springframework.boot.context.embedded.EmbeddedWebApplicationContext.startEmbeddedServletContainer(EmbeddedWebApplicationContext.java:297)
	at org.springframework.boot.context.embedded.EmbeddedWebApplicationContext.finishRefresh(EmbeddedWebApplicationContext.java:145)
	at org.springframework.context.support.AbstractApplicationContext.refresh(AbstractApplicationContext.java:545)
	at org.springframework.boot.context.embedded.EmbeddedWebApplicationContext.refresh(EmbeddedWebApplicationContext.java:122)
	at org.springframework.boot.SpringApplication.refresh(SpringApplication.java:737)
	at org.springframework.boot.SpringApplication.refreshContext(SpringApplication.java:370)
	at org.springframework.boot.SpringApplication.run(SpringApplication.java:314)
	at org.springframework.boot.SpringApplication.run(SpringApplication.java:1162)
	at org.springframework.boot.SpringApplication.run(SpringApplication.java:1151)
	at src.main.utweb.UTApplication.main(UTApplication.java:12)
	at sun.reflect.NativeMethodAccessorImpl.invoke0(Native Method)
	at sun.reflect.NativeMethodAccessorImpl.invoke(Unknown Source)
	at sun.reflect.DelegatingMethodAccessorImpl.invoke(Unknown Source)
	at java.lang.reflect.Method.invoke(Unknown Source)
	at org.springframework.boot.devtools.restart.RestartLauncher.run(RestartLauncher.java:49)
09:38:04.693 [restartedMain] ERROR o.a.catalina.core.StandardService - Failed to start connector [Connector[HTTP/1.1-8080]] 
org.apache.catalina.LifecycleException: Failed to start component [Connector[HTTP/1.1-8080]]
	at org.apache.catalina.util.LifecycleBase.start(LifecycleBase.java:167)
	at org.apache.catalina.core.StandardService.addConnector(StandardService.java:225)
	at org.springframework.boot.context.embedded.tomcat.TomcatEmbeddedServletContainer.addPreviouslyRemovedConnectors(TomcatEmbeddedServletContainer.java:247)
	at org.springframework.boot.context.embedded.tomcat.TomcatEmbeddedServletContainer.start(TomcatEmbeddedServletContainer.java:190)
	at org.springframework.boot.context.embedded.EmbeddedWebApplicationContext.startEmbeddedServletContainer(EmbeddedWebApplicationContext.java:297)
	at org.springframework.boot.context.embedded.EmbeddedWebApplicationContext.finishRefresh(EmbeddedWebApplicationContext.java:145)
	at org.springframework.context.support.AbstractApplicationContext.refresh(AbstractApplicationContext.java:545)
	at org.springframework.boot.context.embedded.EmbeddedWebApplicationContext.refresh(EmbeddedWebApplicationContext.java:122)
	at org.springframework.boot.SpringApplication.refresh(SpringApplication.java:737)
	at org.springframework.boot.SpringApplication.refreshContext(SpringApplication.java:370)
	at org.springframework.boot.SpringApplication.run(SpringApplication.java:314)
	at org.springframework.boot.SpringApplication.run(SpringApplication.java:1162)
	at org.springframework.boot.SpringApplication.run(SpringApplication.java:1151)
	at src.main.utweb.UTApplication.main(UTApplication.java:12)
	at sun.reflect.NativeMethodAccessorImpl.invoke0(Native Method)
	at sun.reflect.NativeMethodAccessorImpl.invoke(Unknown Source)
	at sun.reflect.DelegatingMethodAccessorImpl.invoke(Unknown Source)
	at java.lang.reflect.Method.invoke(Unknown Source)
	at org.springframework.boot.devtools.restart.RestartLauncher.run(RestartLauncher.java:49)
Caused by: org.apache.catalina.LifecycleException: service.getName(): "Tomcat";  Protocol handler start failed
	at org.apache.catalina.connector.Connector.startInternal(Connector.java:1000)
	at org.apache.catalina.util.LifecycleBase.start(LifecycleBase.java:150)
	... 18 common frames omitted
Caused by: java.net.BindException: Address already in use: bind
	at sun.nio.ch.Net.bind0(Native Method)
	at sun.nio.ch.Net.bind(Unknown Source)
	at sun.nio.ch.Net.bind(Unknown Source)
	at sun.nio.ch.ServerSocketChannelImpl.bind(Unknown Source)
	at sun.nio.ch.ServerSocketAdaptor.bind(Unknown Source)
	at org.apache.tomcat.util.net.NioEndpoint.bind(NioEndpoint.java:210)
	at org.apache.tomcat.util.net.AbstractEndpoint.start(AbstractEndpoint.java:978)
	at org.apache.coyote.AbstractProtocol.start(AbstractProtocol.java:628)
	at org.apache.catalina.connector.Connector.startInternal(Connector.java:993)
	... 19 common frames omitted
09:38:04.702 [restartedMain] INFO  o.a.catalina.core.StandardService - Stopping service Tomcat 
09:38:04.754 [restartedMain] INFO  o.s.b.a.l.AutoConfigurationReportLoggingInitializer - 

Error starting ApplicationContext. To display the auto-configuration report re-run your application with 'debug' enabled. 
09:38:04.758 [restartedMain] ERROR o.s.b.d.LoggingFailureAnalysisReporter - 

***************************
APPLICATION FAILED TO START
***************************

Description:

The Tomcat connector configured to listen on port 8080 failed to start. The port may already be in use or the connector may be misconfigured.

Action:

Verify the connector's configuration, identify and stop any process that's listening on port 8080, or configure this application to listen on another port.
 
09:38:04.771 [restartedMain] INFO  o.s.b.c.e.AnnotationConfigEmbeddedWebApplicationContext - Closing org.springframework.boot.context.embedded.AnnotationConfigEmbeddedWebApplicationContext@4077f56e: startup date [Thu Jan 11 09:37:58 CST 2018]; root of context hierarchy 
09:38:04.776 [restartedMain] INFO  o.s.j.e.a.AnnotationMBeanExporter - Unregistering JMX-exposed beans on shutdown 
09:38:27.452 [RMI TCP Connection(1135)-192.168.74.208] INFO  o.s.b.a.SpringApplicationAdminMXBeanRegistrar$SpringApplicationAdmin - Application shutdown requested. 
09:38:27.542 [RMI TCP Connection(1135)-192.168.74.208] INFO  o.s.b.c.e.AnnotationConfigEmbeddedWebApplicationContext - Closing org.springframework.boot.context.embedded.AnnotationConfigEmbeddedWebApplicationContext@74c9de29: startup date [Tue Jan 09 10:44:12 CST 2018]; root of context hierarchy 
09:38:27.571 [RMI TCP Connection(1135)-192.168.74.208] INFO  o.s.j.e.a.AnnotationMBeanExporter - Unregistering JMX-exposed beans on shutdown 
09:38:53.847 [restartedMain] INFO  src.main.utweb.UTApplication - Starting UTApplication on 160479-Wn10-JP with PID 9504 (F:\unrestrained-travel\target\classes started by wangxian in F:\unrestrained-travel) 
09:38:53.851 [restartedMain] INFO  src.main.utweb.UTApplication - No active profile set, falling back to default profiles: default 
09:38:54.156 [restartedMain] INFO  o.s.b.c.e.AnnotationConfigEmbeddedWebApplicationContext - Refreshing org.springframework.boot.context.embedded.AnnotationConfigEmbeddedWebApplicationContext@5df1f623: startup date [Thu Jan 11 09:38:54 CST 2018]; root of context hierarchy 
09:38:55.738 [restartedMain] INFO  o.s.b.c.e.t.TomcatEmbeddedServletContainer - Tomcat initialized with port(s): 8080 (http) 
09:38:55.752 [restartedMain] INFO  o.a.catalina.core.StandardService - Starting service Tomcat 
09:38:55.753 [restartedMain] INFO  o.a.catalina.core.StandardEngine - Starting Servlet Engine: Apache Tomcat/8.5.14 
09:38:56.182 [localhost-startStop-1] INFO  o.a.c.c.C.[Tomcat].[localhost].[/] - Initializing Spring embedded WebApplicationContext 
09:38:56.183 [localhost-startStop-1] INFO  o.s.web.context.ContextLoader - Root WebApplicationContext: initialization completed in 2027 ms 
09:38:56.398 [localhost-startStop-1] INFO  o.s.b.w.s.FilterRegistrationBean - Mapping filter: 'characterEncodingFilter' to: [/*] 
09:38:56.398 [localhost-startStop-1] INFO  o.s.b.w.s.FilterRegistrationBean - Mapping filter: 'hiddenHttpMethodFilter' to: [/*] 
09:38:56.399 [localhost-startStop-1] INFO  o.s.b.w.s.FilterRegistrationBean - Mapping filter: 'httpPutFormContentFilter' to: [/*] 
09:38:56.399 [localhost-startStop-1] INFO  o.s.b.w.s.FilterRegistrationBean - Mapping filter: 'requestContextFilter' to: [/*] 
09:38:56.399 [localhost-startStop-1] INFO  o.s.b.w.s.FilterRegistrationBean - Mapping filter: 'sessionFilter' to urls: [*.do] 
09:38:56.400 [localhost-startStop-1] INFO  o.s.b.w.s.ServletRegistrationBean - Mapping servlet: 'dispatcherServlet' to [/] 
09:38:57.182 [restartedMain] INFO  o.s.w.s.m.m.a.RequestMappingHandlerAdapter - Looking for @ControllerAdvice: org.springframework.boot.context.embedded.AnnotationConfigEmbeddedWebApplicationContext@5df1f623: startup date [Thu Jan 11 09:38:54 CST 2018]; root of context hierarchy 
09:38:57.259 [restartedMain] INFO  o.s.w.s.m.m.a.RequestMappingHandlerMapping - Mapped "{[/activate]}" onto public java.lang.String src.main.utweb.controller.ActivateController.activate() 
09:38:57.261 [restartedMain] INFO  o.s.w.s.m.m.a.RequestMappingHandlerMapping - Mapped "{[/doActivate]}" onto public src.main.utweb.server.dto.ResultDto src.main.utweb.controller.ActivateController.doActivate(java.lang.String,java.lang.String) 
09:38:57.262 [restartedMain] INFO  o.s.w.s.m.m.a.RequestMappingHandlerMapping - Mapped "{[/changeNoticeUseFlag]}" onto public src.main.utweb.server.dto.ResultDto src.main.utweb.controller.CommonController.changeNoticeUseFlag(java.lang.String) 
09:38:57.263 [restartedMain] INFO  o.s.w.s.m.m.a.RequestMappingHandlerMapping - Mapped "{[/getSession]}" onto public src.main.utweb.server.dto.CurrentSessionDto src.main.utweb.controller.CommonController.getSession(javax.servlet.http.HttpServletRequest,javax.servlet.http.HttpServletResponse) 
09:38:57.263 [restartedMain] INFO  o.s.w.s.m.m.a.RequestMappingHandlerMapping - Mapped "{[/getNotification]}" onto public src.main.utweb.server.dto.ResultDto src.main.utweb.controller.CommonController.getNotification(java.lang.String) 
09:38:57.263 [restartedMain] INFO  o.s.w.s.m.m.a.RequestMappingHandlerMapping - Mapped "{[/delSession]}" onto public java.lang.String src.main.utweb.controller.CommonController.delSession(javax.servlet.http.HttpServletRequest,javax.servlet.http.HttpServletResponse) 
09:38:57.264 [restartedMain] INFO  o.s.w.s.m.m.a.RequestMappingHandlerMapping - Mapped "{[/getAllUserInfo]}" onto public src.main.utweb.server.dto.ResultDto src.main.utweb.controller.CommonController.getAllUserInfo() 
09:38:57.264 [restartedMain] INFO  o.s.w.s.m.m.a.RequestMappingHandlerMapping - Mapped "{[/deleteAllNotice]}" onto public src.main.utweb.server.dto.ResultDto src.main.utweb.controller.CommonController.deleteAllNotice(java.lang.String) 
09:38:57.266 [restartedMain] INFO  o.s.w.s.m.m.a.RequestMappingHandlerMapping - Mapped "{[/index]}" onto public java.lang.String src.main.utweb.controller.IndexController.login() 
09:38:57.267 [restartedMain] INFO  o.s.w.s.m.m.a.RequestMappingHandlerMapping - Mapped "{[/index/content_list]}" onto public src.main.utweb.server.dto.ResultDto src.main.utweb.controller.IndexController.content_list(java.lang.String,java.lang.String) 
09:38:57.268 [restartedMain] INFO  o.s.w.s.m.m.a.RequestMappingHandlerMapping - Mapped "{[/login]}" onto public java.lang.String src.main.utweb.controller.LoginController.login() 
09:38:57.268 [restartedMain] INFO  o.s.w.s.m.m.a.RequestMappingHandlerMapping - Mapped "{[/login/buildImage]}" onto public void src.main.utweb.controller.LoginController.buildImage(javax.servlet.http.HttpServletRequest,javax.servlet.http.HttpServletResponse,javax.servlet.http.HttpSession) throws java.io.IOException 
09:38:57.269 [restartedMain] INFO  o.s.w.s.m.m.a.RequestMappingHandlerMapping - Mapped "{[/login/doSignIn]}" onto public src.main.utweb.server.dto.ResultDto src.main.utweb.controller.LoginController.doSignIn(javax.servlet.http.HttpServletRequest,javax.servlet.http.HttpServletResponse,java.lang.String,java.lang.String,java.lang.String) throws java.io.IOException 
09:38:57.269 [restartedMain] INFO  o.s.w.s.m.m.a.RequestMappingHandlerMapping - Mapped "{[/newSubject.do]}" onto public java.lang.String src.main.utweb.controller.NewSubjectController.creatNewSubject() 
09:38:57.269 [restartedMain] INFO  o.s.w.s.m.m.a.RequestMappingHandlerMapping - Mapped "{[/creatNewSubject]}" onto public src.main.utweb.server.dto.ResultDto src.main.utweb.controller.NewSubjectController.creatNewSubject(java.lang.String,java.lang.String,java.lang.String,java.lang.String) 
09:38:57.271 [restartedMain] INFO  o.s.w.s.m.m.a.RequestMappingHandlerMapping - Mapped "{[/getPersonalSubject]}" onto public src.main.utweb.server.dto.ResultDto src.main.utweb.controller.personalCenterController.getPersonalSubject(java.lang.String) 
09:38:57.272 [restartedMain] INFO  o.s.w.s.m.m.a.RequestMappingHandlerMapping - Mapped "{[/getUserInfoByLoginName]}" onto public src.main.utweb.server.dto.ResultDto src.main.utweb.controller.personalCenterController.getUserInfoByLoginName(java.lang.String) 
09:38:57.272 [restartedMain] INFO  o.s.w.s.m.m.a.RequestMappingHandlerMapping - Mapped "{[/changeUserImg]}" onto public src.main.utweb.server.dto.ResultDto src.main.utweb.controller.personalCenterController.changeUserImg(javax.servlet.http.HttpServletRequest,java.lang.String,java.lang.String) 
09:38:57.272 [restartedMain] INFO  o.s.w.s.m.m.a.RequestMappingHandlerMapping - Mapped "{[/personalCenter.do]}" onto public java.lang.String src.main.utweb.controller.personalCenterController.personalCenter() 
09:38:57.272 [restartedMain] INFO  o.s.w.s.m.m.a.RequestMappingHandlerMapping - Mapped "{[/getPersonalReply]}" onto public src.main.utweb.server.dto.ResultDto src.main.utweb.controller.personalCenterController.getPersonalReply(java.lang.String) 
09:38:57.273 [restartedMain] INFO  o.s.w.s.m.m.a.RequestMappingHandlerMapping - Mapped "{[/register]}" onto public java.lang.String src.main.utweb.controller.RegisterController.register() 
09:38:57.273 [restartedMain] INFO  o.s.w.s.m.m.a.RequestMappingHandlerMapping - Mapped "{[/register/doSignUp]}" onto public src.main.utweb.server.dto.ResultDto src.main.utweb.controller.RegisterController.doSignUp(java.lang.String,java.lang.String,java.lang.String,java.lang.String) 
09:38:57.274 [restartedMain] INFO  o.s.w.s.m.m.a.RequestMappingHandlerMapping - Mapped "{[/subjectContent.do]}" onto public java.lang.String src.main.utweb.controller.SubjectContentController.creatNewSubject() 
09:38:57.274 [restartedMain] INFO  o.s.w.s.m.m.a.RequestMappingHandlerMapping - Mapped "{[/getReplyInfo]}" onto public src.main.utweb.server.dto.ResultDto src.main.utweb.controller.SubjectContentController.getReplyInfo(java.lang.String) 
09:38:57.275 [restartedMain] INFO  o.s.w.s.m.m.a.RequestMappingHandlerMapping - Mapped "{[/getSubjectInfo]}" onto public src.main.utweb.server.dto.ResultDto src.main.utweb.controller.SubjectContentController.getSubjectInfo(java.lang.String) 
09:38:57.275 [restartedMain] INFO  o.s.w.s.m.m.a.RequestMappingHandlerMapping - Mapped "{[/addReplyContent]}" onto public src.main.utweb.server.dto.ResultDto src.main.utweb.controller.SubjectContentController.addReplyContent(java.lang.String,java.lang.String,java.lang.String,java.lang.String,java.lang.String,java.lang.String,java.lang.String) 
09:38:57.277 [restartedMain] INFO  o.s.w.s.m.m.a.RequestMappingHandlerMapping - Mapped "{[/error]}" onto public org.springframework.http.ResponseEntity<java.util.Map<java.lang.String, java.lang.Object>> org.springframework.boot.autoconfigure.web.BasicErrorController.error(javax.servlet.http.HttpServletRequest) 
09:38:57.277 [restartedMain] INFO  o.s.w.s.m.m.a.RequestMappingHandlerMapping - Mapped "{[/error],produces=[text/html]}" onto public org.springframework.web.servlet.ModelAndView org.springframework.boot.autoconfigure.web.BasicErrorController.errorHtml(javax.servlet.http.HttpServletRequest,javax.servlet.http.HttpServletResponse) 
09:38:57.310 [restartedMain] INFO  o.s.w.s.h.SimpleUrlHandlerMapping - Mapped URL path [/webjars/**] onto handler of type [class org.springframework.web.servlet.resource.ResourceHttpRequestHandler] 
09:38:57.311 [restartedMain] INFO  o.s.w.s.h.SimpleUrlHandlerMapping - Mapped URL path [/**] onto handler of type [class org.springframework.web.servlet.resource.ResourceHttpRequestHandler] 
09:38:57.355 [restartedMain] INFO  o.s.w.s.h.SimpleUrlHandlerMapping - Mapped URL path [/**/favicon.ico] onto handler of type [class org.springframework.web.servlet.resource.ResourceHttpRequestHandler] 
09:38:58.396 [restartedMain] INFO  o.s.b.d.a.OptionalLiveReloadServer - LiveReload server is running on port 35729 
09:38:58.475 [restartedMain] INFO  o.s.j.e.a.AnnotationMBeanExporter - Registering beans for JMX exposure on startup 
09:38:58.494 [restartedMain] INFO  o.s.s.a.ScheduledAnnotationBeanPostProcessor - No TaskScheduler/ScheduledExecutorService bean found for scheduled processing 
09:38:58.633 [restartedMain] INFO  o.s.b.c.e.t.TomcatEmbeddedServletContainer - Tomcat started on port(s): 8080 (http) 
09:38:58.652 [restartedMain] INFO  src.main.utweb.UTApplication - Started UTApplication in 5.183 seconds (JVM running for 6.093) 
09:39:34.089 [http-nio-8080-exec-1] INFO  o.a.c.c.C.[Tomcat].[localhost].[/] - Initializing Spring FrameworkServlet 'dispatcherServlet' 
09:39:34.089 [http-nio-8080-exec-1] INFO  o.s.web.servlet.DispatcherServlet - FrameworkServlet 'dispatcherServlet': initialization started 
09:39:34.127 [http-nio-8080-exec-1] INFO  o.s.web.servlet.DispatcherServlet - FrameworkServlet 'dispatcherServlet': initialization completed in 38 ms 
09:40:50.599 [http-nio-8080-exec-9] INFO  s.m.u.c.SubjectContentController - 主题内容页面加载 
09:40:50.937 [http-nio-8080-exec-5] INFO  s.m.u.c.SubjectContentController - ==========getSubjectInfo_start====== 
09:40:50.940 [http-nio-8080-exec-5] INFO  s.m.u.c.SubjectContentController - ==========getSubjectInfo_end====== 
09:40:50.947 [http-nio-8080-exec-10] INFO  s.m.u.c.SubjectContentController - ==========getReplyInfo_start====== 
09:40:50.955 [http-nio-8080-exec-10] INFO  s.m.u.c.SubjectContentController - ==========getReplyInfo_end====== 
10:27:17.897 [http-nio-8080-exec-5] INFO  s.m.u.c.personalCenterController - ==========getPersonalSubject_start====== 
10:27:17.900 [http-nio-8080-exec-5] INFO  s.m.u.c.personalCenterController - ==========getPersonalSubject_end====== 
10:27:17.908 [http-nio-8080-exec-4] INFO  s.m.u.c.personalCenterController - ==========getPersonalSubject_start====== 
10:27:17.921 [http-nio-8080-exec-4] INFO  s.m.u.c.personalCenterController - ==========getPersonalSubject_end====== 
10:33:25.586 [http-nio-8080-exec-6] INFO  s.m.u.c.personalCenterController - ==========getPersonalSubject_start====== 
10:33:25.606 [http-nio-8080-exec-6] INFO  s.m.u.c.personalCenterController - ==========getPersonalSubject_end====== 
10:33:25.612 [http-nio-8080-exec-3] INFO  s.m.u.c.personalCenterController - ==========getPersonalSubject_start====== 
10:33:25.619 [http-nio-8080-exec-3] INFO  s.m.u.c.personalCenterController - ==========getPersonalSubject_end====== 
10:43:48.470 [http-nio-8080-exec-4] INFO  s.m.u.c.personalCenterController - ==========getPersonalSubject_start====== 
10:43:48.471 [http-nio-8080-exec-4] INFO  s.m.u.c.personalCenterController - ==========getPersonalSubject_end====== 
10:43:48.477 [http-nio-8080-exec-5] INFO  s.m.u.c.personalCenterController - ==========getPersonalSubject_start====== 
10:43:48.485 [http-nio-8080-exec-5] INFO  s.m.u.c.personalCenterController - ==========getPersonalSubject_end====== 
14:13:39.993 [http-nio-8080-exec-6] INFO  s.m.u.c.SubjectContentController - 主题内容页面加载 
14:13:40.249 [http-nio-8080-exec-1] INFO  s.m.u.c.SubjectContentController - ==========getSubjectInfo_start====== 
14:13:40.250 [http-nio-8080-exec-1] INFO  s.m.u.c.SubjectContentController - ==========getSubjectInfo_end====== 
14:13:40.256 [http-nio-8080-exec-7] INFO  s.m.u.c.SubjectContentController - ==========getReplyInfo_start====== 
14:13:40.259 [http-nio-8080-exec-7] INFO  s.m.u.c.SubjectContentController - ==========getReplyInfo_end====== 
15:15:31.013 [http-nio-8080-exec-4] INFO  s.m.u.c.SubjectContentController - 主题内容页面加载 
15:15:31.354 [http-nio-8080-exec-1] INFO  s.m.u.c.SubjectContentController - ==========getSubjectInfo_start====== 
15:15:31.356 [http-nio-8080-exec-1] INFO  s.m.u.c.SubjectContentController - ==========getSubjectInfo_end====== 
15:15:31.382 [http-nio-8080-exec-3] INFO  s.m.u.c.SubjectContentController - ==========getReplyInfo_start====== 
15:15:31.387 [http-nio-8080-exec-3] INFO  s.m.u.c.SubjectContentController - ==========getReplyInfo_end====== 
15:30:44.856 [http-nio-8080-exec-4] INFO  s.m.u.c.SubjectContentController - 主题内容页面加载 
15:30:45.201 [http-nio-8080-exec-1] INFO  s.m.u.c.SubjectContentController - ==========getSubjectInfo_start====== 
15:30:45.203 [http-nio-8080-exec-1] INFO  s.m.u.c.SubjectContentController - ==========getSubjectInfo_end====== 
15:40:25.839 [http-nio-8080-exec-2] INFO  s.m.u.c.SubjectContentController - 主题内容页面加载 
15:40:26.246 [http-nio-8080-exec-6] INFO  s.m.u.c.SubjectContentController - ==========getSubjectInfo_start====== 
15:40:26.248 [http-nio-8080-exec-6] INFO  s.m.u.c.SubjectContentController - ==========getSubjectInfo_end====== 
15:42:43.244 [http-nio-8080-exec-10] INFO  s.m.u.c.SubjectContentController - 主题内容页面加载 
15:42:43.451 [http-nio-8080-exec-10] INFO  s.m.u.c.SubjectContentController - ==========getSubjectInfo_start====== 
15:42:43.453 [http-nio-8080-exec-10] INFO  s.m.u.c.SubjectContentController - ==========getSubjectInfo_end====== 
15:52:46.649 [http-nio-8080-exec-2] INFO  s.m.u.c.SubjectContentController - 主题内容页面加载 
15:52:47.037 [http-nio-8080-exec-3] INFO  s.m.u.c.SubjectContentController - ==========getSubjectInfo_start====== 
15:52:47.039 [http-nio-8080-exec-3] INFO  s.m.u.c.SubjectContentController - ==========getSubjectInfo_end====== 
15:55:18.254 [http-nio-8080-exec-8] INFO  s.m.u.c.SubjectContentController - 主题内容页面加载 
15:55:18.457 [http-nio-8080-exec-3] INFO  s.m.u.c.SubjectContentController - ==========getSubjectInfo_start====== 
15:55:18.459 [http-nio-8080-exec-3] INFO  s.m.u.c.SubjectContentController - ==========getSubjectInfo_end====== 
15:56:48.805 [http-nio-8080-exec-9] INFO  s.m.u.c.SubjectContentController - 主题内容页面加载 
15:56:48.999 [http-nio-8080-exec-5] INFO  s.m.u.c.SubjectContentController - ==========getSubjectInfo_start====== 
15:56:49.000 [http-nio-8080-exec-5] INFO  s.m.u.c.SubjectContentController - ==========getSubjectInfo_end====== 
15:56:53.551 [http-nio-8080-exec-10] INFO  s.m.u.c.SubjectContentController - ==========addReplyContent_start====== 
15:56:53.603 [http-nio-8080-exec-10] INFO  s.m.u.c.SubjectContentController - ==========addReplyContent_end====== 
15:56:53.608 [http-nio-8080-exec-1] INFO  s.m.u.c.SubjectContentController - ==========getSubjectInfo_start====== 
15:56:53.609 [http-nio-8080-exec-1] INFO  s.m.u.c.SubjectContentController - ==========getSubjectInfo_end====== 
15:56:53.619 [http-nio-8080-exec-2] INFO  s.m.u.c.SubjectContentController - ==========getReplyInfo_start====== 
15:56:53.621 [http-nio-8080-exec-2] INFO  s.m.u.c.SubjectContentController - ==========getReplyInfo_end====== 
15:59:20.955 [http-nio-8080-exec-10] INFO  s.m.u.c.SubjectContentController - 主题内容页面加载 
15:59:21.178 [http-nio-8080-exec-8] INFO  s.m.u.c.SubjectContentController - ==========getSubjectInfo_start====== 
15:59:21.179 [http-nio-8080-exec-8] INFO  s.m.u.c.SubjectContentController - ==========getSubjectInfo_end====== 
15:59:21.202 [http-nio-8080-exec-5] INFO  s.m.u.c.SubjectContentController - ==========getReplyInfo_start====== 
15:59:21.203 [http-nio-8080-exec-5] INFO  s.m.u.c.SubjectContentController - ==========getReplyInfo_end====== 
15:59:45.598 [http-nio-8080-exec-9] INFO  s.m.u.c.SubjectContentController - 主题内容页面加载 
15:59:45.841 [http-nio-8080-exec-6] INFO  s.m.u.c.SubjectContentController - ==========getSubjectInfo_start====== 
15:59:45.842 [http-nio-8080-exec-6] INFO  s.m.u.c.SubjectContentController - ==========getSubjectInfo_end====== 
15:59:45.862 [http-nio-8080-exec-1] INFO  s.m.u.c.SubjectContentController - ==========getReplyInfo_start====== 
15:59:45.864 [http-nio-8080-exec-1] INFO  s.m.u.c.SubjectContentController - ==========getReplyInfo_end====== 
16:01:01.313 [http-nio-8080-exec-5] INFO  s.m.u.c.SubjectContentController - 主题内容页面加载 
16:01:01.669 [http-nio-8080-exec-1] INFO  s.m.u.c.SubjectContentController - ==========getSubjectInfo_start====== 
16:01:01.670 [http-nio-8080-exec-1] INFO  s.m.u.c.SubjectContentController - ==========getSubjectInfo_end====== 
16:02:47.976 [http-nio-8080-exec-3] INFO  s.m.u.c.SubjectContentController - 主题内容页面加载 
16:02:48.177 [http-nio-8080-exec-2] INFO  s.m.u.c.SubjectContentController - ==========getSubjectInfo_start====== 
16:02:48.178 [http-nio-8080-exec-2] INFO  s.m.u.c.SubjectContentController - ==========getSubjectInfo_end====== 
16:02:48.199 [http-nio-8080-exec-9] INFO  s.m.u.c.SubjectContentController - ==========getReplyInfo_start====== 
16:02:48.200 [http-nio-8080-exec-9] INFO  s.m.u.c.SubjectContentController - ==========getReplyInfo_end====== 
16:03:00.406 [http-nio-8080-exec-9] INFO  s.m.u.c.SubjectContentController - 主题内容页面加载 
16:03:00.605 [http-nio-8080-exec-1] INFO  s.m.u.c.SubjectContentController - ==========getSubjectInfo_start====== 
16:03:00.607 [http-nio-8080-exec-1] INFO  s.m.u.c.SubjectContentController - ==========getSubjectInfo_end====== 
16:07:49.102 [http-nio-8080-exec-7] INFO  s.m.u.c.personalCenterController - ==========getPersonalSubject_start====== 
16:07:49.104 [http-nio-8080-exec-7] INFO  s.m.u.c.personalCenterController - ==========getPersonalSubject_end====== 
16:07:49.110 [http-nio-8080-exec-2] INFO  s.m.u.c.personalCenterController - ==========getPersonalSubject_start====== 
16:07:49.117 [http-nio-8080-exec-2] INFO  s.m.u.c.personalCenterController - ==========getPersonalSubject_end====== 
16:36:31.365 [http-nio-8080-exec-1] INFO  s.m.u.c.SubjectContentController - 主题内容页面加载 
16:36:31.588 [http-nio-8080-exec-9] INFO  s.m.u.c.SubjectContentController - ==========getSubjectInfo_start====== 
16:36:31.589 [http-nio-8080-exec-9] INFO  s.m.u.c.SubjectContentController - ==========getSubjectInfo_end====== 
16:36:31.616 [http-nio-8080-exec-7] INFO  s.m.u.c.SubjectContentController - ==========getReplyInfo_start====== 
16:36:31.618 [http-nio-8080-exec-7] INFO  s.m.u.c.SubjectContentController - ==========getReplyInfo_end====== 
18:00:09.266 [http-nio-8080-exec-4] INFO  s.m.u.c.SubjectContentController - 主题内容页面加载 
18:00:09.522 [http-nio-8080-exec-1] INFO  s.m.u.c.SubjectContentController - ==========getSubjectInfo_start====== 
18:00:09.524 [http-nio-8080-exec-1] INFO  s.m.u.c.SubjectContentController - ==========getSubjectInfo_end====== 
18:00:09.544 [http-nio-8080-exec-8] INFO  s.m.u.c.SubjectContentController - ==========getReplyInfo_start====== 
18:00:09.546 [http-nio-8080-exec-8] INFO  s.m.u.c.SubjectContentController - ==========getReplyInfo_end====== 
18:00:36.128 [http-nio-8080-exec-4] INFO  s.m.u.c.SubjectContentController - 主题内容页面加载 
18:00:36.360 [http-nio-8080-exec-9] INFO  s.m.u.c.SubjectContentController - ==========getSubjectInfo_start====== 
18:00:36.361 [http-nio-8080-exec-9] INFO  s.m.u.c.SubjectContentController - ==========getSubjectInfo_end====== 
18:00:36.382 [http-nio-8080-exec-8] INFO  s.m.u.c.SubjectContentController - ==========getReplyInfo_start====== 
18:00:36.384 [http-nio-8080-exec-8] INFO  s.m.u.c.SubjectContentController - ==========getReplyInfo_end====== 
18:00:37.420 [http-nio-8080-exec-3] INFO  s.m.u.c.SubjectContentController - 主题内容页面加载 
18:00:37.615 [http-nio-8080-exec-9] INFO  s.m.u.c.SubjectContentController - ==========getSubjectInfo_start====== 
18:00:37.617 [http-nio-8080-exec-9] INFO  s.m.u.c.SubjectContentController - ==========getSubjectInfo_end====== 
18:00:37.622 [http-nio-8080-exec-8] INFO  s.m.u.c.SubjectContentController - ==========getReplyInfo_start====== 
18:00:37.624 [http-nio-8080-exec-8] INFO  s.m.u.c.SubjectContentController - ==========getReplyInfo_end====== 
18:01:44.428 [http-nio-8080-exec-8] INFO  s.m.u.c.SubjectContentController - 主题内容页面加载 
18:01:44.633 [http-nio-8080-exec-3] INFO  s.m.u.c.SubjectContentController - ==========getSubjectInfo_start====== 
18:01:44.635 [http-nio-8080-exec-3] INFO  s.m.u.c.SubjectContentController - ==========getSubjectInfo_end====== 
18:03:23.553 [http-nio-8080-exec-8] INFO  s.m.u.c.SubjectContentController - 主题内容页面加载 
18:03:23.750 [http-nio-8080-exec-8] INFO  s.m.u.c.SubjectContentController - ==========getSubjectInfo_start====== 
18:03:23.752 [http-nio-8080-exec-8] INFO  s.m.u.c.SubjectContentController - ==========getSubjectInfo_end====== 
18:04:49.396 [http-nio-8080-exec-3] INFO  s.m.u.c.SubjectContentController - 主题内容页面加载 
18:04:49.782 [http-nio-8080-exec-3] INFO  s.m.u.c.SubjectContentController - ==========getSubjectInfo_start====== 
18:04:49.784 [http-nio-8080-exec-3] INFO  s.m.u.c.SubjectContentController - ==========getSubjectInfo_end====== 
18:05:55.484 [http-nio-8080-exec-5] INFO  s.m.u.c.SubjectContentController - 主题内容页面加载 
18:05:55.862 [http-nio-8080-exec-5] INFO  s.m.u.c.SubjectContentController - ==========getSubjectInfo_start====== 
18:05:55.863 [http-nio-8080-exec-5] INFO  s.m.u.c.SubjectContentController - ==========getSubjectInfo_end====== 
18:06:41.836 [http-nio-8080-exec-2] INFO  s.m.u.c.SubjectContentController - 主题内容页面加载 
18:06:42.213 [http-nio-8080-exec-2] INFO  s.m.u.c.SubjectContentController - ==========getSubjectInfo_start====== 
18:06:42.215 [http-nio-8080-exec-2] INFO  s.m.u.c.SubjectContentController - ==========getSubjectInfo_end====== 
18:12:16.196 [http-nio-8080-exec-9] INFO  s.m.u.c.SubjectContentController - 主题内容页面加载 
18:12:16.464 [http-nio-8080-exec-8] INFO  s.m.u.c.SubjectContentController - ==========getSubjectInfo_start====== 
18:12:16.466 [http-nio-8080-exec-8] INFO  s.m.u.c.SubjectContentController - ==========getSubjectInfo_end====== 
18:12:16.490 [http-nio-8080-exec-10] INFO  s.m.u.c.SubjectContentController - ==========getReplyInfo_start====== 
18:12:16.491 [http-nio-8080-exec-10] INFO  s.m.u.c.SubjectContentController - ==========getReplyInfo_end====== 
