14:12:42.142 [http-nio-8080-exec-9] INFO  s.m.u.c.personalCenterController - ==========getPersonalSubject_start====== 
14:12:42.283 [http-nio-8080-exec-9] INFO  s.m.u.c.personalCenterController - ==========getPersonalSubject_end====== 
14:12:42.329 [http-nio-8080-exec-1] INFO  s.m.u.c.personalCenterController - ==========getPersonalSubject_start====== 
14:12:42.346 [http-nio-8080-exec-1] INFO  s.m.u.c.personalCenterController - ==========getPersonalSubject_end====== 
16:06:16.950 [http-nio-8080-exec-7] INFO  s.m.u.c.personalCenterController - ==========getPersonalSubject_start====== 
16:06:16.955 [http-nio-8080-exec-7] INFO  s.m.u.c.personalCenterController - ==========getPersonalSubject_end====== 
16:06:16.972 [http-nio-8080-exec-9] INFO  s.m.u.c.personalCenterController - ==========getPersonalSubject_start====== 
16:06:16.977 [http-nio-8080-exec-9] INFO  s.m.u.c.personalCenterController - ==========getPersonalSubject_end====== 
17:22:15.171 [http-nio-8080-exec-1] INFO  s.m.u.controller.RegisterController - 加载注册页面！ 
17:22:44.539 [http-nio-8080-exec-3] INFO  s.m.u.c.SubjectContentController - 主题内容页面加载 
17:22:44.937 [http-nio-8080-exec-7] INFO  s.m.u.c.SubjectContentController - ==========getSubjectInfo_start====== 
17:22:44.939 [http-nio-8080-exec-7] INFO  s.m.u.c.SubjectContentController - ==========getSubjectInfo_end====== 
17:22:44.950 [http-nio-8080-exec-9] INFO  s.m.u.c.SubjectContentController - ==========getReplyInfo_start====== 
17:22:44.953 [http-nio-8080-exec-9] INFO  s.m.u.c.SubjectContentController - ==========getReplyInfo_end====== 
17:23:03.324 [http-nio-8080-exec-4] INFO  s.m.u.c.SubjectContentController - ==========addReplyContent_start====== 
17:23:03.414 [http-nio-8080-exec-4] INFO  s.m.u.c.SubjectContentController - ==========addReplyContent_end====== 
17:23:03.420 [http-nio-8080-exec-10] INFO  s.m.u.c.SubjectContentController - ==========getSubjectInfo_start====== 
17:23:03.421 [http-nio-8080-exec-10] INFO  s.m.u.c.SubjectContentController - ==========getSubjectInfo_end====== 
17:23:03.430 [http-nio-8080-exec-8] INFO  s.m.u.c.SubjectContentController - ==========getReplyInfo_start====== 
17:23:03.432 [http-nio-8080-exec-8] INFO  s.m.u.c.SubjectContentController - ==========getReplyInfo_end====== 
17:23:34.889 [http-nio-8080-exec-2] INFO  s.m.u.c.SubjectContentController - ==========addReplyContent_start====== 
17:23:35.011 [http-nio-8080-exec-2] INFO  s.m.u.c.SubjectContentController - ==========addReplyContent_end====== 
17:23:35.025 [http-nio-8080-exec-5] INFO  s.m.u.c.SubjectContentController - ==========getSubjectInfo_start====== 
17:23:35.027 [http-nio-8080-exec-5] INFO  s.m.u.c.SubjectContentController - ==========getSubjectInfo_end====== 
17:23:35.041 [http-nio-8080-exec-3] INFO  s.m.u.c.SubjectContentController - ==========getReplyInfo_start====== 
17:23:35.053 [http-nio-8080-exec-3] INFO  s.m.u.c.SubjectContentController - ==========getReplyInfo_end====== 
17:23:43.717 [http-nio-8080-exec-7] INFO  s.m.u.c.SubjectContentController - 主题内容页面加载 
17:23:44.190 [http-nio-8080-exec-8] INFO  s.m.u.c.SubjectContentController - ==========getSubjectInfo_start====== 
17:23:44.192 [http-nio-8080-exec-8] INFO  s.m.u.c.SubjectContentController - ==========getSubjectInfo_end====== 
17:23:44.202 [http-nio-8080-exec-5] INFO  s.m.u.c.SubjectContentController - ==========getReplyInfo_start====== 
17:23:44.204 [http-nio-8080-exec-5] INFO  s.m.u.c.SubjectContentController - ==========getReplyInfo_end====== 
17:24:57.341 [http-nio-8080-exec-9] INFO  s.m.u.c.SubjectContentController - 主题内容页面加载 
17:24:58.105 [http-nio-8080-exec-2] INFO  s.m.u.c.SubjectContentController - ==========getSubjectInfo_start====== 
17:24:58.106 [http-nio-8080-exec-2] INFO  s.m.u.c.SubjectContentController - ==========getSubjectInfo_end====== 
17:24:58.118 [http-nio-8080-exec-5] INFO  s.m.u.c.SubjectContentController - ==========getReplyInfo_start====== 
17:24:58.121 [http-nio-8080-exec-5] INFO  s.m.u.c.SubjectContentController - ==========getReplyInfo_end====== 
