09:56:20.230 [restartedMain] INFO  src.main.utweb.UTApplication - Starting UTApplication on 1107126-W10-JP with PID 10736 (C:\Users\wangxian.OVERSEAS\Desktop\unrestrained-travel\target\classes started by wangxian in C:\Users\wangxian.OVERSEAS\Desktop\unrestrained-travel) 
09:56:20.230 [restartedMain] INFO  src.main.utweb.UTApplication - No active profile set, falling back to default profiles: default 
09:56:20.887 [restartedMain] INFO  o.s.b.c.e.AnnotationConfigEmbeddedWebApplicationContext - Refreshing org.springframework.boot.context.embedded.AnnotationConfigEmbeddedWebApplicationContext@63546d0: startup date [Tue Oct 10 09:56:20 CST 2017]; root of context hierarchy 
09:56:29.685 [restartedMain] INFO  o.s.b.c.e.t.TomcatEmbeddedServletContainer - Tomcat initialized with port(s): 8080 (http) 
09:56:29.750 [restartedMain] INFO  o.a.catalina.core.StandardService - Starting service Tomcat 
09:56:29.766 [restartedMain] INFO  o.a.catalina.core.StandardEngine - Starting Servlet Engine: Apache Tomcat/8.5.14 
09:56:30.490 [localhost-startStop-1] INFO  o.a.c.c.C.[Tomcat].[localhost].[/] - Initializing Spring embedded WebApplicationContext 
09:56:30.490 [localhost-startStop-1] INFO  o.s.web.context.ContextLoader - Root WebApplicationContext: initialization completed in 9603 ms 
09:56:31.076 [localhost-startStop-1] INFO  o.s.b.w.s.FilterRegistrationBean - Mapping filter: 'characterEncodingFilter' to: [/*] 
09:56:31.092 [localhost-startStop-1] INFO  o.s.b.w.s.FilterRegistrationBean - Mapping filter: 'hiddenHttpMethodFilter' to: [/*] 
09:56:31.092 [localhost-startStop-1] INFO  o.s.b.w.s.FilterRegistrationBean - Mapping filter: 'httpPutFormContentFilter' to: [/*] 
09:56:31.092 [localhost-startStop-1] INFO  o.s.b.w.s.FilterRegistrationBean - Mapping filter: 'requestContextFilter' to: [/*] 
09:56:31.092 [localhost-startStop-1] INFO  o.s.b.w.s.FilterRegistrationBean - Mapping filter: 'sessionFilter' to urls: [*.do] 
09:56:31.092 [localhost-startStop-1] INFO  o.s.b.w.s.ServletRegistrationBean - Mapping servlet: 'dispatcherServlet' to [/] 
09:56:34.042 [restartedMain] INFO  o.s.w.s.m.m.a.RequestMappingHandlerAdapter - Looking for @ControllerAdvice: org.springframework.boot.context.embedded.AnnotationConfigEmbeddedWebApplicationContext@63546d0: startup date [Tue Oct 10 09:56:20 CST 2017]; root of context hierarchy 
09:56:34.607 [restartedMain] INFO  o.s.w.s.m.m.a.RequestMappingHandlerMapping - Mapped "{[/activate]}" onto public java.lang.String src.main.utweb.controller.ActivateController.activate() 
09:56:34.623 [restartedMain] INFO  o.s.w.s.m.m.a.RequestMappingHandlerMapping - Mapped "{[/doActivate]}" onto public src.main.utweb.server.dto.ResultDto src.main.utweb.controller.ActivateController.doActivate(java.lang.String,java.lang.String) 
09:56:34.623 [restartedMain] INFO  o.s.w.s.m.m.a.RequestMappingHandlerMapping - Mapped "{[/getSession]}" onto public src.main.utweb.server.dto.CurrentSessionDto src.main.utweb.controller.CommonController.getSession(javax.servlet.http.HttpServletRequest,javax.servlet.http.HttpServletResponse) 
09:56:34.623 [restartedMain] INFO  o.s.w.s.m.m.a.RequestMappingHandlerMapping - Mapped "{[/deleteAllNotice]}" onto public src.main.utweb.server.dto.ResultDto src.main.utweb.controller.CommonController.deleteAllNotice(java.lang.String) 
09:56:34.623 [restartedMain] INFO  o.s.w.s.m.m.a.RequestMappingHandlerMapping - Mapped "{[/delSession]}" onto public java.lang.String src.main.utweb.controller.CommonController.delSession(javax.servlet.http.HttpServletRequest,javax.servlet.http.HttpServletResponse) 
09:56:34.623 [restartedMain] INFO  o.s.w.s.m.m.a.RequestMappingHandlerMapping - Mapped "{[/getAllUserInfo]}" onto public src.main.utweb.server.dto.ResultDto src.main.utweb.controller.CommonController.getAllUserInfo() 
09:56:34.623 [restartedMain] INFO  o.s.w.s.m.m.a.RequestMappingHandlerMapping - Mapped "{[/getNotification]}" onto public src.main.utweb.server.dto.ResultDto src.main.utweb.controller.CommonController.getNotification(java.lang.String) 
09:56:34.623 [restartedMain] INFO  o.s.w.s.m.m.a.RequestMappingHandlerMapping - Mapped "{[/changeNoticeUseFlag]}" onto public src.main.utweb.server.dto.ResultDto src.main.utweb.controller.CommonController.changeNoticeUseFlag(java.lang.String) 
09:56:34.623 [restartedMain] INFO  o.s.w.s.m.m.a.RequestMappingHandlerMapping - Mapped "{[/index]}" onto public java.lang.String src.main.utweb.controller.IndexController.login() 
09:56:34.623 [restartedMain] INFO  o.s.w.s.m.m.a.RequestMappingHandlerMapping - Mapped "{[/index/content_list]}" onto public src.main.utweb.server.dto.ResultDto src.main.utweb.controller.IndexController.content_list(java.lang.String,java.lang.String) 
09:56:34.623 [restartedMain] INFO  o.s.w.s.m.m.a.RequestMappingHandlerMapping - Mapped "{[/login/doSignIn]}" onto public src.main.utweb.server.dto.ResultDto src.main.utweb.controller.LoginController.doSignIn(javax.servlet.http.HttpServletRequest,javax.servlet.http.HttpServletResponse,java.lang.String,java.lang.String,java.lang.String) throws java.io.IOException 
09:56:34.623 [restartedMain] INFO  o.s.w.s.m.m.a.RequestMappingHandlerMapping - Mapped "{[/login/buildImage]}" onto public void src.main.utweb.controller.LoginController.buildImage(javax.servlet.http.HttpServletRequest,javax.servlet.http.HttpServletResponse,javax.servlet.http.HttpSession) throws java.io.IOException 
09:56:34.623 [restartedMain] INFO  o.s.w.s.m.m.a.RequestMappingHandlerMapping - Mapped "{[/login]}" onto public java.lang.String src.main.utweb.controller.LoginController.login() 
09:56:34.638 [restartedMain] INFO  o.s.w.s.m.m.a.RequestMappingHandlerMapping - Mapped "{[/newSubject.do]}" onto public java.lang.String src.main.utweb.controller.NewSubjectController.creatNewSubject() 
09:56:34.638 [restartedMain] INFO  o.s.w.s.m.m.a.RequestMappingHandlerMapping - Mapped "{[/creatNewSubject]}" onto public src.main.utweb.server.dto.ResultDto src.main.utweb.controller.NewSubjectController.creatNewSubject(java.lang.String,java.lang.String,java.lang.String,java.lang.String) 
09:56:34.638 [restartedMain] INFO  o.s.w.s.m.m.a.RequestMappingHandlerMapping - Mapped "{[/changeUserImg]}" onto public src.main.utweb.server.dto.ResultDto src.main.utweb.controller.personalCenterController.changeUserImg(javax.servlet.http.HttpServletRequest,java.lang.String,java.lang.String) 
09:56:34.638 [restartedMain] INFO  o.s.w.s.m.m.a.RequestMappingHandlerMapping - Mapped "{[/personalCenter.do]}" onto public java.lang.String src.main.utweb.controller.personalCenterController.personalCenter() 
09:56:34.638 [restartedMain] INFO  o.s.w.s.m.m.a.RequestMappingHandlerMapping - Mapped "{[/getPersonalReply]}" onto public src.main.utweb.server.dto.ResultDto src.main.utweb.controller.personalCenterController.getPersonalReply(java.lang.String) 
09:56:34.638 [restartedMain] INFO  o.s.w.s.m.m.a.RequestMappingHandlerMapping - Mapped "{[/getUserInfoByLoginName]}" onto public src.main.utweb.server.dto.ResultDto src.main.utweb.controller.personalCenterController.getUserInfoByLoginName(java.lang.String) 
09:56:34.638 [restartedMain] INFO  o.s.w.s.m.m.a.RequestMappingHandlerMapping - Mapped "{[/getPersonalSubject]}" onto public src.main.utweb.server.dto.ResultDto src.main.utweb.controller.personalCenterController.getPersonalSubject(java.lang.String) 
09:56:34.638 [restartedMain] INFO  o.s.w.s.m.m.a.RequestMappingHandlerMapping - Mapped "{[/register]}" onto public java.lang.String src.main.utweb.controller.RegisterController.register() 
09:56:34.638 [restartedMain] INFO  o.s.w.s.m.m.a.RequestMappingHandlerMapping - Mapped "{[/register/doSignUp]}" onto public src.main.utweb.server.dto.ResultDto src.main.utweb.controller.RegisterController.doSignUp(java.lang.String,java.lang.String,java.lang.String,java.lang.String) 
09:56:34.638 [restartedMain] INFO  o.s.w.s.m.m.a.RequestMappingHandlerMapping - Mapped "{[/addReplyContent]}" onto public src.main.utweb.server.dto.ResultDto src.main.utweb.controller.SubjectContentController.addReplyContent(java.lang.String,java.lang.String,java.lang.String,java.lang.String,java.lang.String,java.lang.String,java.lang.String) 
09:56:34.638 [restartedMain] INFO  o.s.w.s.m.m.a.RequestMappingHandlerMapping - Mapped "{[/getReplyInfo]}" onto public src.main.utweb.server.dto.ResultDto src.main.utweb.controller.SubjectContentController.getReplyInfo(java.lang.String) 
09:56:34.638 [restartedMain] INFO  o.s.w.s.m.m.a.RequestMappingHandlerMapping - Mapped "{[/subjectContent.do]}" onto public java.lang.String src.main.utweb.controller.SubjectContentController.creatNewSubject() 
09:56:34.638 [restartedMain] INFO  o.s.w.s.m.m.a.RequestMappingHandlerMapping - Mapped "{[/getSubjectInfo]}" onto public src.main.utweb.server.dto.ResultDto src.main.utweb.controller.SubjectContentController.getSubjectInfo(java.lang.String) 
09:56:34.654 [restartedMain] INFO  o.s.w.s.m.m.a.RequestMappingHandlerMapping - Mapped "{[/error]}" onto public org.springframework.http.ResponseEntity<java.util.Map<java.lang.String, java.lang.Object>> org.springframework.boot.autoconfigure.web.BasicErrorController.error(javax.servlet.http.HttpServletRequest) 
09:56:34.669 [restartedMain] INFO  o.s.w.s.m.m.a.RequestMappingHandlerMapping - Mapped "{[/error],produces=[text/html]}" onto public org.springframework.web.servlet.ModelAndView org.springframework.boot.autoconfigure.web.BasicErrorController.errorHtml(javax.servlet.http.HttpServletRequest,javax.servlet.http.HttpServletResponse) 
09:56:34.826 [restartedMain] INFO  o.s.w.s.h.SimpleUrlHandlerMapping - Mapped URL path [/webjars/**] onto handler of type [class org.springframework.web.servlet.resource.ResourceHttpRequestHandler] 
09:56:34.826 [restartedMain] INFO  o.s.w.s.h.SimpleUrlHandlerMapping - Mapped URL path [/**] onto handler of type [class org.springframework.web.servlet.resource.ResourceHttpRequestHandler] 
09:56:34.998 [restartedMain] INFO  o.s.w.s.h.SimpleUrlHandlerMapping - Mapped URL path [/**/favicon.ico] onto handler of type [class org.springframework.web.servlet.resource.ResourceHttpRequestHandler] 
09:56:37.598 [restartedMain] INFO  o.s.b.d.a.OptionalLiveReloadServer - LiveReload server is running on port 35729 
09:56:37.765 [restartedMain] INFO  o.s.j.e.a.AnnotationMBeanExporter - Registering beans for JMX exposure on startup 
09:56:37.843 [restartedMain] INFO  o.s.s.a.ScheduledAnnotationBeanPostProcessor - No TaskScheduler/ScheduledExecutorService bean found for scheduled processing 
09:56:39.263 [restartedMain] INFO  o.s.b.c.e.t.TomcatEmbeddedServletContainer - Tomcat started on port(s): 8080 (http) 
09:56:39.326 [restartedMain] INFO  src.main.utweb.UTApplication - Started UTApplication in 19.84 seconds (JVM running for 21.42) 
09:58:35.834 [http-nio-8080-exec-10] INFO  o.a.c.c.C.[Tomcat].[localhost].[/] - Initializing Spring FrameworkServlet 'dispatcherServlet' 
09:58:35.834 [http-nio-8080-exec-10] INFO  o.s.web.servlet.DispatcherServlet - FrameworkServlet 'dispatcherServlet': initialization started 
09:58:36.019 [http-nio-8080-exec-10] INFO  o.s.web.servlet.DispatcherServlet - FrameworkServlet 'dispatcherServlet': initialization completed in 184 ms 
09:59:16.403 [http-nio-8080-exec-1] INFO  s.m.u.c.SubjectContentController - 主题内容页面加载 
09:59:17.356 [http-nio-8080-exec-7] INFO  s.m.u.c.SubjectContentController - ==========getSubjectInfo_start====== 
09:59:17.371 [http-nio-8080-exec-7] INFO  s.m.u.c.SubjectContentController - ==========getSubjectInfo_end====== 
09:59:17.394 [http-nio-8080-exec-2] INFO  s.m.u.c.SubjectContentController - ==========getReplyInfo_start====== 
09:59:17.486 [http-nio-8080-exec-2] INFO  s.m.u.c.SubjectContentController - ==========getReplyInfo_end====== 
09:59:31.374 [http-nio-8080-exec-2] INFO  s.m.u.c.SubjectContentController - 主题内容页面加载 
09:59:32.192 [http-nio-8080-exec-7] INFO  s.m.u.c.SubjectContentController - ==========getSubjectInfo_start====== 
09:59:32.194 [http-nio-8080-exec-7] INFO  s.m.u.c.SubjectContentController - ==========getSubjectInfo_end====== 
09:59:32.214 [http-nio-8080-exec-8] INFO  s.m.u.c.SubjectContentController - ==========getReplyInfo_start====== 
09:59:32.229 [http-nio-8080-exec-8] INFO  s.m.u.c.SubjectContentController - ==========getReplyInfo_end====== 
10:01:27.657 [http-nio-8080-exec-1] INFO  s.m.u.c.SubjectContentController - 主题内容页面加载 
10:01:28.452 [http-nio-8080-exec-8] INFO  s.m.u.c.SubjectContentController - ==========getSubjectInfo_start====== 
10:01:28.456 [http-nio-8080-exec-8] INFO  s.m.u.c.SubjectContentController - ==========getSubjectInfo_end====== 
10:01:28.479 [http-nio-8080-exec-2] INFO  s.m.u.c.SubjectContentController - ==========getReplyInfo_start====== 
10:01:28.485 [http-nio-8080-exec-2] INFO  s.m.u.c.SubjectContentController - ==========getReplyInfo_end====== 
10:01:42.447 [http-nio-8080-exec-1] INFO  s.m.u.c.personalCenterController - ==========getPersonalSubject_start====== 
10:01:42.451 [http-nio-8080-exec-1] INFO  s.m.u.c.personalCenterController - ==========getPersonalSubject_end====== 
10:01:42.498 [http-nio-8080-exec-10] INFO  s.m.u.c.personalCenterController - ==========getPersonalSubject_start====== 
10:01:42.517 [http-nio-8080-exec-10] INFO  s.m.u.c.personalCenterController - ==========getPersonalSubject_end====== 
10:02:34.351 [http-nio-8080-exec-8] INFO  s.m.u.c.personalCenterController - ==========getPersonalSubject_start====== 
10:02:34.359 [http-nio-8080-exec-8] INFO  s.m.u.c.personalCenterController - ==========getPersonalSubject_end====== 
10:02:34.450 [http-nio-8080-exec-10] INFO  s.m.u.c.personalCenterController - ==========getPersonalSubject_start====== 
10:02:34.462 [http-nio-8080-exec-10] INFO  s.m.u.c.personalCenterController - ==========getPersonalSubject_end====== 
10:03:50.454 [http-nio-8080-exec-1] INFO  s.m.u.c.personalCenterController - ==========getPersonalSubject_start====== 
10:03:50.457 [http-nio-8080-exec-1] INFO  s.m.u.c.personalCenterController - ==========getPersonalSubject_end====== 
10:03:50.689 [http-nio-8080-exec-8] INFO  s.m.u.c.personalCenterController - ==========getPersonalSubject_start====== 
10:03:50.699 [http-nio-8080-exec-8] INFO  s.m.u.c.personalCenterController - ==========getPersonalSubject_end====== 
