09:07:18.781 [http-nio-8080-exec-6] ERROR o.a.c.c.C.[.[.[.[dispatcherServlet] - Servlet.service() for servlet [dispatcherServlet] in context with path [] threw exception [Request processing failed; nested exception is java.lang.NullPointerException] with root cause 
java.lang.NullPointerException: null
	at src.main.utweb.controller.LoginController.doSignIn(LoginController.java:76)
	at sun.reflect.GeneratedMethodAccessor764.invoke(Unknown Source)
	at sun.reflect.DelegatingMethodAccessorImpl.invoke(Unknown Source)
	at java.lang.reflect.Method.invoke(Unknown Source)
	at org.springframework.web.method.support.InvocableHandlerMethod.doInvoke(InvocableHandlerMethod.java:205)
	at org.springframework.web.method.support.InvocableHandlerMethod.invokeForRequest(InvocableHandlerMethod.java:133)
	at org.springframework.web.servlet.mvc.method.annotation.ServletInvocableHandlerMethod.invokeAndHandle(ServletInvocableHandlerMethod.java:97)
	at org.springframework.web.servlet.mvc.method.annotation.RequestMappingHandlerAdapter.invokeHandlerMethod(RequestMappingHandlerAdapter.java:827)
	at org.springframework.web.servlet.mvc.method.annotation.RequestMappingHandlerAdapter.handleInternal(RequestMappingHandlerAdapter.java:738)
	at org.springframework.web.servlet.mvc.method.AbstractHandlerMethodAdapter.handle(AbstractHandlerMethodAdapter.java:85)
	at org.springframework.web.servlet.DispatcherServlet.doDispatch(DispatcherServlet.java:963)
	at org.springframework.web.servlet.DispatcherServlet.doService(DispatcherServlet.java:897)
	at org.springframework.web.servlet.FrameworkServlet.processRequest(FrameworkServlet.java:970)
	at org.springframework.web.servlet.FrameworkServlet.doPost(FrameworkServlet.java:872)
	at javax.servlet.http.HttpServlet.service(HttpServlet.java:661)
	at org.springframework.web.servlet.FrameworkServlet.service(FrameworkServlet.java:846)
	at javax.servlet.http.HttpServlet.service(HttpServlet.java:742)
	at org.apache.catalina.core.ApplicationFilterChain.internalDoFilter(ApplicationFilterChain.java:231)
	at org.apache.catalina.core.ApplicationFilterChain.doFilter(ApplicationFilterChain.java:166)
	at org.apache.tomcat.websocket.server.WsFilter.doFilter(WsFilter.java:52)
	at org.apache.catalina.core.ApplicationFilterChain.internalDoFilter(ApplicationFilterChain.java:193)
	at org.apache.catalina.core.ApplicationFilterChain.doFilter(ApplicationFilterChain.java:166)
	at org.springframework.web.filter.RequestContextFilter.doFilterInternal(RequestContextFilter.java:99)
	at org.springframework.web.filter.OncePerRequestFilter.doFilter(OncePerRequestFilter.java:107)
	at org.apache.catalina.core.ApplicationFilterChain.internalDoFilter(ApplicationFilterChain.java:193)
	at org.apache.catalina.core.ApplicationFilterChain.doFilter(ApplicationFilterChain.java:166)
	at org.springframework.web.filter.HttpPutFormContentFilter.doFilterInternal(HttpPutFormContentFilter.java:105)
	at org.springframework.web.filter.OncePerRequestFilter.doFilter(OncePerRequestFilter.java:107)
	at org.apache.catalina.core.ApplicationFilterChain.internalDoFilter(ApplicationFilterChain.java:193)
	at org.apache.catalina.core.ApplicationFilterChain.doFilter(ApplicationFilterChain.java:166)
	at org.springframework.web.filter.HiddenHttpMethodFilter.doFilterInternal(HiddenHttpMethodFilter.java:81)
	at org.springframework.web.filter.OncePerRequestFilter.doFilter(OncePerRequestFilter.java:107)
	at org.apache.catalina.core.ApplicationFilterChain.internalDoFilter(ApplicationFilterChain.java:193)
	at org.apache.catalina.core.ApplicationFilterChain.doFilter(ApplicationFilterChain.java:166)
	at org.springframework.web.filter.CharacterEncodingFilter.doFilterInternal(CharacterEncodingFilter.java:197)
	at org.springframework.web.filter.OncePerRequestFilter.doFilter(OncePerRequestFilter.java:107)
	at org.apache.catalina.core.ApplicationFilterChain.internalDoFilter(ApplicationFilterChain.java:193)
	at org.apache.catalina.core.ApplicationFilterChain.doFilter(ApplicationFilterChain.java:166)
	at org.apache.catalina.core.StandardWrapperValve.invoke(StandardWrapperValve.java:198)
	at org.apache.catalina.core.StandardContextValve.invoke(StandardContextValve.java:96)
	at org.apache.catalina.authenticator.AuthenticatorBase.invoke(AuthenticatorBase.java:478)
	at org.apache.catalina.core.StandardHostValve.invoke(StandardHostValve.java:140)
	at org.apache.catalina.valves.ErrorReportValve.invoke(ErrorReportValve.java:80)
	at org.apache.catalina.core.StandardEngineValve.invoke(StandardEngineValve.java:87)
	at org.apache.catalina.connector.CoyoteAdapter.service(CoyoteAdapter.java:342)
	at org.apache.coyote.http11.Http11Processor.service(Http11Processor.java:799)
	at org.apache.coyote.AbstractProcessorLight.process(AbstractProcessorLight.java:66)
	at org.apache.coyote.AbstractProtocol$ConnectionHandler.process(AbstractProtocol.java:861)
	at org.apache.tomcat.util.net.NioEndpoint$SocketProcessor.doRun(NioEndpoint.java:1455)
	at org.apache.tomcat.util.net.SocketProcessorBase.run(SocketProcessorBase.java:49)
	at java.util.concurrent.ThreadPoolExecutor.runWorker(Unknown Source)
	at java.util.concurrent.ThreadPoolExecutor$Worker.run(Unknown Source)
	at org.apache.tomcat.util.threads.TaskThread$WrappingRunnable.run(TaskThread.java:61)
	at java.lang.Thread.run(Unknown Source)
09:07:21.182 [http-nio-8080-exec-1] ERROR o.a.c.c.C.[.[.[.[dispatcherServlet] - Servlet.service() for servlet [dispatcherServlet] in context with path [] threw exception [Request processing failed; nested exception is java.lang.NullPointerException] with root cause 
java.lang.NullPointerException: null
	at src.main.utweb.controller.LoginController.doSignIn(LoginController.java:76)
	at sun.reflect.GeneratedMethodAccessor764.invoke(Unknown Source)
	at sun.reflect.DelegatingMethodAccessorImpl.invoke(Unknown Source)
	at java.lang.reflect.Method.invoke(Unknown Source)
	at org.springframework.web.method.support.InvocableHandlerMethod.doInvoke(InvocableHandlerMethod.java:205)
	at org.springframework.web.method.support.InvocableHandlerMethod.invokeForRequest(InvocableHandlerMethod.java:133)
	at org.springframework.web.servlet.mvc.method.annotation.ServletInvocableHandlerMethod.invokeAndHandle(ServletInvocableHandlerMethod.java:97)
	at org.springframework.web.servlet.mvc.method.annotation.RequestMappingHandlerAdapter.invokeHandlerMethod(RequestMappingHandlerAdapter.java:827)
	at org.springframework.web.servlet.mvc.method.annotation.RequestMappingHandlerAdapter.handleInternal(RequestMappingHandlerAdapter.java:738)
	at org.springframework.web.servlet.mvc.method.AbstractHandlerMethodAdapter.handle(AbstractHandlerMethodAdapter.java:85)
	at org.springframework.web.servlet.DispatcherServlet.doDispatch(DispatcherServlet.java:963)
	at org.springframework.web.servlet.DispatcherServlet.doService(DispatcherServlet.java:897)
	at org.springframework.web.servlet.FrameworkServlet.processRequest(FrameworkServlet.java:970)
	at org.springframework.web.servlet.FrameworkServlet.doPost(FrameworkServlet.java:872)
	at javax.servlet.http.HttpServlet.service(HttpServlet.java:661)
	at org.springframework.web.servlet.FrameworkServlet.service(FrameworkServlet.java:846)
	at javax.servlet.http.HttpServlet.service(HttpServlet.java:742)
	at org.apache.catalina.core.ApplicationFilterChain.internalDoFilter(ApplicationFilterChain.java:231)
	at org.apache.catalina.core.ApplicationFilterChain.doFilter(ApplicationFilterChain.java:166)
	at org.apache.tomcat.websocket.server.WsFilter.doFilter(WsFilter.java:52)
	at org.apache.catalina.core.ApplicationFilterChain.internalDoFilter(ApplicationFilterChain.java:193)
	at org.apache.catalina.core.ApplicationFilterChain.doFilter(ApplicationFilterChain.java:166)
	at org.springframework.web.filter.RequestContextFilter.doFilterInternal(RequestContextFilter.java:99)
	at org.springframework.web.filter.OncePerRequestFilter.doFilter(OncePerRequestFilter.java:107)
	at org.apache.catalina.core.ApplicationFilterChain.internalDoFilter(ApplicationFilterChain.java:193)
	at org.apache.catalina.core.ApplicationFilterChain.doFilter(ApplicationFilterChain.java:166)
	at org.springframework.web.filter.HttpPutFormContentFilter.doFilterInternal(HttpPutFormContentFilter.java:105)
	at org.springframework.web.filter.OncePerRequestFilter.doFilter(OncePerRequestFilter.java:107)
	at org.apache.catalina.core.ApplicationFilterChain.internalDoFilter(ApplicationFilterChain.java:193)
	at org.apache.catalina.core.ApplicationFilterChain.doFilter(ApplicationFilterChain.java:166)
	at org.springframework.web.filter.HiddenHttpMethodFilter.doFilterInternal(HiddenHttpMethodFilter.java:81)
	at org.springframework.web.filter.OncePerRequestFilter.doFilter(OncePerRequestFilter.java:107)
	at org.apache.catalina.core.ApplicationFilterChain.internalDoFilter(ApplicationFilterChain.java:193)
	at org.apache.catalina.core.ApplicationFilterChain.doFilter(ApplicationFilterChain.java:166)
	at org.springframework.web.filter.CharacterEncodingFilter.doFilterInternal(CharacterEncodingFilter.java:197)
	at org.springframework.web.filter.OncePerRequestFilter.doFilter(OncePerRequestFilter.java:107)
	at org.apache.catalina.core.ApplicationFilterChain.internalDoFilter(ApplicationFilterChain.java:193)
	at org.apache.catalina.core.ApplicationFilterChain.doFilter(ApplicationFilterChain.java:166)
	at org.apache.catalina.core.StandardWrapperValve.invoke(StandardWrapperValve.java:198)
	at org.apache.catalina.core.StandardContextValve.invoke(StandardContextValve.java:96)
	at org.apache.catalina.authenticator.AuthenticatorBase.invoke(AuthenticatorBase.java:478)
	at org.apache.catalina.core.StandardHostValve.invoke(StandardHostValve.java:140)
	at org.apache.catalina.valves.ErrorReportValve.invoke(ErrorReportValve.java:80)
	at org.apache.catalina.core.StandardEngineValve.invoke(StandardEngineValve.java:87)
	at org.apache.catalina.connector.CoyoteAdapter.service(CoyoteAdapter.java:342)
	at org.apache.coyote.http11.Http11Processor.service(Http11Processor.java:799)
	at org.apache.coyote.AbstractProcessorLight.process(AbstractProcessorLight.java:66)
	at org.apache.coyote.AbstractProtocol$ConnectionHandler.process(AbstractProtocol.java:861)
	at org.apache.tomcat.util.net.NioEndpoint$SocketProcessor.doRun(NioEndpoint.java:1455)
	at org.apache.tomcat.util.net.SocketProcessorBase.run(SocketProcessorBase.java:49)
	at java.util.concurrent.ThreadPoolExecutor.runWorker(Unknown Source)
	at java.util.concurrent.ThreadPoolExecutor$Worker.run(Unknown Source)
	at org.apache.tomcat.util.threads.TaskThread$WrappingRunnable.run(TaskThread.java:61)
	at java.lang.Thread.run(Unknown Source)
09:07:26.264 [http-nio-8080-exec-5] ERROR o.a.c.c.C.[.[.[.[dispatcherServlet] - Servlet.service() for servlet [dispatcherServlet] in context with path [] threw exception [Request processing failed; nested exception is java.lang.NullPointerException] with root cause 
java.lang.NullPointerException: null
	at src.main.utweb.controller.LoginController.doSignIn(LoginController.java:76)
	at sun.reflect.GeneratedMethodAccessor764.invoke(Unknown Source)
	at sun.reflect.DelegatingMethodAccessorImpl.invoke(Unknown Source)
	at java.lang.reflect.Method.invoke(Unknown Source)
	at org.springframework.web.method.support.InvocableHandlerMethod.doInvoke(InvocableHandlerMethod.java:205)
	at org.springframework.web.method.support.InvocableHandlerMethod.invokeForRequest(InvocableHandlerMethod.java:133)
	at org.springframework.web.servlet.mvc.method.annotation.ServletInvocableHandlerMethod.invokeAndHandle(ServletInvocableHandlerMethod.java:97)
	at org.springframework.web.servlet.mvc.method.annotation.RequestMappingHandlerAdapter.invokeHandlerMethod(RequestMappingHandlerAdapter.java:827)
	at org.springframework.web.servlet.mvc.method.annotation.RequestMappingHandlerAdapter.handleInternal(RequestMappingHandlerAdapter.java:738)
	at org.springframework.web.servlet.mvc.method.AbstractHandlerMethodAdapter.handle(AbstractHandlerMethodAdapter.java:85)
	at org.springframework.web.servlet.DispatcherServlet.doDispatch(DispatcherServlet.java:963)
	at org.springframework.web.servlet.DispatcherServlet.doService(DispatcherServlet.java:897)
	at org.springframework.web.servlet.FrameworkServlet.processRequest(FrameworkServlet.java:970)
	at org.springframework.web.servlet.FrameworkServlet.doPost(FrameworkServlet.java:872)
	at javax.servlet.http.HttpServlet.service(HttpServlet.java:661)
	at org.springframework.web.servlet.FrameworkServlet.service(FrameworkServlet.java:846)
	at javax.servlet.http.HttpServlet.service(HttpServlet.java:742)
	at org.apache.catalina.core.ApplicationFilterChain.internalDoFilter(ApplicationFilterChain.java:231)
	at org.apache.catalina.core.ApplicationFilterChain.doFilter(ApplicationFilterChain.java:166)
	at org.apache.tomcat.websocket.server.WsFilter.doFilter(WsFilter.java:52)
	at org.apache.catalina.core.ApplicationFilterChain.internalDoFilter(ApplicationFilterChain.java:193)
	at org.apache.catalina.core.ApplicationFilterChain.doFilter(ApplicationFilterChain.java:166)
	at org.springframework.web.filter.RequestContextFilter.doFilterInternal(RequestContextFilter.java:99)
	at org.springframework.web.filter.OncePerRequestFilter.doFilter(OncePerRequestFilter.java:107)
	at org.apache.catalina.core.ApplicationFilterChain.internalDoFilter(ApplicationFilterChain.java:193)
	at org.apache.catalina.core.ApplicationFilterChain.doFilter(ApplicationFilterChain.java:166)
	at org.springframework.web.filter.HttpPutFormContentFilter.doFilterInternal(HttpPutFormContentFilter.java:105)
	at org.springframework.web.filter.OncePerRequestFilter.doFilter(OncePerRequestFilter.java:107)
	at org.apache.catalina.core.ApplicationFilterChain.internalDoFilter(ApplicationFilterChain.java:193)
	at org.apache.catalina.core.ApplicationFilterChain.doFilter(ApplicationFilterChain.java:166)
	at org.springframework.web.filter.HiddenHttpMethodFilter.doFilterInternal(HiddenHttpMethodFilter.java:81)
	at org.springframework.web.filter.OncePerRequestFilter.doFilter(OncePerRequestFilter.java:107)
	at org.apache.catalina.core.ApplicationFilterChain.internalDoFilter(ApplicationFilterChain.java:193)
	at org.apache.catalina.core.ApplicationFilterChain.doFilter(ApplicationFilterChain.java:166)
	at org.springframework.web.filter.CharacterEncodingFilter.doFilterInternal(CharacterEncodingFilter.java:197)
	at org.springframework.web.filter.OncePerRequestFilter.doFilter(OncePerRequestFilter.java:107)
	at org.apache.catalina.core.ApplicationFilterChain.internalDoFilter(ApplicationFilterChain.java:193)
	at org.apache.catalina.core.ApplicationFilterChain.doFilter(ApplicationFilterChain.java:166)
	at org.apache.catalina.core.StandardWrapperValve.invoke(StandardWrapperValve.java:198)
	at org.apache.catalina.core.StandardContextValve.invoke(StandardContextValve.java:96)
	at org.apache.catalina.authenticator.AuthenticatorBase.invoke(AuthenticatorBase.java:478)
	at org.apache.catalina.core.StandardHostValve.invoke(StandardHostValve.java:140)
	at org.apache.catalina.valves.ErrorReportValve.invoke(ErrorReportValve.java:80)
	at org.apache.catalina.core.StandardEngineValve.invoke(StandardEngineValve.java:87)
	at org.apache.catalina.connector.CoyoteAdapter.service(CoyoteAdapter.java:342)
	at org.apache.coyote.http11.Http11Processor.service(Http11Processor.java:799)
	at org.apache.coyote.AbstractProcessorLight.process(AbstractProcessorLight.java:66)
	at org.apache.coyote.AbstractProtocol$ConnectionHandler.process(AbstractProtocol.java:861)
	at org.apache.tomcat.util.net.NioEndpoint$SocketProcessor.doRun(NioEndpoint.java:1455)
	at org.apache.tomcat.util.net.SocketProcessorBase.run(SocketProcessorBase.java:49)
	at java.util.concurrent.ThreadPoolExecutor.runWorker(Unknown Source)
	at java.util.concurrent.ThreadPoolExecutor$Worker.run(Unknown Source)
	at org.apache.tomcat.util.threads.TaskThread$WrappingRunnable.run(TaskThread.java:61)
	at java.lang.Thread.run(Unknown Source)
09:07:31.953 [http-nio-8080-exec-7] ERROR o.a.c.c.C.[.[.[.[dispatcherServlet] - Servlet.service() for servlet [dispatcherServlet] in context with path [] threw exception [Request processing failed; nested exception is java.lang.NullPointerException] with root cause 
java.lang.NullPointerException: null
	at src.main.utweb.controller.LoginController.doSignIn(LoginController.java:76)
	at sun.reflect.GeneratedMethodAccessor764.invoke(Unknown Source)
	at sun.reflect.DelegatingMethodAccessorImpl.invoke(Unknown Source)
	at java.lang.reflect.Method.invoke(Unknown Source)
	at org.springframework.web.method.support.InvocableHandlerMethod.doInvoke(InvocableHandlerMethod.java:205)
	at org.springframework.web.method.support.InvocableHandlerMethod.invokeForRequest(InvocableHandlerMethod.java:133)
	at org.springframework.web.servlet.mvc.method.annotation.ServletInvocableHandlerMethod.invokeAndHandle(ServletInvocableHandlerMethod.java:97)
	at org.springframework.web.servlet.mvc.method.annotation.RequestMappingHandlerAdapter.invokeHandlerMethod(RequestMappingHandlerAdapter.java:827)
	at org.springframework.web.servlet.mvc.method.annotation.RequestMappingHandlerAdapter.handleInternal(RequestMappingHandlerAdapter.java:738)
	at org.springframework.web.servlet.mvc.method.AbstractHandlerMethodAdapter.handle(AbstractHandlerMethodAdapter.java:85)
	at org.springframework.web.servlet.DispatcherServlet.doDispatch(DispatcherServlet.java:963)
	at org.springframework.web.servlet.DispatcherServlet.doService(DispatcherServlet.java:897)
	at org.springframework.web.servlet.FrameworkServlet.processRequest(FrameworkServlet.java:970)
	at org.springframework.web.servlet.FrameworkServlet.doPost(FrameworkServlet.java:872)
	at javax.servlet.http.HttpServlet.service(HttpServlet.java:661)
	at org.springframework.web.servlet.FrameworkServlet.service(FrameworkServlet.java:846)
	at javax.servlet.http.HttpServlet.service(HttpServlet.java:742)
	at org.apache.catalina.core.ApplicationFilterChain.internalDoFilter(ApplicationFilterChain.java:231)
	at org.apache.catalina.core.ApplicationFilterChain.doFilter(ApplicationFilterChain.java:166)
	at org.apache.tomcat.websocket.server.WsFilter.doFilter(WsFilter.java:52)
	at org.apache.catalina.core.ApplicationFilterChain.internalDoFilter(ApplicationFilterChain.java:193)
	at org.apache.catalina.core.ApplicationFilterChain.doFilter(ApplicationFilterChain.java:166)
	at org.springframework.web.filter.RequestContextFilter.doFilterInternal(RequestContextFilter.java:99)
	at org.springframework.web.filter.OncePerRequestFilter.doFilter(OncePerRequestFilter.java:107)
	at org.apache.catalina.core.ApplicationFilterChain.internalDoFilter(ApplicationFilterChain.java:193)
	at org.apache.catalina.core.ApplicationFilterChain.doFilter(ApplicationFilterChain.java:166)
	at org.springframework.web.filter.HttpPutFormContentFilter.doFilterInternal(HttpPutFormContentFilter.java:105)
	at org.springframework.web.filter.OncePerRequestFilter.doFilter(OncePerRequestFilter.java:107)
	at org.apache.catalina.core.ApplicationFilterChain.internalDoFilter(ApplicationFilterChain.java:193)
	at org.apache.catalina.core.ApplicationFilterChain.doFilter(ApplicationFilterChain.java:166)
	at org.springframework.web.filter.HiddenHttpMethodFilter.doFilterInternal(HiddenHttpMethodFilter.java:81)
	at org.springframework.web.filter.OncePerRequestFilter.doFilter(OncePerRequestFilter.java:107)
	at org.apache.catalina.core.ApplicationFilterChain.internalDoFilter(ApplicationFilterChain.java:193)
	at org.apache.catalina.core.ApplicationFilterChain.doFilter(ApplicationFilterChain.java:166)
	at org.springframework.web.filter.CharacterEncodingFilter.doFilterInternal(CharacterEncodingFilter.java:197)
	at org.springframework.web.filter.OncePerRequestFilter.doFilter(OncePerRequestFilter.java:107)
	at org.apache.catalina.core.ApplicationFilterChain.internalDoFilter(ApplicationFilterChain.java:193)
	at org.apache.catalina.core.ApplicationFilterChain.doFilter(ApplicationFilterChain.java:166)
	at org.apache.catalina.core.StandardWrapperValve.invoke(StandardWrapperValve.java:198)
	at org.apache.catalina.core.StandardContextValve.invoke(StandardContextValve.java:96)
	at org.apache.catalina.authenticator.AuthenticatorBase.invoke(AuthenticatorBase.java:478)
	at org.apache.catalina.core.StandardHostValve.invoke(StandardHostValve.java:140)
	at org.apache.catalina.valves.ErrorReportValve.invoke(ErrorReportValve.java:80)
	at org.apache.catalina.core.StandardEngineValve.invoke(StandardEngineValve.java:87)
	at org.apache.catalina.connector.CoyoteAdapter.service(CoyoteAdapter.java:342)
	at org.apache.coyote.http11.Http11Processor.service(Http11Processor.java:799)
	at org.apache.coyote.AbstractProcessorLight.process(AbstractProcessorLight.java:66)
	at org.apache.coyote.AbstractProtocol$ConnectionHandler.process(AbstractProtocol.java:861)
	at org.apache.tomcat.util.net.NioEndpoint$SocketProcessor.doRun(NioEndpoint.java:1455)
	at org.apache.tomcat.util.net.SocketProcessorBase.run(SocketProcessorBase.java:49)
	at java.util.concurrent.ThreadPoolExecutor.runWorker(Unknown Source)
	at java.util.concurrent.ThreadPoolExecutor$Worker.run(Unknown Source)
	at org.apache.tomcat.util.threads.TaskThread$WrappingRunnable.run(TaskThread.java:61)
	at java.lang.Thread.run(Unknown Source)
09:07:35.429 [http-nio-8080-exec-8] ERROR o.a.c.c.C.[.[.[.[dispatcherServlet] - Servlet.service() for servlet [dispatcherServlet] in context with path [] threw exception [Request processing failed; nested exception is java.lang.NullPointerException] with root cause 
java.lang.NullPointerException: null
	at src.main.utweb.controller.LoginController.doSignIn(LoginController.java:76)
	at sun.reflect.GeneratedMethodAccessor764.invoke(Unknown Source)
	at sun.reflect.DelegatingMethodAccessorImpl.invoke(Unknown Source)
	at java.lang.reflect.Method.invoke(Unknown Source)
	at org.springframework.web.method.support.InvocableHandlerMethod.doInvoke(InvocableHandlerMethod.java:205)
	at org.springframework.web.method.support.InvocableHandlerMethod.invokeForRequest(InvocableHandlerMethod.java:133)
	at org.springframework.web.servlet.mvc.method.annotation.ServletInvocableHandlerMethod.invokeAndHandle(ServletInvocableHandlerMethod.java:97)
	at org.springframework.web.servlet.mvc.method.annotation.RequestMappingHandlerAdapter.invokeHandlerMethod(RequestMappingHandlerAdapter.java:827)
	at org.springframework.web.servlet.mvc.method.annotation.RequestMappingHandlerAdapter.handleInternal(RequestMappingHandlerAdapter.java:738)
	at org.springframework.web.servlet.mvc.method.AbstractHandlerMethodAdapter.handle(AbstractHandlerMethodAdapter.java:85)
	at org.springframework.web.servlet.DispatcherServlet.doDispatch(DispatcherServlet.java:963)
	at org.springframework.web.servlet.DispatcherServlet.doService(DispatcherServlet.java:897)
	at org.springframework.web.servlet.FrameworkServlet.processRequest(FrameworkServlet.java:970)
	at org.springframework.web.servlet.FrameworkServlet.doPost(FrameworkServlet.java:872)
	at javax.servlet.http.HttpServlet.service(HttpServlet.java:661)
	at org.springframework.web.servlet.FrameworkServlet.service(FrameworkServlet.java:846)
	at javax.servlet.http.HttpServlet.service(HttpServlet.java:742)
	at org.apache.catalina.core.ApplicationFilterChain.internalDoFilter(ApplicationFilterChain.java:231)
	at org.apache.catalina.core.ApplicationFilterChain.doFilter(ApplicationFilterChain.java:166)
	at org.apache.tomcat.websocket.server.WsFilter.doFilter(WsFilter.java:52)
	at org.apache.catalina.core.ApplicationFilterChain.internalDoFilter(ApplicationFilterChain.java:193)
	at org.apache.catalina.core.ApplicationFilterChain.doFilter(ApplicationFilterChain.java:166)
	at org.springframework.web.filter.RequestContextFilter.doFilterInternal(RequestContextFilter.java:99)
	at org.springframework.web.filter.OncePerRequestFilter.doFilter(OncePerRequestFilter.java:107)
	at org.apache.catalina.core.ApplicationFilterChain.internalDoFilter(ApplicationFilterChain.java:193)
	at org.apache.catalina.core.ApplicationFilterChain.doFilter(ApplicationFilterChain.java:166)
	at org.springframework.web.filter.HttpPutFormContentFilter.doFilterInternal(HttpPutFormContentFilter.java:105)
	at org.springframework.web.filter.OncePerRequestFilter.doFilter(OncePerRequestFilter.java:107)
	at org.apache.catalina.core.ApplicationFilterChain.internalDoFilter(ApplicationFilterChain.java:193)
	at org.apache.catalina.core.ApplicationFilterChain.doFilter(ApplicationFilterChain.java:166)
	at org.springframework.web.filter.HiddenHttpMethodFilter.doFilterInternal(HiddenHttpMethodFilter.java:81)
	at org.springframework.web.filter.OncePerRequestFilter.doFilter(OncePerRequestFilter.java:107)
	at org.apache.catalina.core.ApplicationFilterChain.internalDoFilter(ApplicationFilterChain.java:193)
	at org.apache.catalina.core.ApplicationFilterChain.doFilter(ApplicationFilterChain.java:166)
	at org.springframework.web.filter.CharacterEncodingFilter.doFilterInternal(CharacterEncodingFilter.java:197)
	at org.springframework.web.filter.OncePerRequestFilter.doFilter(OncePerRequestFilter.java:107)
	at org.apache.catalina.core.ApplicationFilterChain.internalDoFilter(ApplicationFilterChain.java:193)
	at org.apache.catalina.core.ApplicationFilterChain.doFilter(ApplicationFilterChain.java:166)
	at org.apache.catalina.core.StandardWrapperValve.invoke(StandardWrapperValve.java:198)
	at org.apache.catalina.core.StandardContextValve.invoke(StandardContextValve.java:96)
	at org.apache.catalina.authenticator.AuthenticatorBase.invoke(AuthenticatorBase.java:478)
	at org.apache.catalina.core.StandardHostValve.invoke(StandardHostValve.java:140)
	at org.apache.catalina.valves.ErrorReportValve.invoke(ErrorReportValve.java:80)
	at org.apache.catalina.core.StandardEngineValve.invoke(StandardEngineValve.java:87)
	at org.apache.catalina.connector.CoyoteAdapter.service(CoyoteAdapter.java:342)
	at org.apache.coyote.http11.Http11Processor.service(Http11Processor.java:799)
	at org.apache.coyote.AbstractProcessorLight.process(AbstractProcessorLight.java:66)
	at org.apache.coyote.AbstractProtocol$ConnectionHandler.process(AbstractProtocol.java:861)
	at org.apache.tomcat.util.net.NioEndpoint$SocketProcessor.doRun(NioEndpoint.java:1455)
	at org.apache.tomcat.util.net.SocketProcessorBase.run(SocketProcessorBase.java:49)
	at java.util.concurrent.ThreadPoolExecutor.runWorker(Unknown Source)
	at java.util.concurrent.ThreadPoolExecutor$Worker.run(Unknown Source)
	at org.apache.tomcat.util.threads.TaskThread$WrappingRunnable.run(TaskThread.java:61)
	at java.lang.Thread.run(Unknown Source)
09:07:35.813 [http-nio-8080-exec-4] ERROR o.a.c.c.C.[.[.[.[dispatcherServlet] - Servlet.service() for servlet [dispatcherServlet] in context with path [] threw exception [Request processing failed; nested exception is java.lang.NullPointerException] with root cause 
java.lang.NullPointerException: null
	at src.main.utweb.controller.LoginController.doSignIn(LoginController.java:76)
	at sun.reflect.GeneratedMethodAccessor764.invoke(Unknown Source)
	at sun.reflect.DelegatingMethodAccessorImpl.invoke(Unknown Source)
	at java.lang.reflect.Method.invoke(Unknown Source)
	at org.springframework.web.method.support.InvocableHandlerMethod.doInvoke(InvocableHandlerMethod.java:205)
	at org.springframework.web.method.support.InvocableHandlerMethod.invokeForRequest(InvocableHandlerMethod.java:133)
	at org.springframework.web.servlet.mvc.method.annotation.ServletInvocableHandlerMethod.invokeAndHandle(ServletInvocableHandlerMethod.java:97)
	at org.springframework.web.servlet.mvc.method.annotation.RequestMappingHandlerAdapter.invokeHandlerMethod(RequestMappingHandlerAdapter.java:827)
	at org.springframework.web.servlet.mvc.method.annotation.RequestMappingHandlerAdapter.handleInternal(RequestMappingHandlerAdapter.java:738)
	at org.springframework.web.servlet.mvc.method.AbstractHandlerMethodAdapter.handle(AbstractHandlerMethodAdapter.java:85)
	at org.springframework.web.servlet.DispatcherServlet.doDispatch(DispatcherServlet.java:963)
	at org.springframework.web.servlet.DispatcherServlet.doService(DispatcherServlet.java:897)
	at org.springframework.web.servlet.FrameworkServlet.processRequest(FrameworkServlet.java:970)
	at org.springframework.web.servlet.FrameworkServlet.doPost(FrameworkServlet.java:872)
	at javax.servlet.http.HttpServlet.service(HttpServlet.java:661)
	at org.springframework.web.servlet.FrameworkServlet.service(FrameworkServlet.java:846)
	at javax.servlet.http.HttpServlet.service(HttpServlet.java:742)
	at org.apache.catalina.core.ApplicationFilterChain.internalDoFilter(ApplicationFilterChain.java:231)
	at org.apache.catalina.core.ApplicationFilterChain.doFilter(ApplicationFilterChain.java:166)
	at org.apache.tomcat.websocket.server.WsFilter.doFilter(WsFilter.java:52)
	at org.apache.catalina.core.ApplicationFilterChain.internalDoFilter(ApplicationFilterChain.java:193)
	at org.apache.catalina.core.ApplicationFilterChain.doFilter(ApplicationFilterChain.java:166)
	at org.springframework.web.filter.RequestContextFilter.doFilterInternal(RequestContextFilter.java:99)
	at org.springframework.web.filter.OncePerRequestFilter.doFilter(OncePerRequestFilter.java:107)
	at org.apache.catalina.core.ApplicationFilterChain.internalDoFilter(ApplicationFilterChain.java:193)
	at org.apache.catalina.core.ApplicationFilterChain.doFilter(ApplicationFilterChain.java:166)
	at org.springframework.web.filter.HttpPutFormContentFilter.doFilterInternal(HttpPutFormContentFilter.java:105)
	at org.springframework.web.filter.OncePerRequestFilter.doFilter(OncePerRequestFilter.java:107)
	at org.apache.catalina.core.ApplicationFilterChain.internalDoFilter(ApplicationFilterChain.java:193)
	at org.apache.catalina.core.ApplicationFilterChain.doFilter(ApplicationFilterChain.java:166)
	at org.springframework.web.filter.HiddenHttpMethodFilter.doFilterInternal(HiddenHttpMethodFilter.java:81)
	at org.springframework.web.filter.OncePerRequestFilter.doFilter(OncePerRequestFilter.java:107)
	at org.apache.catalina.core.ApplicationFilterChain.internalDoFilter(ApplicationFilterChain.java:193)
	at org.apache.catalina.core.ApplicationFilterChain.doFilter(ApplicationFilterChain.java:166)
	at org.springframework.web.filter.CharacterEncodingFilter.doFilterInternal(CharacterEncodingFilter.java:197)
	at org.springframework.web.filter.OncePerRequestFilter.doFilter(OncePerRequestFilter.java:107)
	at org.apache.catalina.core.ApplicationFilterChain.internalDoFilter(ApplicationFilterChain.java:193)
	at org.apache.catalina.core.ApplicationFilterChain.doFilter(ApplicationFilterChain.java:166)
	at org.apache.catalina.core.StandardWrapperValve.invoke(StandardWrapperValve.java:198)
	at org.apache.catalina.core.StandardContextValve.invoke(StandardContextValve.java:96)
	at org.apache.catalina.authenticator.AuthenticatorBase.invoke(AuthenticatorBase.java:478)
	at org.apache.catalina.core.StandardHostValve.invoke(StandardHostValve.java:140)
	at org.apache.catalina.valves.ErrorReportValve.invoke(ErrorReportValve.java:80)
	at org.apache.catalina.core.StandardEngineValve.invoke(StandardEngineValve.java:87)
	at org.apache.catalina.connector.CoyoteAdapter.service(CoyoteAdapter.java:342)
	at org.apache.coyote.http11.Http11Processor.service(Http11Processor.java:799)
	at org.apache.coyote.AbstractProcessorLight.process(AbstractProcessorLight.java:66)
	at org.apache.coyote.AbstractProtocol$ConnectionHandler.process(AbstractProtocol.java:861)
	at org.apache.tomcat.util.net.NioEndpoint$SocketProcessor.doRun(NioEndpoint.java:1455)
	at org.apache.tomcat.util.net.SocketProcessorBase.run(SocketProcessorBase.java:49)
	at java.util.concurrent.ThreadPoolExecutor.runWorker(Unknown Source)
	at java.util.concurrent.ThreadPoolExecutor$Worker.run(Unknown Source)
	at org.apache.tomcat.util.threads.TaskThread$WrappingRunnable.run(TaskThread.java:61)
	at java.lang.Thread.run(Unknown Source)
09:07:36.157 [http-nio-8080-exec-2] ERROR o.a.c.c.C.[.[.[.[dispatcherServlet] - Servlet.service() for servlet [dispatcherServlet] in context with path [] threw exception [Request processing failed; nested exception is java.lang.NullPointerException] with root cause 
java.lang.NullPointerException: null
	at src.main.utweb.controller.LoginController.doSignIn(LoginController.java:76)
	at sun.reflect.GeneratedMethodAccessor764.invoke(Unknown Source)
	at sun.reflect.DelegatingMethodAccessorImpl.invoke(Unknown Source)
	at java.lang.reflect.Method.invoke(Unknown Source)
	at org.springframework.web.method.support.InvocableHandlerMethod.doInvoke(InvocableHandlerMethod.java:205)
	at org.springframework.web.method.support.InvocableHandlerMethod.invokeForRequest(InvocableHandlerMethod.java:133)
	at org.springframework.web.servlet.mvc.method.annotation.ServletInvocableHandlerMethod.invokeAndHandle(ServletInvocableHandlerMethod.java:97)
	at org.springframework.web.servlet.mvc.method.annotation.RequestMappingHandlerAdapter.invokeHandlerMethod(RequestMappingHandlerAdapter.java:827)
	at org.springframework.web.servlet.mvc.method.annotation.RequestMappingHandlerAdapter.handleInternal(RequestMappingHandlerAdapter.java:738)
	at org.springframework.web.servlet.mvc.method.AbstractHandlerMethodAdapter.handle(AbstractHandlerMethodAdapter.java:85)
	at org.springframework.web.servlet.DispatcherServlet.doDispatch(DispatcherServlet.java:963)
	at org.springframework.web.servlet.DispatcherServlet.doService(DispatcherServlet.java:897)
	at org.springframework.web.servlet.FrameworkServlet.processRequest(FrameworkServlet.java:970)
	at org.springframework.web.servlet.FrameworkServlet.doPost(FrameworkServlet.java:872)
	at javax.servlet.http.HttpServlet.service(HttpServlet.java:661)
	at org.springframework.web.servlet.FrameworkServlet.service(FrameworkServlet.java:846)
	at javax.servlet.http.HttpServlet.service(HttpServlet.java:742)
	at org.apache.catalina.core.ApplicationFilterChain.internalDoFilter(ApplicationFilterChain.java:231)
	at org.apache.catalina.core.ApplicationFilterChain.doFilter(ApplicationFilterChain.java:166)
	at org.apache.tomcat.websocket.server.WsFilter.doFilter(WsFilter.java:52)
	at org.apache.catalina.core.ApplicationFilterChain.internalDoFilter(ApplicationFilterChain.java:193)
	at org.apache.catalina.core.ApplicationFilterChain.doFilter(ApplicationFilterChain.java:166)
	at org.springframework.web.filter.RequestContextFilter.doFilterInternal(RequestContextFilter.java:99)
	at org.springframework.web.filter.OncePerRequestFilter.doFilter(OncePerRequestFilter.java:107)
	at org.apache.catalina.core.ApplicationFilterChain.internalDoFilter(ApplicationFilterChain.java:193)
	at org.apache.catalina.core.ApplicationFilterChain.doFilter(ApplicationFilterChain.java:166)
	at org.springframework.web.filter.HttpPutFormContentFilter.doFilterInternal(HttpPutFormContentFilter.java:105)
	at org.springframework.web.filter.OncePerRequestFilter.doFilter(OncePerRequestFilter.java:107)
	at org.apache.catalina.core.ApplicationFilterChain.internalDoFilter(ApplicationFilterChain.java:193)
	at org.apache.catalina.core.ApplicationFilterChain.doFilter(ApplicationFilterChain.java:166)
	at org.springframework.web.filter.HiddenHttpMethodFilter.doFilterInternal(HiddenHttpMethodFilter.java:81)
	at org.springframework.web.filter.OncePerRequestFilter.doFilter(OncePerRequestFilter.java:107)
	at org.apache.catalina.core.ApplicationFilterChain.internalDoFilter(ApplicationFilterChain.java:193)
	at org.apache.catalina.core.ApplicationFilterChain.doFilter(ApplicationFilterChain.java:166)
	at org.springframework.web.filter.CharacterEncodingFilter.doFilterInternal(CharacterEncodingFilter.java:197)
	at org.springframework.web.filter.OncePerRequestFilter.doFilter(OncePerRequestFilter.java:107)
	at org.apache.catalina.core.ApplicationFilterChain.internalDoFilter(ApplicationFilterChain.java:193)
	at org.apache.catalina.core.ApplicationFilterChain.doFilter(ApplicationFilterChain.java:166)
	at org.apache.catalina.core.StandardWrapperValve.invoke(StandardWrapperValve.java:198)
	at org.apache.catalina.core.StandardContextValve.invoke(StandardContextValve.java:96)
	at org.apache.catalina.authenticator.AuthenticatorBase.invoke(AuthenticatorBase.java:478)
	at org.apache.catalina.core.StandardHostValve.invoke(StandardHostValve.java:140)
	at org.apache.catalina.valves.ErrorReportValve.invoke(ErrorReportValve.java:80)
	at org.apache.catalina.core.StandardEngineValve.invoke(StandardEngineValve.java:87)
	at org.apache.catalina.connector.CoyoteAdapter.service(CoyoteAdapter.java:342)
	at org.apache.coyote.http11.Http11Processor.service(Http11Processor.java:799)
	at org.apache.coyote.AbstractProcessorLight.process(AbstractProcessorLight.java:66)
	at org.apache.coyote.AbstractProtocol$ConnectionHandler.process(AbstractProtocol.java:861)
	at org.apache.tomcat.util.net.NioEndpoint$SocketProcessor.doRun(NioEndpoint.java:1455)
	at org.apache.tomcat.util.net.SocketProcessorBase.run(SocketProcessorBase.java:49)
	at java.util.concurrent.ThreadPoolExecutor.runWorker(Unknown Source)
	at java.util.concurrent.ThreadPoolExecutor$Worker.run(Unknown Source)
	at org.apache.tomcat.util.threads.TaskThread$WrappingRunnable.run(TaskThread.java:61)
	at java.lang.Thread.run(Unknown Source)
09:08:05.465 [http-nio-8080-exec-10] INFO  s.m.u.c.personalCenterController - ==========getUserInfoByLoginName_start====== 
09:08:05.466 [http-nio-8080-exec-10] INFO  s.m.u.c.personalCenterController - ==========getUserInfoByLoginName_end====== 
09:08:05.480 [http-nio-8080-exec-7] INFO  s.m.u.c.personalCenterController - ==========getPersonalSubject_start====== 
09:08:05.481 [http-nio-8080-exec-7] INFO  s.m.u.c.personalCenterController - ==========getPersonalSubject_end====== 
09:08:05.489 [http-nio-8080-exec-8] INFO  s.m.u.c.personalCenterController - ==========getPersonalSubject_start====== 
09:08:05.500 [http-nio-8080-exec-8] INFO  s.m.u.c.personalCenterController - ==========getPersonalSubject_end====== 
09:08:40.059 [http-nio-8080-exec-2] INFO  s.m.u.c.personalCenterController - ==========getPersonalSubject_start====== 
09:08:40.061 [http-nio-8080-exec-2] INFO  s.m.u.c.personalCenterController - ==========getPersonalSubject_end====== 
09:08:40.068 [http-nio-8080-exec-8] INFO  s.m.u.c.personalCenterController - ==========getPersonalSubject_start====== 
09:08:40.073 [http-nio-8080-exec-8] INFO  s.m.u.c.personalCenterController - ==========getPersonalSubject_end====== 
09:44:23.470 [http-nio-8080-exec-6] INFO  s.m.u.c.SubjectContentController - 主题内容页面加载 
09:44:23.846 [http-nio-8080-exec-4] INFO  s.m.u.c.SubjectContentController - ==========getSubjectInfo_start====== 
09:44:23.848 [http-nio-8080-exec-4] INFO  s.m.u.c.SubjectContentController - ==========getSubjectInfo_end====== 
09:44:23.857 [http-nio-8080-exec-5] INFO  s.m.u.c.SubjectContentController - ==========getReplyInfo_start====== 
09:44:23.861 [http-nio-8080-exec-5] INFO  s.m.u.c.SubjectContentController - ==========getReplyInfo_end====== 
09:50:19.838 [http-nio-8080-exec-1] INFO  s.m.u.c.personalCenterController - ==========getUserInfoByLoginName_start====== 
09:50:19.839 [http-nio-8080-exec-1] INFO  s.m.u.c.personalCenterController - ==========getUserInfoByLoginName_end====== 
09:50:19.849 [http-nio-8080-exec-7] INFO  s.m.u.c.personalCenterController - ==========getPersonalSubject_start====== 
09:50:19.851 [http-nio-8080-exec-7] INFO  s.m.u.c.personalCenterController - ==========getPersonalSubject_end====== 
09:50:19.857 [http-nio-8080-exec-2] INFO  s.m.u.c.personalCenterController - ==========getPersonalSubject_start====== 
09:50:19.862 [http-nio-8080-exec-2] INFO  s.m.u.c.personalCenterController - ==========getPersonalSubject_end====== 
09:51:35.287 [http-nio-8080-exec-8] INFO  s.m.u.c.personalCenterController - ==========getUserInfoByLoginName_start====== 
09:51:35.288 [http-nio-8080-exec-8] INFO  s.m.u.c.personalCenterController - ==========getUserInfoByLoginName_end====== 
09:51:35.299 [http-nio-8080-exec-9] INFO  s.m.u.c.personalCenterController - ==========getPersonalSubject_start====== 
09:51:35.300 [http-nio-8080-exec-9] INFO  s.m.u.c.personalCenterController - ==========getPersonalSubject_end====== 
09:52:10.323 [http-nio-8080-exec-2] INFO  s.m.u.c.personalCenterController - ==========getPersonalSubject_start====== 
09:52:10.330 [http-nio-8080-exec-2] INFO  s.m.u.c.personalCenterController - ==========getPersonalSubject_end====== 
09:52:30.388 [http-nio-8080-exec-4] INFO  s.m.u.c.personalCenterController - ==========getUserInfoByLoginName_start====== 
09:52:30.389 [http-nio-8080-exec-4] INFO  s.m.u.c.personalCenterController - ==========getUserInfoByLoginName_end====== 
09:52:30.399 [http-nio-8080-exec-3] INFO  s.m.u.c.personalCenterController - ==========getPersonalSubject_start====== 
09:52:30.400 [http-nio-8080-exec-3] INFO  s.m.u.c.personalCenterController - ==========getPersonalSubject_end====== 
09:52:30.408 [http-nio-8080-exec-10] INFO  s.m.u.c.personalCenterController - ==========getPersonalSubject_start====== 
09:52:30.412 [http-nio-8080-exec-10] INFO  s.m.u.c.personalCenterController - ==========getPersonalSubject_end====== 
09:52:37.110 [http-nio-8080-exec-9] INFO  s.m.u.c.personalCenterController - ==========getPersonalSubject_start====== 
09:52:37.112 [http-nio-8080-exec-9] INFO  s.m.u.c.personalCenterController - ==========getPersonalSubject_end====== 
09:52:37.127 [http-nio-8080-exec-5] INFO  s.m.u.c.personalCenterController - ==========getPersonalSubject_start====== 
09:52:37.136 [http-nio-8080-exec-5] INFO  s.m.u.c.personalCenterController - ==========getPersonalSubject_end====== 
09:55:10.329 [http-nio-8080-exec-4] INFO  s.m.u.c.personalCenterController - ==========getPersonalSubject_start====== 
09:55:10.330 [http-nio-8080-exec-4] INFO  s.m.u.c.personalCenterController - ==========getPersonalSubject_end====== 
09:55:10.342 [http-nio-8080-exec-1] INFO  s.m.u.c.personalCenterController - ==========getPersonalSubject_start====== 
09:55:10.350 [http-nio-8080-exec-1] INFO  s.m.u.c.personalCenterController - ==========getPersonalSubject_end====== 
09:55:20.160 [http-nio-8080-exec-7] INFO  s.m.u.c.personalCenterController - ==========getPersonalSubject_start====== 
09:55:20.163 [http-nio-8080-exec-7] INFO  s.m.u.c.personalCenterController - ==========getPersonalSubject_end====== 
09:55:20.175 [http-nio-8080-exec-4] INFO  s.m.u.c.personalCenterController - ==========getPersonalSubject_start====== 
09:55:20.184 [http-nio-8080-exec-4] INFO  s.m.u.c.personalCenterController - ==========getPersonalSubject_end====== 
09:55:33.987 [http-nio-8080-exec-1] INFO  s.m.u.c.personalCenterController - ==========getPersonalSubject_start====== 
09:55:33.989 [http-nio-8080-exec-1] INFO  s.m.u.c.personalCenterController - ==========getPersonalSubject_end====== 
09:55:34.000 [http-nio-8080-exec-5] INFO  s.m.u.c.personalCenterController - ==========getPersonalSubject_start====== 
09:55:34.009 [http-nio-8080-exec-5] INFO  s.m.u.c.personalCenterController - ==========getPersonalSubject_end====== 
09:55:47.816 [http-nio-8080-exec-10] INFO  s.m.u.c.personalCenterController - ==========getPersonalSubject_start====== 
09:55:47.817 [http-nio-8080-exec-10] INFO  s.m.u.c.personalCenterController - ==========getPersonalSubject_end====== 
09:55:47.828 [http-nio-8080-exec-8] INFO  s.m.u.c.personalCenterController - ==========getPersonalSubject_start====== 
09:55:47.837 [http-nio-8080-exec-8] INFO  s.m.u.c.personalCenterController - ==========getPersonalSubject_end====== 
09:56:43.098 [http-nio-8080-exec-4] INFO  s.m.u.c.personalCenterController - ==========getPersonalSubject_start====== 
09:56:43.099 [http-nio-8080-exec-4] INFO  s.m.u.c.personalCenterController - ==========getPersonalSubject_end====== 
09:56:43.125 [http-nio-8080-exec-8] INFO  s.m.u.c.personalCenterController - ==========getPersonalSubject_start====== 
09:56:43.135 [http-nio-8080-exec-8] INFO  s.m.u.c.personalCenterController - ==========getPersonalSubject_end====== 
09:57:19.721 [http-nio-8080-exec-6] INFO  s.m.u.c.personalCenterController - ==========getPersonalSubject_start====== 
09:57:19.723 [http-nio-8080-exec-6] INFO  s.m.u.c.personalCenterController - ==========getPersonalSubject_end====== 
09:57:19.739 [http-nio-8080-exec-9] INFO  s.m.u.c.personalCenterController - ==========getPersonalSubject_start====== 
09:57:19.748 [http-nio-8080-exec-9] INFO  s.m.u.c.personalCenterController - ==========getPersonalSubject_end====== 
09:58:20.609 [http-nio-8080-exec-10] INFO  s.m.u.c.personalCenterController - ==========getPersonalSubject_start====== 
09:58:20.611 [http-nio-8080-exec-10] INFO  s.m.u.c.personalCenterController - ==========getPersonalSubject_end====== 
09:58:20.626 [http-nio-8080-exec-3] INFO  s.m.u.c.personalCenterController - ==========getPersonalSubject_start====== 
09:58:20.635 [http-nio-8080-exec-3] INFO  s.m.u.c.personalCenterController - ==========getPersonalSubject_end====== 
09:59:07.349 [http-nio-8080-exec-1] INFO  s.m.u.c.personalCenterController - ==========getPersonalSubject_start====== 
09:59:07.350 [http-nio-8080-exec-1] INFO  s.m.u.c.personalCenterController - ==========getPersonalSubject_end====== 
09:59:10.467 [http-nio-8080-exec-2] INFO  s.m.u.c.personalCenterController - ==========getPersonalSubject_start====== 
09:59:10.476 [http-nio-8080-exec-2] INFO  s.m.u.c.personalCenterController - ==========getPersonalSubject_end====== 
10:02:25.414 [http-nio-8080-exec-7] INFO  s.m.u.c.personalCenterController - ==========getPersonalSubject_start====== 
10:02:25.416 [http-nio-8080-exec-7] INFO  s.m.u.c.personalCenterController - ==========getPersonalSubject_end====== 
10:02:26.811 [http-nio-8080-exec-2] INFO  s.m.u.c.personalCenterController - ==========getPersonalSubject_start====== 
10:02:26.821 [http-nio-8080-exec-2] INFO  s.m.u.c.personalCenterController - ==========getPersonalSubject_end====== 
10:03:25.221 [http-nio-8080-exec-1] INFO  s.m.u.c.SubjectContentController - 主题内容页面加载 
10:03:25.544 [http-nio-8080-exec-7] INFO  s.m.u.c.SubjectContentController - ==========getSubjectInfo_start====== 
10:03:25.545 [http-nio-8080-exec-7] INFO  s.m.u.c.SubjectContentController - ==========getSubjectInfo_end====== 
10:03:25.553 [http-nio-8080-exec-1] INFO  s.m.u.c.SubjectContentController - ==========getReplyInfo_start====== 
10:03:25.555 [http-nio-8080-exec-1] INFO  s.m.u.c.SubjectContentController - ==========getReplyInfo_end====== 
10:03:39.922 [http-nio-8080-exec-8] INFO  s.m.u.c.SubjectContentController - 主题内容页面加载 
10:03:40.334 [http-nio-8080-exec-9] INFO  s.m.u.c.SubjectContentController - ==========getSubjectInfo_start====== 
10:03:40.335 [http-nio-8080-exec-9] INFO  s.m.u.c.SubjectContentController - ==========getSubjectInfo_end====== 
10:03:40.342 [http-nio-8080-exec-10] INFO  s.m.u.c.SubjectContentController - ==========getReplyInfo_start====== 
10:03:40.346 [http-nio-8080-exec-10] INFO  s.m.u.c.SubjectContentController - ==========getReplyInfo_end====== 
10:04:29.466 [http-nio-8080-exec-6] INFO  s.m.u.c.SubjectContentController - 主题内容页面加载 
10:04:29.832 [http-nio-8080-exec-8] INFO  s.m.u.c.SubjectContentController - ==========getSubjectInfo_start====== 
10:04:29.833 [http-nio-8080-exec-8] INFO  s.m.u.c.SubjectContentController - ==========getSubjectInfo_end====== 
10:04:29.846 [http-nio-8080-exec-4] INFO  s.m.u.c.SubjectContentController - ==========getReplyInfo_start====== 
10:04:29.852 [http-nio-8080-exec-4] INFO  s.m.u.c.SubjectContentController - ==========getReplyInfo_end====== 
10:05:02.630 [http-nio-8080-exec-3] INFO  s.m.u.c.SubjectContentController - 主题内容页面加载 
10:05:02.958 [http-nio-8080-exec-3] INFO  s.m.u.c.SubjectContentController - ==========getSubjectInfo_start====== 
10:05:02.959 [http-nio-8080-exec-3] INFO  s.m.u.c.SubjectContentController - ==========getSubjectInfo_end====== 
10:05:02.968 [http-nio-8080-exec-5] INFO  s.m.u.c.SubjectContentController - ==========getReplyInfo_start====== 
10:05:02.972 [http-nio-8080-exec-5] INFO  s.m.u.c.SubjectContentController - ==========getReplyInfo_end====== 
10:07:26.345 [http-nio-8080-exec-4] INFO  s.m.u.c.personalCenterController - ==========getPersonalSubject_start====== 
10:07:26.347 [http-nio-8080-exec-4] INFO  s.m.u.c.personalCenterController - ==========getPersonalSubject_end====== 
10:07:26.360 [http-nio-8080-exec-1] INFO  s.m.u.c.personalCenterController - ==========getPersonalSubject_start====== 
10:07:26.370 [http-nio-8080-exec-1] INFO  s.m.u.c.personalCenterController - ==========getPersonalSubject_end====== 
10:09:26.762 [http-nio-8080-exec-10] INFO  s.m.u.c.personalCenterController - ==========getUserInfoByLoginName_start====== 
10:09:26.763 [http-nio-8080-exec-10] INFO  s.m.u.c.personalCenterController - ==========getUserInfoByLoginName_end====== 
10:09:26.771 [http-nio-8080-exec-5] INFO  s.m.u.c.personalCenterController - ==========getPersonalSubject_start====== 
10:09:26.772 [http-nio-8080-exec-5] INFO  s.m.u.c.personalCenterController - ==========getPersonalSubject_end====== 
10:09:26.779 [http-nio-8080-exec-6] INFO  s.m.u.c.personalCenterController - ==========getPersonalSubject_start====== 
10:09:26.784 [http-nio-8080-exec-6] INFO  s.m.u.c.personalCenterController - ==========getPersonalSubject_end====== 
10:11:10.529 [http-nio-8080-exec-8] INFO  s.m.u.c.SubjectContentController - 主题内容页面加载 
10:11:10.943 [http-nio-8080-exec-7] INFO  s.m.u.c.SubjectContentController - ==========getSubjectInfo_start====== 
10:11:10.945 [http-nio-8080-exec-7] INFO  s.m.u.c.SubjectContentController - ==========getSubjectInfo_end====== 
10:11:10.952 [http-nio-8080-exec-4] INFO  s.m.u.c.SubjectContentController - ==========getReplyInfo_start====== 
10:11:10.955 [http-nio-8080-exec-4] INFO  s.m.u.c.SubjectContentController - ==========getReplyInfo_end====== 
10:17:09.654 [http-nio-8080-exec-8] INFO  s.m.u.c.SubjectContentController - 主题内容页面加载 
10:17:10.100 [http-nio-8080-exec-2] INFO  s.m.u.c.SubjectContentController - ==========getSubjectInfo_start====== 
10:17:10.101 [http-nio-8080-exec-2] INFO  s.m.u.c.SubjectContentController - ==========getSubjectInfo_end====== 
10:17:10.112 [http-nio-8080-exec-9] INFO  s.m.u.c.SubjectContentController - ==========getReplyInfo_start====== 
10:17:10.114 [http-nio-8080-exec-9] INFO  s.m.u.c.SubjectContentController - ==========getReplyInfo_end====== 
10:17:13.189 [http-nio-8080-exec-4] INFO  s.m.u.c.SubjectContentController - ==========addReplyContent_start====== 
10:17:13.315 [http-nio-8080-exec-4] INFO  s.m.u.c.SubjectContentController - ==========addReplyContent_end====== 
10:17:13.326 [http-nio-8080-exec-3] INFO  s.m.u.c.SubjectContentController - ==========getSubjectInfo_start====== 
10:17:13.328 [http-nio-8080-exec-3] INFO  s.m.u.c.SubjectContentController - ==========getSubjectInfo_end====== 
10:17:13.338 [http-nio-8080-exec-6] INFO  s.m.u.c.SubjectContentController - ==========getReplyInfo_start====== 
10:17:13.342 [http-nio-8080-exec-6] INFO  s.m.u.c.SubjectContentController - ==========getReplyInfo_end====== 
10:28:05.892 [http-nio-8080-exec-1] INFO  s.m.u.c.SubjectContentController - 主题内容页面加载 
10:28:06.354 [http-nio-8080-exec-1] INFO  s.m.u.c.SubjectContentController - ==========getSubjectInfo_start====== 
10:28:06.355 [http-nio-8080-exec-1] INFO  s.m.u.c.SubjectContentController - ==========getSubjectInfo_end====== 
10:28:06.363 [http-nio-8080-exec-6] INFO  s.m.u.c.SubjectContentController - ==========getReplyInfo_start====== 
10:28:06.365 [http-nio-8080-exec-6] INFO  s.m.u.c.SubjectContentController - ==========getReplyInfo_end====== 
10:41:55.066 [http-nio-8080-exec-7] INFO  s.m.u.c.personalCenterController - ==========getPersonalSubject_start====== 
10:41:55.068 [http-nio-8080-exec-7] INFO  s.m.u.c.personalCenterController - ==========getPersonalSubject_end====== 
10:44:35.649 [http-nio-8080-exec-8] INFO  s.m.u.c.personalCenterController - ==========getPersonalSubject_start====== 
10:44:35.663 [http-nio-8080-exec-8] INFO  s.m.u.c.personalCenterController - ==========getPersonalSubject_end====== 
10:44:36.452 [http-nio-8080-exec-7] INFO  s.m.u.c.personalCenterController - ==========getPersonalSubject_start====== 
10:44:36.453 [http-nio-8080-exec-7] INFO  s.m.u.c.personalCenterController - ==========getPersonalSubject_end====== 
10:44:36.469 [http-nio-8080-exec-3] INFO  s.m.u.c.personalCenterController - ==========getPersonalSubject_start====== 
10:44:36.478 [http-nio-8080-exec-3] INFO  s.m.u.c.personalCenterController - ==========getPersonalSubject_end====== 
11:05:25.187 [http-nio-8080-exec-6] INFO  s.m.u.c.SubjectContentController - 主题内容页面加载 
11:05:25.674 [http-nio-8080-exec-7] INFO  s.m.u.c.SubjectContentController - ==========getSubjectInfo_start====== 
11:05:25.676 [http-nio-8080-exec-7] INFO  s.m.u.c.SubjectContentController - ==========getSubjectInfo_end====== 
11:05:25.693 [http-nio-8080-exec-6] INFO  s.m.u.c.SubjectContentController - ==========getReplyInfo_start====== 
11:05:25.696 [http-nio-8080-exec-6] INFO  s.m.u.c.SubjectContentController - ==========getReplyInfo_end====== 
